/home/jannen/Documents/git/Robotics-Simulators/install/webots_sim/lib/python3.10/site-packages/webots_sim/__init__.py
/home/jannen/Documents/git/Robotics-Simulators/install/webots_sim/lib/python3.10/site-packages/webots_sim/featured_state_machine.py
/home/jannen/Documents/git/Robotics-Simulators/install/webots_sim/lib/python3.10/site-packages/webots_sim/obs_avoidance.py
/home/jannen/Documents/git/Robotics-Simulators/install/webots_sim/lib/python3.10/site-packages/webots_sim/path_planning.py
/home/jannen/Documents/git/Robotics-Simulators/install/webots_sim/lib/python3.10/site-packages/webots_sim/__pycache__/__init__.cpython-310.pyc
/home/jannen/Documents/git/Robotics-Simulators/install/webots_sim/lib/python3.10/site-packages/webots_sim/__pycache__/featured_state_machine.cpython-310.pyc
/home/jannen/Documents/git/Robotics-Simulators/install/webots_sim/lib/python3.10/site-packages/webots_sim/__pycache__/obs_avoidance.cpython-310.pyc
/home/jannen/Documents/git/Robotics-Simulators/install/webots_sim/lib/python3.10/site-packages/webots_sim/__pycache__/path_planning.cpython-310.pyc
/home/jannen/Documents/git/Robotics-Simulators/install/webots_sim/share/ament_index/resource_index/packages/webots_sim
/home/jannen/Documents/git/Robotics-Simulators/install/webots_sim/share/webots_sim/package.xml
/home/jannen/Documents/git/Robotics-Simulators/install/webots_sim/share/webots_sim/protos/Robile.proto
/home/jannen/Documents/git/Robotics-Simulators/install/webots_sim/share/webots_sim/protos/Rosbot.proto
/home/jannen/Documents/git/Robotics-Simulators/install/webots_sim/share/webots_sim/protos/meshes/cover.obj
/home/jannen/Documents/git/Robotics-Simulators/install/webots_sim/share/webots_sim/protos/meshes/black_ports.obj
/home/jannen/Documents/git/Robotics-Simulators/install/webots_sim/share/webots_sim/protos/meshes/proximity_sensors.obj
/home/jannen/Documents/git/Robotics-Simulators/install/webots_sim/share/webots_sim/protos/meshes/metallic_connections.obj
/home/jannen/Documents/git/Robotics-Simulators/install/webots_sim/share/webots_sim/protos/meshes/wheel_tire.obj
/home/jannen/Documents/git/Robotics-Simulators/install/webots_sim/share/webots_sim/protos/meshes/screw.obj
/home/jannen/Documents/git/Robotics-Simulators/install/webots_sim/share/webots_sim/protos/meshes/wheel_rim.obj
/home/jannen/Documents/git/Robotics-Simulators/install/webots_sim/share/webots_sim/protos/meshes/body.obj
/home/jannen/Documents/git/Robotics-Simulators/install/webots_sim/share/webots_sim/projects/Makefile
/home/jannen/Documents/git/Robotics-Simulators/install/webots_sim/share/webots_sim/projects/guided_tour.txt
/home/jannen/Documents/git/Robotics-Simulators/install/webots_sim/share/webots_sim/projects/.gitattributes
/home/jannen/Documents/git/Robotics-Simulators/install/webots_sim/share/webots_sim/projects/appearances/webots.yaml
/home/jannen/Documents/git/Robotics-Simulators/install/webots_sim/share/webots_sim/projects/appearances/protos/WireFence.proto
/home/jannen/Documents/git/Robotics-Simulators/install/webots_sim/share/webots_sim/projects/appearances/protos/Roughcast.proto
/home/jannen/Documents/git/Robotics-Simulators/install/webots_sim/share/webots_sim/projects/appearances/protos/PorcelainChevronTiles.proto
/home/jannen/Documents/git/Robotics-Simulators/install/webots_sim/share/webots_sim/projects/appearances/protos/RoughPolymer.proto
/home/jannen/Documents/git/Robotics-Simulators/install/webots_sim/share/webots_sim/projects/appearances/protos/OsbWood.proto
/home/jannen/Documents/git/Robotics-Simulators/install/webots_sim/share/webots_sim/projects/appearances/protos/Grass.proto
/home/jannen/Documents/git/Robotics-Simulators/install/webots_sim/share/webots_sim/projects/appearances/protos/RustyMetal.proto
/home/jannen/Documents/git/Robotics-Simulators/install/webots_sim/share/webots_sim/projects/appearances/protos/OldPlywood.proto
/home/jannen/Documents/git/Robotics-Simulators/install/webots_sim/share/webots_sim/projects/appearances/protos/CorrodedMetal.proto
/home/jannen/Documents/git/Robotics-Simulators/install/webots_sim/share/webots_sim/projects/appearances/protos/Marble.proto
/home/jannen/Documents/git/Robotics-Simulators/install/webots_sim/share/webots_sim/projects/appearances/protos/FormedConcrete.proto
/home/jannen/Documents/git/Robotics-Simulators/install/webots_sim/share/webots_sim/projects/appearances/protos/ElectricConduit.proto
/home/jannen/Documents/git/Robotics-Simulators/install/webots_sim/share/webots_sim/projects/appearances/protos/ScuffedPlastic.proto
/home/jannen/Documents/git/Robotics-Simulators/install/webots_sim/share/webots_sim/projects/appearances/protos/BakelitePlastic.proto
/home/jannen/Documents/git/Robotics-Simulators/install/webots_sim/share/webots_sim/projects/appearances/protos/RoughOak.proto
/home/jannen/Documents/git/Robotics-Simulators/install/webots_sim/share/webots_sim/projects/appearances/protos/GlossyPaint.proto
/home/jannen/Documents/git/Robotics-Simulators/install/webots_sim/share/webots_sim/projects/appearances/protos/BrushedAluminium.proto
/home/jannen/Documents/git/Robotics-Simulators/install/webots_sim/share/webots_sim/projects/appearances/protos/MattePaint.proto
/home/jannen/Documents/git/Robotics-Simulators/install/webots_sim/share/webots_sim/projects/appearances/protos/TireRubber.proto
/home/jannen/Documents/git/Robotics-Simulators/install/webots_sim/share/webots_sim/projects/appearances/protos/OldSteel.proto
/home/jannen/Documents/git/Robotics-Simulators/install/webots_sim/share/webots_sim/projects/appearances/protos/ShinyLeather.proto
/home/jannen/Documents/git/Robotics-Simulators/install/webots_sim/share/webots_sim/projects/appearances/protos/Parquetry.proto
/home/jannen/Documents/git/Robotics-Simulators/install/webots_sim/share/webots_sim/projects/appearances/protos/SquarePavement.proto
/home/jannen/Documents/git/Robotics-Simulators/install/webots_sim/share/webots_sim/projects/appearances/protos/SlatePavement.proto
/home/jannen/Documents/git/Robotics-Simulators/install/webots_sim/share/webots_sim/projects/appearances/protos/Pavement.proto
/home/jannen/Documents/git/Robotics-Simulators/install/webots_sim/share/webots_sim/projects/appearances/protos/SandyGround.proto
/home/jannen/Documents/git/Robotics-Simulators/install/webots_sim/share/webots_sim/projects/appearances/protos/DamascusSteel.proto
/home/jannen/Documents/git/Robotics-Simulators/install/webots_sim/share/webots_sim/projects/appearances/protos/Fabric.proto
/home/jannen/Documents/git/Robotics-Simulators/install/webots_sim/share/webots_sim/projects/appearances/protos/Leather.proto
/home/jannen/Documents/git/Robotics-Simulators/install/webots_sim/share/webots_sim/projects/appearances/protos/Cardboard.proto
/home/jannen/Documents/git/Robotics-Simulators/install/webots_sim/share/webots_sim/projects/appearances/protos/MetalStainlessSteelCable.proto
/home/jannen/Documents/git/Robotics-Simulators/install/webots_sim/share/webots_sim/projects/appearances/protos/CorrugatedPlates.proto
/home/jannen/Documents/git/Robotics-Simulators/install/webots_sim/share/webots_sim/projects/appearances/protos/StonePavement.proto
/home/jannen/Documents/git/Robotics-Simulators/install/webots_sim/share/webots_sim/projects/appearances/protos/DarkParquetry.proto
/home/jannen/Documents/git/Robotics-Simulators/install/webots_sim/share/webots_sim/projects/appearances/protos/ScrewThread.proto
/home/jannen/Documents/git/Robotics-Simulators/install/webots_sim/share/webots_sim/projects/appearances/protos/ReflectiveSurface.proto
/home/jannen/Documents/git/Robotics-Simulators/install/webots_sim/share/webots_sim/projects/appearances/protos/ScratchedPaint.proto
/home/jannen/Documents/git/Robotics-Simulators/install/webots_sim/share/webots_sim/projects/appearances/protos/FlexibleAluminiumDuct.proto
/home/jannen/Documents/git/Robotics-Simulators/install/webots_sim/share/webots_sim/projects/appearances/protos/CorrugatedPvc.proto
/home/jannen/Documents/git/Robotics-Simulators/install/webots_sim/share/webots_sim/projects/appearances/protos/MetalPipePaint.proto
/home/jannen/Documents/git/Robotics-Simulators/install/webots_sim/share/webots_sim/projects/appearances/protos/CorrugatedMetal.proto
/home/jannen/Documents/git/Robotics-Simulators/install/webots_sim/share/webots_sim/projects/appearances/protos/MarbleTiles.proto
/home/jannen/Documents/git/Robotics-Simulators/install/webots_sim/share/webots_sim/projects/appearances/protos/CementTiles.proto
/home/jannen/Documents/git/Robotics-Simulators/install/webots_sim/share/webots_sim/projects/appearances/protos/RedBricks.proto
/home/jannen/Documents/git/Robotics-Simulators/install/webots_sim/share/webots_sim/projects/appearances/protos/SolarCell.proto
/home/jannen/Documents/git/Robotics-Simulators/install/webots_sim/share/webots_sim/projects/appearances/protos/Asphalt.proto
/home/jannen/Documents/git/Robotics-Simulators/install/webots_sim/share/webots_sim/projects/appearances/protos/ThreadMetalPlate.proto
/home/jannen/Documents/git/Robotics-Simulators/install/webots_sim/share/webots_sim/projects/appearances/protos/PerforatedMetal.proto
/home/jannen/Documents/git/Robotics-Simulators/install/webots_sim/share/webots_sim/projects/appearances/protos/HammeredCopper.proto
/home/jannen/Documents/git/Robotics-Simulators/install/webots_sim/share/webots_sim/projects/appearances/protos/RoughPine.proto
/home/jannen/Documents/git/Robotics-Simulators/install/webots_sim/share/webots_sim/projects/appearances/protos/VarnishedPine.proto
/home/jannen/Documents/git/Robotics-Simulators/install/webots_sim/share/webots_sim/projects/appearances/protos/WornBurlap.proto
/home/jannen/Documents/git/Robotics-Simulators/install/webots_sim/share/webots_sim/projects/appearances/protos/DryMud.proto
/home/jannen/Documents/git/Robotics-Simulators/install/webots_sim/share/webots_sim/projects/appearances/protos/ChequeredParquetry.proto
/home/jannen/Documents/git/Robotics-Simulators/install/webots_sim/share/webots_sim/projects/appearances/protos/Plaster.proto
/home/jannen/Documents/git/Robotics-Simulators/install/webots_sim/share/webots_sim/projects/appearances/protos/Sand.proto
/home/jannen/Documents/git/Robotics-Simulators/install/webots_sim/share/webots_sim/projects/appearances/protos/BlanketFabric.proto
/home/jannen/Documents/git/Robotics-Simulators/install/webots_sim/share/webots_sim/projects/appearances/protos/GalvanizedMetal.proto
/home/jannen/Documents/git/Robotics-Simulators/install/webots_sim/share/webots_sim/projects/appearances/protos/BrushedSteel.proto
/home/jannen/Documents/git/Robotics-Simulators/install/webots_sim/share/webots_sim/projects/appearances/protos/LedStrip.proto
/home/jannen/Documents/git/Robotics-Simulators/install/webots_sim/share/webots_sim/projects/appearances/protos/CarpetFibers.proto
/home/jannen/Documents/git/Robotics-Simulators/install/webots_sim/share/webots_sim/projects/appearances/protos/RoughConcrete.proto
/home/jannen/Documents/git/Robotics-Simulators/install/webots_sim/share/webots_sim/projects/appearances/protos/PaintedWood.proto
/home/jannen/Documents/git/Robotics-Simulators/install/webots_sim/share/webots_sim/projects/appearances/protos/Plastic.proto
/home/jannen/Documents/git/Robotics-Simulators/install/webots_sim/share/webots_sim/projects/appearances/protos/Copper.proto
/home/jannen/Documents/git/Robotics-Simulators/install/webots_sim/share/webots_sim/projects/appearances/protos/Soil.proto
/home/jannen/Documents/git/Robotics-Simulators/install/webots_sim/share/webots_sim/projects/appearances/protos/Rubber.proto
/home/jannen/Documents/git/Robotics-Simulators/install/webots_sim/share/webots_sim/projects/appearances/protos/Pcb.proto
/home/jannen/Documents/git/Robotics-Simulators/install/webots_sim/share/webots_sim/projects/appearances/protos/textures/rough_pine/rough_pine_occlusion.jpg
/home/jannen/Documents/git/Robotics-Simulators/install/webots_sim/share/webots_sim/projects/appearances/protos/textures/rough_pine/rough_pine_base_color.jpg
/home/jannen/Documents/git/Robotics-Simulators/install/webots_sim/share/webots_sim/projects/appearances/protos/textures/rough_pine/rough_pine_roughness.jpg
/home/jannen/Documents/git/Robotics-Simulators/install/webots_sim/share/webots_sim/projects/appearances/protos/textures/rough_pine/rough_pine_normal.jpg
/home/jannen/Documents/git/Robotics-Simulators/install/webots_sim/share/webots_sim/projects/appearances/protos/textures/sandy_ground/sandy_ground_roughness.jpg
/home/jannen/Documents/git/Robotics-Simulators/install/webots_sim/share/webots_sim/projects/appearances/protos/textures/sandy_ground/sandy_ground_base_color.jpg
/home/jannen/Documents/git/Robotics-Simulators/install/webots_sim/share/webots_sim/projects/appearances/protos/textures/sandy_ground/sandy_ground_occlusion.jpg
/home/jannen/Documents/git/Robotics-Simulators/install/webots_sim/share/webots_sim/projects/appearances/protos/textures/sandy_ground/sandy_ground_normal.jpg
/home/jannen/Documents/git/Robotics-Simulators/install/webots_sim/share/webots_sim/projects/appearances/protos/textures/reflective_surface/reflective_surface_normal.jpg
/home/jannen/Documents/git/Robotics-Simulators/install/webots_sim/share/webots_sim/projects/appearances/protos/textures/reflective_surface/reflective_surface_base_color.jpg
/home/jannen/Documents/git/Robotics-Simulators/install/webots_sim/share/webots_sim/projects/appearances/protos/textures/reflective_surface/reflective_surface_roughness.jpg
/home/jannen/Documents/git/Robotics-Simulators/install/webots_sim/share/webots_sim/projects/appearances/protos/textures/parquetry/dark_strip_parquetry_base_color.jpg
/home/jannen/Documents/git/Robotics-Simulators/install/webots_sim/share/webots_sim/projects/appearances/protos/textures/parquetry/light_strip_parquetry_base_color.jpg
/home/jannen/Documents/git/Robotics-Simulators/install/webots_sim/share/webots_sim/projects/appearances/protos/textures/parquetry/light_strip_parquetry_roughness.jpg
/home/jannen/Documents/git/Robotics-Simulators/install/webots_sim/share/webots_sim/projects/appearances/protos/textures/parquetry/dark_strip_parquetry_occlusion.jpg
/home/jannen/Documents/git/Robotics-Simulators/install/webots_sim/share/webots_sim/projects/appearances/protos/textures/parquetry/chequered_parquetry_normal.jpg
/home/jannen/Documents/git/Robotics-Simulators/install/webots_sim/share/webots_sim/projects/appearances/protos/textures/parquetry/dark_strip_parquetry_normal.jpg
/home/jannen/Documents/git/Robotics-Simulators/install/webots_sim/share/webots_sim/projects/appearances/protos/textures/parquetry/chequered_parquetry_occlusion.jpg
/home/jannen/Documents/git/Robotics-Simulators/install/webots_sim/share/webots_sim/projects/appearances/protos/textures/parquetry/mosaic_parquetry_base_color.jpg
/home/jannen/Documents/git/Robotics-Simulators/install/webots_sim/share/webots_sim/projects/appearances/protos/textures/parquetry/mosaic_parquetry_roughness.jpg
/home/jannen/Documents/git/Robotics-Simulators/install/webots_sim/share/webots_sim/projects/appearances/protos/textures/parquetry/light_strip_parquetry_normal.jpg
/home/jannen/Documents/git/Robotics-Simulators/install/webots_sim/share/webots_sim/projects/appearances/protos/textures/parquetry/mosaic_parquetry_normal.jpg
/home/jannen/Documents/git/Robotics-Simulators/install/webots_sim/share/webots_sim/projects/appearances/protos/textures/parquetry/mosaic_parquetry_occlusion.jpg
/home/jannen/Documents/git/Robotics-Simulators/install/webots_sim/share/webots_sim/projects/appearances/protos/textures/parquetry/chequered_parquetry_roughness.jpg
/home/jannen/Documents/git/Robotics-Simulators/install/webots_sim/share/webots_sim/projects/appearances/protos/textures/parquetry/chequered_parquetry_base_color.jpg
/home/jannen/Documents/git/Robotics-Simulators/install/webots_sim/share/webots_sim/projects/appearances/protos/textures/rusty_metal/rusty_metal_metalness_2.jpg
/home/jannen/Documents/git/Robotics-Simulators/install/webots_sim/share/webots_sim/projects/appearances/protos/textures/rusty_metal/rusty_metal_normal_2.jpg
/home/jannen/Documents/git/Robotics-Simulators/install/webots_sim/share/webots_sim/projects/appearances/protos/textures/rusty_metal/rusty_metal_metalness.jpg
/home/jannen/Documents/git/Robotics-Simulators/install/webots_sim/share/webots_sim/projects/appearances/protos/textures/rusty_metal/rusty_metal_roughness.jpg
/home/jannen/Documents/git/Robotics-Simulators/install/webots_sim/share/webots_sim/projects/appearances/protos/textures/rusty_metal/rusty_metal_normal.jpg
/home/jannen/Documents/git/Robotics-Simulators/install/webots_sim/share/webots_sim/projects/appearances/protos/textures/rusty_metal/rusty_metal_occlusion.jpg
/home/jannen/Documents/git/Robotics-Simulators/install/webots_sim/share/webots_sim/projects/appearances/protos/textures/rusty_metal/rusty_metal_base_color_2.jpg
/home/jannen/Documents/git/Robotics-Simulators/install/webots_sim/share/webots_sim/projects/appearances/protos/textures/rusty_metal/rusty_metal_roughness_2.jpg
/home/jannen/Documents/git/Robotics-Simulators/install/webots_sim/share/webots_sim/projects/appearances/protos/textures/rusty_metal/rusty_metal_base_color.jpg
/home/jannen/Documents/git/Robotics-Simulators/install/webots_sim/share/webots_sim/projects/appearances/protos/textures/led_strip/led_strip_normal.jpg
/home/jannen/Documents/git/Robotics-Simulators/install/webots_sim/share/webots_sim/projects/appearances/protos/textures/led_strip/led_strip_base_color.jpg
/home/jannen/Documents/git/Robotics-Simulators/install/webots_sim/share/webots_sim/projects/appearances/protos/textures/led_strip/led_strip_emissive_color.jpg
/home/jannen/Documents/git/Robotics-Simulators/install/webots_sim/share/webots_sim/projects/appearances/protos/textures/led_strip/led_strip_metalness.jpg
/home/jannen/Documents/git/Robotics-Simulators/install/webots_sim/share/webots_sim/projects/appearances/protos/textures/led_strip/led_strip_roughness.jpg
/home/jannen/Documents/git/Robotics-Simulators/install/webots_sim/share/webots_sim/projects/appearances/protos/textures/rough_oak/rough_oak_roughness.jpg
/home/jannen/Documents/git/Robotics-Simulators/install/webots_sim/share/webots_sim/projects/appearances/protos/textures/rough_oak/rough_oak_normal.jpg
/home/jannen/Documents/git/Robotics-Simulators/install/webots_sim/share/webots_sim/projects/appearances/protos/textures/rough_oak/rough_oak_occlusion.jpg
/home/jannen/Documents/git/Robotics-Simulators/install/webots_sim/share/webots_sim/projects/appearances/protos/textures/rough_oak/rough_oak_base_color.jpg
/home/jannen/Documents/git/Robotics-Simulators/install/webots_sim/share/webots_sim/projects/appearances/protos/textures/osb_wood/osb_wood_base_color.jpg
/home/jannen/Documents/git/Robotics-Simulators/install/webots_sim/share/webots_sim/projects/appearances/protos/textures/osb_wood/osb_wood_normal.jpg
/home/jannen/Documents/git/Robotics-Simulators/install/webots_sim/share/webots_sim/projects/appearances/protos/textures/osb_wood/osb_wood_roughness.jpg
/home/jannen/Documents/git/Robotics-Simulators/install/webots_sim/share/webots_sim/projects/appearances/protos/textures/metal_pipe_paint/metal_pipe_paint_roughness.jpg
/home/jannen/Documents/git/Robotics-Simulators/install/webots_sim/share/webots_sim/projects/appearances/protos/textures/metal_pipe_paint/metal_pipe_paint_base_color.jpg
/home/jannen/Documents/git/Robotics-Simulators/install/webots_sim/share/webots_sim/projects/appearances/protos/textures/metal_pipe_paint/metal_pipe_paint_normal.jpg
/home/jannen/Documents/git/Robotics-Simulators/install/webots_sim/share/webots_sim/projects/appearances/protos/textures/metal_pipe_paint/metal_pipe_paint_metalness.jpg
/home/jannen/Documents/git/Robotics-Simulators/install/webots_sim/share/webots_sim/projects/appearances/protos/textures/painted_wood/painted_wood_normal.jpg
/home/jannen/Documents/git/Robotics-Simulators/install/webots_sim/share/webots_sim/projects/appearances/protos/textures/painted_wood/painted_wood_roughness.jpg
/home/jannen/Documents/git/Robotics-Simulators/install/webots_sim/share/webots_sim/projects/appearances/protos/textures/painted_wood/painted_wood_occlusion.jpg
/home/jannen/Documents/git/Robotics-Simulators/install/webots_sim/share/webots_sim/projects/appearances/protos/textures/corrugated_metal/corrugated_metal_roughness.jpg
/home/jannen/Documents/git/Robotics-Simulators/install/webots_sim/share/webots_sim/projects/appearances/protos/textures/corrugated_metal/corrugated_metal_normal.jpg
/home/jannen/Documents/git/Robotics-Simulators/install/webots_sim/share/webots_sim/projects/appearances/protos/textures/corrugated_metal/corrugated_metal_metalness.jpg
/home/jannen/Documents/git/Robotics-Simulators/install/webots_sim/share/webots_sim/projects/appearances/protos/textures/corrugated_metal/corrugated_metal_occlusion.jpg
/home/jannen/Documents/git/Robotics-Simulators/install/webots_sim/share/webots_sim/projects/appearances/protos/textures/corrugated_metal/corrugated_metal_base_color.jpg
/home/jannen/Documents/git/Robotics-Simulators/install/webots_sim/share/webots_sim/projects/appearances/protos/textures/cement_tiles/cement_tiles_roughness.jpg
/home/jannen/Documents/git/Robotics-Simulators/install/webots_sim/share/webots_sim/projects/appearances/protos/textures/cement_tiles/cement_tiles_occlusion.jpg
/home/jannen/Documents/git/Robotics-Simulators/install/webots_sim/share/webots_sim/projects/appearances/protos/textures/cement_tiles/cement_tiles_base_color.jpg
/home/jannen/Documents/git/Robotics-Simulators/install/webots_sim/share/webots_sim/projects/appearances/protos/textures/cement_tiles/cement_tiles_normal.jpg
/home/jannen/Documents/git/Robotics-Simulators/install/webots_sim/share/webots_sim/projects/appearances/protos/textures/rubber/dotted_rubber_base_color.jpg
/home/jannen/Documents/git/Robotics-Simulators/install/webots_sim/share/webots_sim/projects/appearances/protos/textures/rubber/dotted_rubber_occlusion.jpg
/home/jannen/Documents/git/Robotics-Simulators/install/webots_sim/share/webots_sim/projects/appearances/protos/textures/rubber/dotted_rubber_roughness.jpg
/home/jannen/Documents/git/Robotics-Simulators/install/webots_sim/share/webots_sim/projects/appearances/protos/textures/rubber/dotted_rubber_normal.jpg
/home/jannen/Documents/git/Robotics-Simulators/install/webots_sim/share/webots_sim/projects/appearances/protos/textures/rubber/flat_rubber_roughness.jpg
/home/jannen/Documents/git/Robotics-Simulators/install/webots_sim/share/webots_sim/projects/appearances/protos/textures/rubber/flat_rubber_base_color.jpg
/home/jannen/Documents/git/Robotics-Simulators/install/webots_sim/share/webots_sim/projects/appearances/protos/textures/rubber/flat_rubber_occlusion.jpg
/home/jannen/Documents/git/Robotics-Simulators/install/webots_sim/share/webots_sim/projects/appearances/protos/textures/rubber/flat_rubber_normal.jpg
/home/jannen/Documents/git/Robotics-Simulators/install/webots_sim/share/webots_sim/projects/appearances/protos/textures/pavement/black_stone_pavement_occlusion.jpg
/home/jannen/Documents/git/Robotics-Simulators/install/webots_sim/share/webots_sim/projects/appearances/protos/textures/pavement/braun_square_stone_pavement_normal.jpg
/home/jannen/Documents/git/Robotics-Simulators/install/webots_sim/share/webots_sim/projects/appearances/protos/textures/pavement/braun_stone_pavement_base_color.jpg
/home/jannen/Documents/git/Robotics-Simulators/install/webots_sim/share/webots_sim/projects/appearances/protos/textures/pavement/tiles_pavement_occlusion.jpg
/home/jannen/Documents/git/Robotics-Simulators/install/webots_sim/share/webots_sim/projects/appearances/protos/textures/pavement/grid_pavement_base_color.jpg
/home/jannen/Documents/git/Robotics-Simulators/install/webots_sim/share/webots_sim/projects/appearances/protos/textures/pavement/black_stone_pavement_roughness.jpg
/home/jannen/Documents/git/Robotics-Simulators/install/webots_sim/share/webots_sim/projects/appearances/protos/textures/pavement/braun_square_stone_pavement_occlusion.jpg
/home/jannen/Documents/git/Robotics-Simulators/install/webots_sim/share/webots_sim/projects/appearances/protos/textures/pavement/grid_pavement_occlusion.jpg
/home/jannen/Documents/git/Robotics-Simulators/install/webots_sim/share/webots_sim/projects/appearances/protos/textures/pavement/slate_pavement_normal.jpg
/home/jannen/Documents/git/Robotics-Simulators/install/webots_sim/share/webots_sim/projects/appearances/protos/textures/pavement/tiles_pavement_roughness.jpg
/home/jannen/Documents/git/Robotics-Simulators/install/webots_sim/share/webots_sim/projects/appearances/protos/textures/pavement/braun_stone_pavement_normal.jpg
/home/jannen/Documents/git/Robotics-Simulators/install/webots_sim/share/webots_sim/projects/appearances/protos/textures/pavement/black_stone_pavement_base_color.jpg
/home/jannen/Documents/git/Robotics-Simulators/install/webots_sim/share/webots_sim/projects/appearances/protos/textures/pavement/tiles_pavement_base_color.jpg
/home/jannen/Documents/git/Robotics-Simulators/install/webots_sim/share/webots_sim/projects/appearances/protos/textures/pavement/slate_pavement_roughness.jpg
/home/jannen/Documents/git/Robotics-Simulators/install/webots_sim/share/webots_sim/projects/appearances/protos/textures/pavement/braun_stone_pavement_occlusion.jpg
/home/jannen/Documents/git/Robotics-Simulators/install/webots_sim/share/webots_sim/projects/appearances/protos/textures/pavement/slate_pavement_base_color.jpg
/home/jannen/Documents/git/Robotics-Simulators/install/webots_sim/share/webots_sim/projects/appearances/protos/textures/pavement/tiles_pavement_normal.jpg
/home/jannen/Documents/git/Robotics-Simulators/install/webots_sim/share/webots_sim/projects/appearances/protos/textures/pavement/black_stone_pavement_normal.jpg
/home/jannen/Documents/git/Robotics-Simulators/install/webots_sim/share/webots_sim/projects/appearances/protos/textures/pavement/braun_stone_pavement_roughness.jpg
/home/jannen/Documents/git/Robotics-Simulators/install/webots_sim/share/webots_sim/projects/appearances/protos/textures/pavement/grid_pavement_normal.jpg
/home/jannen/Documents/git/Robotics-Simulators/install/webots_sim/share/webots_sim/projects/appearances/protos/textures/pavement/braun_square_stone_pavement_base_color.jpg
/home/jannen/Documents/git/Robotics-Simulators/install/webots_sim/share/webots_sim/projects/appearances/protos/textures/pavement/slate_pavement_occlusion.jpg
/home/jannen/Documents/git/Robotics-Simulators/install/webots_sim/share/webots_sim/projects/appearances/protos/textures/pavement/braun_square_stone_pavement_roughness.jpg
/home/jannen/Documents/git/Robotics-Simulators/install/webots_sim/share/webots_sim/projects/appearances/protos/textures/corrugated_pvc/corrugated_pvc_occlusion.jpg
/home/jannen/Documents/git/Robotics-Simulators/install/webots_sim/share/webots_sim/projects/appearances/protos/textures/corrugated_pvc/corrugated_pvc_base_color.jpg
/home/jannen/Documents/git/Robotics-Simulators/install/webots_sim/share/webots_sim/projects/appearances/protos/textures/corrugated_pvc/corrugated_pvc_normal.jpg
/home/jannen/Documents/git/Robotics-Simulators/install/webots_sim/share/webots_sim/projects/appearances/protos/textures/corrugated_pvc/corrugated_pvc_roughness.jpg
/home/jannen/Documents/git/Robotics-Simulators/install/webots_sim/share/webots_sim/projects/appearances/protos/textures/corrugated_pvc/corrugated_pvc_metalness.jpg
/home/jannen/Documents/git/Robotics-Simulators/install/webots_sim/share/webots_sim/projects/appearances/protos/textures/porcelain_chevron/porcelain_chevron_tiles_normal.jpg
/home/jannen/Documents/git/Robotics-Simulators/install/webots_sim/share/webots_sim/projects/appearances/protos/textures/porcelain_chevron/porcelain_chevron_tiles_roughness.jpg
/home/jannen/Documents/git/Robotics-Simulators/install/webots_sim/share/webots_sim/projects/appearances/protos/textures/porcelain_chevron/porcelain_chevron_tiles_occlusion.jpg
/home/jannen/Documents/git/Robotics-Simulators/install/webots_sim/share/webots_sim/projects/appearances/protos/textures/porcelain_chevron/porcelain_chevron_tiles_base_color.jpg
/home/jannen/Documents/git/Robotics-Simulators/install/webots_sim/share/webots_sim/projects/appearances/protos/textures/solar_cell/solar_cell_roughness.jpg
/home/jannen/Documents/git/Robotics-Simulators/install/webots_sim/share/webots_sim/projects/appearances/protos/textures/solar_cell/solar_cell_metalness.png
/home/jannen/Documents/git/Robotics-Simulators/install/webots_sim/share/webots_sim/projects/appearances/protos/textures/solar_cell/solar_cell_normal.png
/home/jannen/Documents/git/Robotics-Simulators/install/webots_sim/share/webots_sim/projects/appearances/protos/textures/solar_cell/solar_cell_base_color.jpg
/home/jannen/Documents/git/Robotics-Simulators/install/webots_sim/share/webots_sim/projects/appearances/protos/textures/solar_cell/solar_cell_occlusion.png
/home/jannen/Documents/git/Robotics-Simulators/install/webots_sim/share/webots_sim/projects/appearances/protos/textures/scuffed_plastic/scuffed_plastic_roughness.jpg
/home/jannen/Documents/git/Robotics-Simulators/install/webots_sim/share/webots_sim/projects/appearances/protos/textures/scuffed_plastic/scuffed_plastic_normal.jpg
/home/jannen/Documents/git/Robotics-Simulators/install/webots_sim/share/webots_sim/projects/appearances/protos/textures/scuffed_plastic/scuffed_plastic_occlusion.jpg
/home/jannen/Documents/git/Robotics-Simulators/install/webots_sim/share/webots_sim/projects/appearances/protos/textures/scuffed_plastic/scuffed_plastic_base_color.jpg
/home/jannen/Documents/git/Robotics-Simulators/install/webots_sim/share/webots_sim/projects/appearances/protos/textures/leather/dollaro_leather_occlusion.jpg
/home/jannen/Documents/git/Robotics-Simulators/install/webots_sim/share/webots_sim/projects/appearances/protos/textures/leather/dollaro_leather_normal.jpg
/home/jannen/Documents/git/Robotics-Simulators/install/webots_sim/share/webots_sim/projects/appearances/protos/textures/leather/dollaro_dark_leather_base_color.jpg
/home/jannen/Documents/git/Robotics-Simulators/install/webots_sim/share/webots_sim/projects/appearances/protos/textures/leather/dollaro_leather_roughness.jpg
/home/jannen/Documents/git/Robotics-Simulators/install/webots_sim/share/webots_sim/projects/appearances/protos/textures/leather/grain_leather_normal.jpg
/home/jannen/Documents/git/Robotics-Simulators/install/webots_sim/share/webots_sim/projects/appearances/protos/textures/leather/grain_leather_roughness.jpg
/home/jannen/Documents/git/Robotics-Simulators/install/webots_sim/share/webots_sim/projects/appearances/protos/textures/leather/dollaro_light_leather_base_color.jpg
/home/jannen/Documents/git/Robotics-Simulators/install/webots_sim/share/webots_sim/projects/appearances/protos/textures/sand/sand_normal.jpg
/home/jannen/Documents/git/Robotics-Simulators/install/webots_sim/share/webots_sim/projects/appearances/protos/textures/sand/sand_occlusion.jpg
/home/jannen/Documents/git/Robotics-Simulators/install/webots_sim/share/webots_sim/projects/appearances/protos/textures/sand/sand_roughness.jpg
/home/jannen/Documents/git/Robotics-Simulators/install/webots_sim/share/webots_sim/projects/appearances/protos/textures/sand/sand_base_color.jpg
/home/jannen/Documents/git/Robotics-Simulators/install/webots_sim/share/webots_sim/projects/appearances/protos/textures/pcb/pcb_occlusion.jpg
/home/jannen/Documents/git/Robotics-Simulators/install/webots_sim/share/webots_sim/projects/appearances/protos/textures/pcb/pcb_roughness.jpg
/home/jannen/Documents/git/Robotics-Simulators/install/webots_sim/share/webots_sim/projects/appearances/protos/textures/pcb/pcb_normal.jpg
/home/jannen/Documents/git/Robotics-Simulators/install/webots_sim/share/webots_sim/projects/appearances/protos/textures/pcb/pcb_metalness.jpg
/home/jannen/Documents/git/Robotics-Simulators/install/webots_sim/share/webots_sim/projects/appearances/protos/textures/pcb/pcb_base_color.jpg
/home/jannen/Documents/git/Robotics-Simulators/install/webots_sim/share/webots_sim/projects/appearances/protos/textures/marble_tiles/marble_tiles_roughness.jpg
/home/jannen/Documents/git/Robotics-Simulators/install/webots_sim/share/webots_sim/projects/appearances/protos/textures/marble_tiles/marble_tiles_metalness.jpg
/home/jannen/Documents/git/Robotics-Simulators/install/webots_sim/share/webots_sim/projects/appearances/protos/textures/marble_tiles/marble_tiles_base_color.jpg
/home/jannen/Documents/git/Robotics-Simulators/install/webots_sim/share/webots_sim/projects/appearances/protos/textures/marble_tiles/marble_tiles_occlusion.jpg
/home/jannen/Documents/git/Robotics-Simulators/install/webots_sim/share/webots_sim/projects/appearances/protos/textures/marble_tiles/marble_tiles_normal.jpg
/home/jannen/Documents/git/Robotics-Simulators/install/webots_sim/share/webots_sim/projects/appearances/protos/textures/metal_galvanized/metal_galvanized_normal.jpg
/home/jannen/Documents/git/Robotics-Simulators/install/webots_sim/share/webots_sim/projects/appearances/protos/textures/metal_galvanized/metal_galvanized_roughness.jpg
/home/jannen/Documents/git/Robotics-Simulators/install/webots_sim/share/webots_sim/projects/appearances/protos/textures/metal_galvanized/metal_galvanized_metalness.jpg
/home/jannen/Documents/git/Robotics-Simulators/install/webots_sim/share/webots_sim/projects/appearances/protos/textures/metal_galvanized/metal_galvanized_base_color.jpg
/home/jannen/Documents/git/Robotics-Simulators/install/webots_sim/share/webots_sim/projects/appearances/protos/textures/plaster/plaster_roughness.jpg
/home/jannen/Documents/git/Robotics-Simulators/install/webots_sim/share/webots_sim/projects/appearances/protos/textures/plaster/plaster_base_color.jpg
/home/jannen/Documents/git/Robotics-Simulators/install/webots_sim/share/webots_sim/projects/appearances/protos/textures/plaster/plaster_normal.jpg
/home/jannen/Documents/git/Robotics-Simulators/install/webots_sim/share/webots_sim/projects/appearances/protos/textures/plaster/plaster_occlusion.jpg
/home/jannen/Documents/git/Robotics-Simulators/install/webots_sim/share/webots_sim/projects/appearances/protos/textures/hammered_copper/hammered_copper_base_color.jpg
/home/jannen/Documents/git/Robotics-Simulators/install/webots_sim/share/webots_sim/projects/appearances/protos/textures/hammered_copper/hammered_copper_roughness.jpg
/home/jannen/Documents/git/Robotics-Simulators/install/webots_sim/share/webots_sim/projects/appearances/protos/textures/hammered_copper/hammered_copper_normal.jpg
/home/jannen/Documents/git/Robotics-Simulators/install/webots_sim/share/webots_sim/projects/appearances/protos/textures/metal_stainless_steel_cable/metal_stainless_steel_cable_roughness.jpg
/home/jannen/Documents/git/Robotics-Simulators/install/webots_sim/share/webots_sim/projects/appearances/protos/textures/metal_stainless_steel_cable/metal_stainless_steel_cable_normal.jpg
/home/jannen/Documents/git/Robotics-Simulators/install/webots_sim/share/webots_sim/projects/appearances/protos/textures/metal_stainless_steel_cable/metal_stainless_steel_cable_base_color.jpg
/home/jannen/Documents/git/Robotics-Simulators/install/webots_sim/share/webots_sim/projects/appearances/protos/textures/metal_stainless_steel_cable/metal_stainless_steel_cable_metalness.jpg
/home/jannen/Documents/git/Robotics-Simulators/install/webots_sim/share/webots_sim/projects/appearances/protos/textures/metal_stainless_steel_cable/metal_stainless_steel_cable_occlusion.jpg
/home/jannen/Documents/git/Robotics-Simulators/install/webots_sim/share/webots_sim/projects/appearances/protos/textures/glossy_car_paint/glossy_car_paint_normal.jpg
/home/jannen/Documents/git/Robotics-Simulators/install/webots_sim/share/webots_sim/projects/appearances/protos/textures/glossy_car_paint/glossy_car_paint_roughness.jpg
/home/jannen/Documents/git/Robotics-Simulators/install/webots_sim/share/webots_sim/projects/appearances/protos/textures/matte_car_paint/matte_car_paint_roughness.jpg
/home/jannen/Documents/git/Robotics-Simulators/install/webots_sim/share/webots_sim/projects/appearances/protos/textures/matte_car_paint/matte_car_paint_base_color.jpg
/home/jannen/Documents/git/Robotics-Simulators/install/webots_sim/share/webots_sim/projects/appearances/protos/textures/corrugated_plates/corrugated_plates_normal.jpg
/home/jannen/Documents/git/Robotics-Simulators/install/webots_sim/share/webots_sim/projects/appearances/protos/textures/corrugated_plates/corrugated_plates_roughness.jpg
/home/jannen/Documents/git/Robotics-Simulators/install/webots_sim/share/webots_sim/projects/appearances/protos/textures/corrugated_plates/corrugated_plates_base_color.jpg
/home/jannen/Documents/git/Robotics-Simulators/install/webots_sim/share/webots_sim/projects/appearances/protos/textures/corrugated_plates/corrugated_plates_occlusion.jpg
/home/jannen/Documents/git/Robotics-Simulators/install/webots_sim/share/webots_sim/projects/appearances/protos/textures/corrugated_plates/corrugated_plates_metalness.jpg
/home/jannen/Documents/git/Robotics-Simulators/install/webots_sim/share/webots_sim/projects/appearances/protos/textures/bakelite_plastic/bakelite_plastic_base_color_braun.jpg
/home/jannen/Documents/git/Robotics-Simulators/install/webots_sim/share/webots_sim/projects/appearances/protos/textures/bakelite_plastic/bakelite_plastic_base_color_red.jpg
/home/jannen/Documents/git/Robotics-Simulators/install/webots_sim/share/webots_sim/projects/appearances/protos/textures/bakelite_plastic/bakelite_plastic_roughness.jpg
/home/jannen/Documents/git/Robotics-Simulators/install/webots_sim/share/webots_sim/projects/appearances/protos/textures/plastic/plastic_padded_normal.jpg
/home/jannen/Documents/git/Robotics-Simulators/install/webots_sim/share/webots_sim/projects/appearances/protos/textures/plastic/plastic_rough_normal.jpg
/home/jannen/Documents/git/Robotics-Simulators/install/webots_sim/share/webots_sim/projects/appearances/protos/textures/plastic/plastic_padded_roughness.jpg
/home/jannen/Documents/git/Robotics-Simulators/install/webots_sim/share/webots_sim/projects/appearances/protos/textures/plastic/plastic_padded_metalness.jpg
/home/jannen/Documents/git/Robotics-Simulators/install/webots_sim/share/webots_sim/projects/appearances/protos/textures/plastic/plastic_padded_occlusion.jpg
/home/jannen/Documents/git/Robotics-Simulators/install/webots_sim/share/webots_sim/projects/appearances/protos/textures/plastic/plastic_rough_roughness.jpg
/home/jannen/Documents/git/Robotics-Simulators/install/webots_sim/share/webots_sim/projects/appearances/protos/textures/plastic/plastic_padded_base_color.jpg
/home/jannen/Documents/git/Robotics-Simulators/install/webots_sim/share/webots_sim/projects/appearances/protos/textures/worn_burlap/worn_burlap_base_color.jpg
/home/jannen/Documents/git/Robotics-Simulators/install/webots_sim/share/webots_sim/projects/appearances/protos/textures/worn_burlap/worn_burlap_normal.jpg
/home/jannen/Documents/git/Robotics-Simulators/install/webots_sim/share/webots_sim/projects/appearances/protos/textures/worn_burlap/worn_burlap_roughness.jpg
/home/jannen/Documents/git/Robotics-Simulators/install/webots_sim/share/webots_sim/projects/appearances/protos/textures/worn_burlap/worn_burlap_occlusion.jpg
/home/jannen/Documents/git/Robotics-Simulators/install/webots_sim/share/webots_sim/projects/appearances/protos/textures/dry_mud/dry_mud_base_color.jpg
/home/jannen/Documents/git/Robotics-Simulators/install/webots_sim/share/webots_sim/projects/appearances/protos/textures/dry_mud/dry_mud_normal.jpg
/home/jannen/Documents/git/Robotics-Simulators/install/webots_sim/share/webots_sim/projects/appearances/protos/textures/dry_mud/dry_mud_occlusion.jpg
/home/jannen/Documents/git/Robotics-Simulators/install/webots_sim/share/webots_sim/projects/appearances/protos/textures/screw_thread/screw_thread_roughness.jpg
/home/jannen/Documents/git/Robotics-Simulators/install/webots_sim/share/webots_sim/projects/appearances/protos/textures/screw_thread/screw_thread_base_color.jpg
/home/jannen/Documents/git/Robotics-Simulators/install/webots_sim/share/webots_sim/projects/appearances/protos/textures/screw_thread/screw_thread_normal.jpg
/home/jannen/Documents/git/Robotics-Simulators/install/webots_sim/share/webots_sim/projects/appearances/protos/textures/screw_thread/screw_thread_occlusion.jpg
/home/jannen/Documents/git/Robotics-Simulators/install/webots_sim/share/webots_sim/projects/appearances/protos/textures/old_plywood/old_plywood_base_color.jpg
/home/jannen/Documents/git/Robotics-Simulators/install/webots_sim/share/webots_sim/projects/appearances/protos/textures/old_plywood/old_plywood_normal.jpg
/home/jannen/Documents/git/Robotics-Simulators/install/webots_sim/share/webots_sim/projects/appearances/protos/textures/old_plywood/old_plywood_occlusion.jpg
/home/jannen/Documents/git/Robotics-Simulators/install/webots_sim/share/webots_sim/projects/appearances/protos/textures/red_bricks/red_bricks_normal.jpg
/home/jannen/Documents/git/Robotics-Simulators/install/webots_sim/share/webots_sim/projects/appearances/protos/textures/red_bricks/red_bricks_base_color.jpg
/home/jannen/Documents/git/Robotics-Simulators/install/webots_sim/share/webots_sim/projects/appearances/protos/textures/red_bricks/red_bricks_occlusion.jpg
/home/jannen/Documents/git/Robotics-Simulators/install/webots_sim/share/webots_sim/projects/appearances/protos/textures/red_bricks/red_bricks_roughness.jpg
/home/jannen/Documents/git/Robotics-Simulators/install/webots_sim/share/webots_sim/projects/appearances/protos/textures/marble/marble_base_color.jpg
/home/jannen/Documents/git/Robotics-Simulators/install/webots_sim/share/webots_sim/projects/appearances/protos/textures/marble/marble_normal.jpg
/home/jannen/Documents/git/Robotics-Simulators/install/webots_sim/share/webots_sim/projects/appearances/protos/textures/marble/marble_roughness.jpg
/home/jannen/Documents/git/Robotics-Simulators/install/webots_sim/share/webots_sim/projects/appearances/protos/textures/marble/marble_occlusion.jpg
/home/jannen/Documents/git/Robotics-Simulators/install/webots_sim/share/webots_sim/projects/appearances/protos/textures/damascus_steel/damascus_steel_normal.jpg
/home/jannen/Documents/git/Robotics-Simulators/install/webots_sim/share/webots_sim/projects/appearances/protos/textures/damascus_steel/damascus_steel_roughness.jpg
/home/jannen/Documents/git/Robotics-Simulators/install/webots_sim/share/webots_sim/projects/appearances/protos/textures/damascus_steel/damascus_steel_base_color.jpg
/home/jannen/Documents/git/Robotics-Simulators/install/webots_sim/share/webots_sim/projects/appearances/protos/textures/rough_concrete/rough_concrete_roughness.jpg
/home/jannen/Documents/git/Robotics-Simulators/install/webots_sim/share/webots_sim/projects/appearances/protos/textures/rough_concrete/rough_concrete_base_color.jpg
/home/jannen/Documents/git/Robotics-Simulators/install/webots_sim/share/webots_sim/projects/appearances/protos/textures/rough_concrete/rough_concrete_occlusion.jpg
/home/jannen/Documents/git/Robotics-Simulators/install/webots_sim/share/webots_sim/projects/appearances/protos/textures/rough_concrete/rough_concrete_normal.jpg
/home/jannen/Documents/git/Robotics-Simulators/install/webots_sim/share/webots_sim/projects/appearances/protos/textures/formed_concrete/formed_concrete_occlusion.jpg
/home/jannen/Documents/git/Robotics-Simulators/install/webots_sim/share/webots_sim/projects/appearances/protos/textures/formed_concrete/formed_concrete_roughness.jpg
/home/jannen/Documents/git/Robotics-Simulators/install/webots_sim/share/webots_sim/projects/appearances/protos/textures/formed_concrete/formed_concrete_normal.jpg
/home/jannen/Documents/git/Robotics-Simulators/install/webots_sim/share/webots_sim/projects/appearances/protos/textures/formed_concrete/formed_concrete_base_color.jpg
/home/jannen/Documents/git/Robotics-Simulators/install/webots_sim/share/webots_sim/projects/appearances/protos/textures/blanket_fabric/blanket_fabric_roughness.jpg
/home/jannen/Documents/git/Robotics-Simulators/install/webots_sim/share/webots_sim/projects/appearances/protos/textures/blanket_fabric/blanket_fabric_normal.jpg
/home/jannen/Documents/git/Robotics-Simulators/install/webots_sim/share/webots_sim/projects/appearances/protos/textures/blanket_fabric/blanket_fabric_base_color.jpg
/home/jannen/Documents/git/Robotics-Simulators/install/webots_sim/share/webots_sim/projects/appearances/protos/textures/blanket_fabric/blanket_fabric_occlusion.jpg
/home/jannen/Documents/git/Robotics-Simulators/install/webots_sim/share/webots_sim/projects/appearances/protos/textures/fabric/fabric_normal.jpg
/home/jannen/Documents/git/Robotics-Simulators/install/webots_sim/share/webots_sim/projects/appearances/protos/textures/fabric/fabric_occlusion.jpg
/home/jannen/Documents/git/Robotics-Simulators/install/webots_sim/share/webots_sim/projects/appearances/protos/textures/fabric/fabric_roughness.jpg
/home/jannen/Documents/git/Robotics-Simulators/install/webots_sim/share/webots_sim/projects/appearances/protos/textures/fabric/fabric_base_color.jpg
/home/jannen/Documents/git/Robotics-Simulators/install/webots_sim/share/webots_sim/projects/appearances/protos/textures/roughcast/roughcast_normal.jpg
/home/jannen/Documents/git/Robotics-Simulators/install/webots_sim/share/webots_sim/projects/appearances/protos/textures/soil/braun_soil_occlusion.jpg
/home/jannen/Documents/git/Robotics-Simulators/install/webots_sim/share/webots_sim/projects/appearances/protos/textures/soil/braun_soil_base_color.jpg
/home/jannen/Documents/git/Robotics-Simulators/install/webots_sim/share/webots_sim/projects/appearances/protos/textures/soil/grey_soil_normal.jpg
/home/jannen/Documents/git/Robotics-Simulators/install/webots_sim/share/webots_sim/projects/appearances/protos/textures/soil/grey_soil_base_color.jpg
/home/jannen/Documents/git/Robotics-Simulators/install/webots_sim/share/webots_sim/projects/appearances/protos/textures/soil/grey_soil_roughness.jpg
/home/jannen/Documents/git/Robotics-Simulators/install/webots_sim/share/webots_sim/projects/appearances/protos/textures/soil/braun_soil_normal.jpg
/home/jannen/Documents/git/Robotics-Simulators/install/webots_sim/share/webots_sim/projects/appearances/protos/textures/soil/braun_soil_roughness.jpg
/home/jannen/Documents/git/Robotics-Simulators/install/webots_sim/share/webots_sim/projects/appearances/protos/textures/soil/grey_soil_occlusion.jpg
/home/jannen/Documents/git/Robotics-Simulators/install/webots_sim/share/webots_sim/projects/appearances/protos/textures/scratched_paint/scratched_paint_roughness.jpg
/home/jannen/Documents/git/Robotics-Simulators/install/webots_sim/share/webots_sim/projects/appearances/protos/textures/scratched_paint/scratched_paint_metalness.jpg
/home/jannen/Documents/git/Robotics-Simulators/install/webots_sim/share/webots_sim/projects/appearances/protos/textures/scratched_paint/scratched_paint_base_color.jpg
/home/jannen/Documents/git/Robotics-Simulators/install/webots_sim/share/webots_sim/projects/appearances/protos/textures/copper/copper_metalness.jpg
/home/jannen/Documents/git/Robotics-Simulators/install/webots_sim/share/webots_sim/projects/appearances/protos/textures/copper/copper_base_color.jpg
/home/jannen/Documents/git/Robotics-Simulators/install/webots_sim/share/webots_sim/projects/appearances/protos/textures/copper/copper_roughness.jpg
/home/jannen/Documents/git/Robotics-Simulators/install/webots_sim/share/webots_sim/projects/appearances/protos/textures/corroded_metal/corroded_metal_roughness.jpg
/home/jannen/Documents/git/Robotics-Simulators/install/webots_sim/share/webots_sim/projects/appearances/protos/textures/corroded_metal/corroded_metal_metalness.jpg
/home/jannen/Documents/git/Robotics-Simulators/install/webots_sim/share/webots_sim/projects/appearances/protos/textures/corroded_metal/corroded_metal_base_color.jpg
/home/jannen/Documents/git/Robotics-Simulators/install/webots_sim/share/webots_sim/projects/appearances/protos/textures/corroded_metal/corroded_metal_normal.jpg
/home/jannen/Documents/git/Robotics-Simulators/install/webots_sim/share/webots_sim/projects/appearances/protos/textures/cardboard/cardboard_front_base_color.jpg
/home/jannen/Documents/git/Robotics-Simulators/install/webots_sim/share/webots_sim/projects/appearances/protos/textures/cardboard/cardboard_left_occlusion.jpg
/home/jannen/Documents/git/Robotics-Simulators/install/webots_sim/share/webots_sim/projects/appearances/protos/textures/cardboard/cardboard_top_roughness.jpg
/home/jannen/Documents/git/Robotics-Simulators/install/webots_sim/share/webots_sim/projects/appearances/protos/textures/cardboard/cardboard_left_base_color.jpg
/home/jannen/Documents/git/Robotics-Simulators/install/webots_sim/share/webots_sim/projects/appearances/protos/textures/cardboard/cardboard_back_base_color.jpg
/home/jannen/Documents/git/Robotics-Simulators/install/webots_sim/share/webots_sim/projects/appearances/protos/textures/cardboard/cardboard_left_roughness.jpg
/home/jannen/Documents/git/Robotics-Simulators/install/webots_sim/share/webots_sim/projects/appearances/protos/textures/cardboard/cardboard_right_occlusion.jpg
/home/jannen/Documents/git/Robotics-Simulators/install/webots_sim/share/webots_sim/projects/appearances/protos/textures/cardboard/cardboard_bottom_occlusion.jpg
/home/jannen/Documents/git/Robotics-Simulators/install/webots_sim/share/webots_sim/projects/appearances/protos/textures/cardboard/cardboard_bottom_normal.jpg
/home/jannen/Documents/git/Robotics-Simulators/install/webots_sim/share/webots_sim/projects/appearances/protos/textures/cardboard/cardboard_left_normal.jpg
/home/jannen/Documents/git/Robotics-Simulators/install/webots_sim/share/webots_sim/projects/appearances/protos/textures/cardboard/cardboard_back_roughness.jpg
/home/jannen/Documents/git/Robotics-Simulators/install/webots_sim/share/webots_sim/projects/appearances/protos/textures/cardboard/cardboard_bottom_roughness.jpg
/home/jannen/Documents/git/Robotics-Simulators/install/webots_sim/share/webots_sim/projects/appearances/protos/textures/cardboard/cardboard_right_normal.jpg
/home/jannen/Documents/git/Robotics-Simulators/install/webots_sim/share/webots_sim/projects/appearances/protos/textures/cardboard/cardboard_right_roughness.jpg
/home/jannen/Documents/git/Robotics-Simulators/install/webots_sim/share/webots_sim/projects/appearances/protos/textures/cardboard/cardboard_bottom_base_color.jpg
/home/jannen/Documents/git/Robotics-Simulators/install/webots_sim/share/webots_sim/projects/appearances/protos/textures/cardboard/cardboard_back_normal.jpg
/home/jannen/Documents/git/Robotics-Simulators/install/webots_sim/share/webots_sim/projects/appearances/protos/textures/cardboard/cardboard_front_roughness.jpg
/home/jannen/Documents/git/Robotics-Simulators/install/webots_sim/share/webots_sim/projects/appearances/protos/textures/cardboard/cardboard_front_normal.jpg
/home/jannen/Documents/git/Robotics-Simulators/install/webots_sim/share/webots_sim/projects/appearances/protos/textures/cardboard/cardboard_front_occlusion.jpg
/home/jannen/Documents/git/Robotics-Simulators/install/webots_sim/share/webots_sim/projects/appearances/protos/textures/cardboard/cardboard_back_occlusion.jpg
/home/jannen/Documents/git/Robotics-Simulators/install/webots_sim/share/webots_sim/projects/appearances/protos/textures/cardboard/cardboard_top_normal.jpg
/home/jannen/Documents/git/Robotics-Simulators/install/webots_sim/share/webots_sim/projects/appearances/protos/textures/cardboard/cardboard_top_base_color.jpg
/home/jannen/Documents/git/Robotics-Simulators/install/webots_sim/share/webots_sim/projects/appearances/protos/textures/cardboard/cardboard_right_base_color.jpg
/home/jannen/Documents/git/Robotics-Simulators/install/webots_sim/share/webots_sim/projects/appearances/protos/textures/cardboard/cardboard_top_occlusion.jpg
/home/jannen/Documents/git/Robotics-Simulators/install/webots_sim/share/webots_sim/projects/appearances/protos/textures/shiny_leather/shiny_leather_occlusion.jpg
/home/jannen/Documents/git/Robotics-Simulators/install/webots_sim/share/webots_sim/projects/appearances/protos/textures/shiny_leather/shiny_leather_base_color.jpg
/home/jannen/Documents/git/Robotics-Simulators/install/webots_sim/share/webots_sim/projects/appearances/protos/textures/shiny_leather/shiny_leather_normal.jpg
/home/jannen/Documents/git/Robotics-Simulators/install/webots_sim/share/webots_sim/projects/appearances/protos/textures/shiny_leather/shiny_leather_roughness.jpg
/home/jannen/Documents/git/Robotics-Simulators/install/webots_sim/share/webots_sim/projects/appearances/protos/textures/rough_polymer/rough_polymer_normal.jpg
/home/jannen/Documents/git/Robotics-Simulators/install/webots_sim/share/webots_sim/projects/appearances/protos/textures/rough_polymer/rough_polymer_occlusion.jpg
/home/jannen/Documents/git/Robotics-Simulators/install/webots_sim/share/webots_sim/projects/appearances/protos/textures/rough_polymer/rough_polymer_roughness.jpg
/home/jannen/Documents/git/Robotics-Simulators/install/webots_sim/share/webots_sim/projects/appearances/protos/textures/asphalt/asphalt_base_color.jpg
/home/jannen/Documents/git/Robotics-Simulators/install/webots_sim/share/webots_sim/projects/appearances/protos/textures/asphalt/asphalt_occlusion.jpg
/home/jannen/Documents/git/Robotics-Simulators/install/webots_sim/share/webots_sim/projects/appearances/protos/textures/asphalt/asphalt_normal.jpg
/home/jannen/Documents/git/Robotics-Simulators/install/webots_sim/share/webots_sim/projects/appearances/protos/textures/asphalt/asphalt_roughness.jpg
/home/jannen/Documents/git/Robotics-Simulators/install/webots_sim/share/webots_sim/projects/appearances/protos/textures/wire_fence/wire_fence_base_color.png
/home/jannen/Documents/git/Robotics-Simulators/install/webots_sim/share/webots_sim/projects/appearances/protos/textures/wire_fence/wire_fence_normal.jpg
/home/jannen/Documents/git/Robotics-Simulators/install/webots_sim/share/webots_sim/projects/appearances/protos/textures/wire_fence/wire_fence_metalness.jpg
/home/jannen/Documents/git/Robotics-Simulators/install/webots_sim/share/webots_sim/projects/appearances/protos/textures/wire_fence/wire_fence_occlusion.jpg
/home/jannen/Documents/git/Robotics-Simulators/install/webots_sim/share/webots_sim/projects/appearances/protos/textures/wire_fence/wire_fence_roughness.jpg
/home/jannen/Documents/git/Robotics-Simulators/install/webots_sim/share/webots_sim/projects/appearances/protos/textures/perforated_metal/perforated_metal_normal.png
/home/jannen/Documents/git/Robotics-Simulators/install/webots_sim/share/webots_sim/projects/appearances/protos/textures/perforated_metal/perforated_metal_base_color.png
/home/jannen/Documents/git/Robotics-Simulators/install/webots_sim/share/webots_sim/projects/appearances/protos/textures/old_steel/old_steel_base_color.jpg
/home/jannen/Documents/git/Robotics-Simulators/install/webots_sim/share/webots_sim/projects/appearances/protos/textures/old_steel/old_steel_metalness.jpg
/home/jannen/Documents/git/Robotics-Simulators/install/webots_sim/share/webots_sim/projects/appearances/protos/textures/old_steel/old_steel_roughness.jpg
/home/jannen/Documents/git/Robotics-Simulators/install/webots_sim/share/webots_sim/projects/appearances/protos/textures/old_steel/old_steel_normal.jpg
/home/jannen/Documents/git/Robotics-Simulators/install/webots_sim/share/webots_sim/projects/appearances/protos/textures/grass/grass_maintained_occlusion.jpg
/home/jannen/Documents/git/Robotics-Simulators/install/webots_sim/share/webots_sim/projects/appearances/protos/textures/grass/grass_maintained_normal.jpg
/home/jannen/Documents/git/Robotics-Simulators/install/webots_sim/share/webots_sim/projects/appearances/protos/textures/grass/grass_mossy_occlusion.jpg
/home/jannen/Documents/git/Robotics-Simulators/install/webots_sim/share/webots_sim/projects/appearances/protos/textures/grass/grass_artificial_white_base_color.jpg
/home/jannen/Documents/git/Robotics-Simulators/install/webots_sim/share/webots_sim/projects/appearances/protos/textures/grass/grass_prickly_occlusion.jpg
/home/jannen/Documents/git/Robotics-Simulators/install/webots_sim/share/webots_sim/projects/appearances/protos/textures/grass/grass_prickly_roughness.jpg
/home/jannen/Documents/git/Robotics-Simulators/install/webots_sim/share/webots_sim/projects/appearances/protos/textures/grass/grass_mossy_base_color.jpg
/home/jannen/Documents/git/Robotics-Simulators/install/webots_sim/share/webots_sim/projects/appearances/protos/textures/grass/grass_maintained_base_color.jpg
/home/jannen/Documents/git/Robotics-Simulators/install/webots_sim/share/webots_sim/projects/appearances/protos/textures/grass/grass_mossy_normal.jpg
/home/jannen/Documents/git/Robotics-Simulators/install/webots_sim/share/webots_sim/projects/appearances/protos/textures/grass/grass_prickly_base_color.jpg
/home/jannen/Documents/git/Robotics-Simulators/install/webots_sim/share/webots_sim/projects/appearances/protos/textures/grass/grass_artificial_occlusion.jpg
/home/jannen/Documents/git/Robotics-Simulators/install/webots_sim/share/webots_sim/projects/appearances/protos/textures/grass/grass_artificial_normal.jpg
/home/jannen/Documents/git/Robotics-Simulators/install/webots_sim/share/webots_sim/projects/appearances/protos/textures/grass/grass_artificial_base_color.jpg
/home/jannen/Documents/git/Robotics-Simulators/install/webots_sim/share/webots_sim/projects/appearances/protos/textures/grass/grass_prickly_normal.jpg
/home/jannen/Documents/git/Robotics-Simulators/install/webots_sim/share/webots_sim/projects/appearances/protos/textures/brushed_steel/brushed_steel_base_color.jpg
/home/jannen/Documents/git/Robotics-Simulators/install/webots_sim/share/webots_sim/projects/appearances/protos/textures/brushed_steel/brushed_steel_roughness.jpg
/home/jannen/Documents/git/Robotics-Simulators/install/webots_sim/share/webots_sim/projects/appearances/protos/textures/brushed_steel/brushed_steel_normal.jpg
/home/jannen/Documents/git/Robotics-Simulators/install/webots_sim/share/webots_sim/projects/appearances/protos/textures/carpet/carpet_synthetic_roughness.jpg
/home/jannen/Documents/git/Robotics-Simulators/install/webots_sim/share/webots_sim/projects/appearances/protos/textures/carpet/carpet_synthetic_normal.jpg
/home/jannen/Documents/git/Robotics-Simulators/install/webots_sim/share/webots_sim/projects/appearances/protos/textures/carpet/carpet_pattern_normal.jpg
/home/jannen/Documents/git/Robotics-Simulators/install/webots_sim/share/webots_sim/projects/appearances/protos/textures/carpet/carpet_wooly_occlusion.jpg
/home/jannen/Documents/git/Robotics-Simulators/install/webots_sim/share/webots_sim/projects/appearances/protos/textures/carpet/carpet_pattern_occlusion.jpg
/home/jannen/Documents/git/Robotics-Simulators/install/webots_sim/share/webots_sim/projects/appearances/protos/textures/carpet/carpet_wooly_base_color.jpg
/home/jannen/Documents/git/Robotics-Simulators/install/webots_sim/share/webots_sim/projects/appearances/protos/textures/carpet/carpet_synthetic_base_color.jpg
/home/jannen/Documents/git/Robotics-Simulators/install/webots_sim/share/webots_sim/projects/appearances/protos/textures/carpet/carpet_pattern_roughness.jpg
/home/jannen/Documents/git/Robotics-Simulators/install/webots_sim/share/webots_sim/projects/appearances/protos/textures/carpet/carpet_wooly_normal.jpg
/home/jannen/Documents/git/Robotics-Simulators/install/webots_sim/share/webots_sim/projects/appearances/protos/textures/carpet/carpet_synthetic_occlusion.jpg
/home/jannen/Documents/git/Robotics-Simulators/install/webots_sim/share/webots_sim/projects/appearances/protos/textures/carpet/carpet_pattern_base_color.jpg
/home/jannen/Documents/git/Robotics-Simulators/install/webots_sim/share/webots_sim/projects/appearances/protos/textures/electric_conduit/electric_conduit_normal.jpg
/home/jannen/Documents/git/Robotics-Simulators/install/webots_sim/share/webots_sim/projects/appearances/protos/textures/electric_conduit/electric_conduit_base_color.jpg
/home/jannen/Documents/git/Robotics-Simulators/install/webots_sim/share/webots_sim/projects/appearances/protos/textures/electric_conduit/electric_conduit_roughness.jpg
/home/jannen/Documents/git/Robotics-Simulators/install/webots_sim/share/webots_sim/projects/appearances/protos/textures/tire_rubber/bike_tire_rubber_normal.jpg
/home/jannen/Documents/git/Robotics-Simulators/install/webots_sim/share/webots_sim/projects/appearances/protos/textures/tire_rubber/bike_tire_rubber_base_color.jpg
/home/jannen/Documents/git/Robotics-Simulators/install/webots_sim/share/webots_sim/projects/appearances/protos/textures/tire_rubber/car_tire_rubber_base_color.jpg
/home/jannen/Documents/git/Robotics-Simulators/install/webots_sim/share/webots_sim/projects/appearances/protos/textures/tire_rubber/car_tire_rubber_roughness.jpg
/home/jannen/Documents/git/Robotics-Simulators/install/webots_sim/share/webots_sim/projects/appearances/protos/textures/tire_rubber/bike_tire_rubber_occlusion.jpg
/home/jannen/Documents/git/Robotics-Simulators/install/webots_sim/share/webots_sim/projects/appearances/protos/textures/tire_rubber/bike_tire_rubber_roughness.jpg
/home/jannen/Documents/git/Robotics-Simulators/install/webots_sim/share/webots_sim/projects/appearances/protos/textures/tire_rubber/car_tire_rubber_normal.jpg
/home/jannen/Documents/git/Robotics-Simulators/install/webots_sim/share/webots_sim/projects/appearances/protos/textures/tire_rubber/car_tire_rubber_occlusion.jpg
/home/jannen/Documents/git/Robotics-Simulators/install/webots_sim/share/webots_sim/projects/appearances/protos/textures/flexible_aluminium_duct/flexible_aluminium_duct_occlusion.jpg
/home/jannen/Documents/git/Robotics-Simulators/install/webots_sim/share/webots_sim/projects/appearances/protos/textures/flexible_aluminium_duct/flexible_aluminium_duct_base_color.jpg
/home/jannen/Documents/git/Robotics-Simulators/install/webots_sim/share/webots_sim/projects/appearances/protos/textures/flexible_aluminium_duct/flexible_aluminium_duct_roughness.jpg
/home/jannen/Documents/git/Robotics-Simulators/install/webots_sim/share/webots_sim/projects/appearances/protos/textures/flexible_aluminium_duct/flexible_aluminium_duct_normal.jpg
/home/jannen/Documents/git/Robotics-Simulators/install/webots_sim/share/webots_sim/projects/appearances/protos/textures/brushed_aluminium/brushed_aluminium_normal.jpg
/home/jannen/Documents/git/Robotics-Simulators/install/webots_sim/share/webots_sim/projects/appearances/protos/textures/brushed_aluminium/brushed_aluminium_base_color.jpg
/home/jannen/Documents/git/Robotics-Simulators/install/webots_sim/share/webots_sim/projects/appearances/protos/textures/brushed_aluminium/brushed_aluminium_roughness.jpg
/home/jannen/Documents/git/Robotics-Simulators/install/webots_sim/share/webots_sim/projects/appearances/protos/textures/thread_metal_plate/square_thread_metal_plate_metalness.jpg
/home/jannen/Documents/git/Robotics-Simulators/install/webots_sim/share/webots_sim/projects/appearances/protos/textures/thread_metal_plate/square_thread_metal_plate_normal.jpg
/home/jannen/Documents/git/Robotics-Simulators/install/webots_sim/share/webots_sim/projects/appearances/protos/textures/thread_metal_plate/oval_thread_metal_plate_metalness.jpg
/home/jannen/Documents/git/Robotics-Simulators/install/webots_sim/share/webots_sim/projects/appearances/protos/textures/thread_metal_plate/square_thread_metal_plate_base_color.jpg
/home/jannen/Documents/git/Robotics-Simulators/install/webots_sim/share/webots_sim/projects/appearances/protos/textures/thread_metal_plate/square_thread_metal_plate_occlusion.jpg
/home/jannen/Documents/git/Robotics-Simulators/install/webots_sim/share/webots_sim/projects/appearances/protos/textures/thread_metal_plate/square_thread_metal_plate_roughness.jpg
/home/jannen/Documents/git/Robotics-Simulators/install/webots_sim/share/webots_sim/projects/appearances/protos/textures/thread_metal_plate/oval_thread_metal_plate_roughness.jpg
/home/jannen/Documents/git/Robotics-Simulators/install/webots_sim/share/webots_sim/projects/appearances/protos/textures/thread_metal_plate/oval_thread_metal_plate_occlusion.jpg
/home/jannen/Documents/git/Robotics-Simulators/install/webots_sim/share/webots_sim/projects/appearances/protos/textures/thread_metal_plate/oval_thread_metal_plate_base_color.jpg
/home/jannen/Documents/git/Robotics-Simulators/install/webots_sim/share/webots_sim/projects/appearances/protos/textures/thread_metal_plate/oval_thread_metal_plate_normal.jpg
/home/jannen/Documents/git/Robotics-Simulators/install/webots_sim/share/webots_sim/projects/appearances/protos/textures/varnished_pine/varnished_pine_roughness.jpg
/home/jannen/Documents/git/Robotics-Simulators/install/webots_sim/share/webots_sim/projects/appearances/protos/textures/varnished_pine/varnished_pine_normal.jpg
/home/jannen/Documents/git/Robotics-Simulators/install/webots_sim/share/webots_sim/projects/appearances/protos/textures/varnished_pine/varnished_pine_base_color.jpg
/home/jannen/Documents/git/Robotics-Simulators/install/webots_sim/share/webots_sim/projects/appearances/protos/textures/varnished_pine/varnished_pine_occlusion.jpg
/home/jannen/Documents/git/Robotics-Simulators/install/webots_sim/share/webots_sim/projects/appearances/protos/icons/TireRubber.png
/home/jannen/Documents/git/Robotics-Simulators/install/webots_sim/share/webots_sim/projects/appearances/protos/icons/Rubber.png
/home/jannen/Documents/git/Robotics-Simulators/install/webots_sim/share/webots_sim/projects/appearances/protos/icons/Fabric.png
/home/jannen/Documents/git/Robotics-Simulators/install/webots_sim/share/webots_sim/projects/appearances/protos/icons/GalvanizedMetal.png
/home/jannen/Documents/git/Robotics-Simulators/install/webots_sim/share/webots_sim/projects/appearances/protos/icons/ScratchedPaint.png
/home/jannen/Documents/git/Robotics-Simulators/install/webots_sim/share/webots_sim/projects/appearances/protos/icons/PorcelainChevronTiles.png
/home/jannen/Documents/git/Robotics-Simulators/install/webots_sim/share/webots_sim/projects/appearances/protos/icons/StonePavement.png
/home/jannen/Documents/git/Robotics-Simulators/install/webots_sim/share/webots_sim/projects/appearances/protos/icons/MetalPipePaint.png
/home/jannen/Documents/git/Robotics-Simulators/install/webots_sim/share/webots_sim/projects/appearances/protos/icons/RoughPine.png
/home/jannen/Documents/git/Robotics-Simulators/install/webots_sim/share/webots_sim/projects/appearances/protos/icons/RoughConcrete.png
/home/jannen/Documents/git/Robotics-Simulators/install/webots_sim/share/webots_sim/projects/appearances/protos/icons/SquarePavement.png
/home/jannen/Documents/git/Robotics-Simulators/install/webots_sim/share/webots_sim/projects/appearances/protos/icons/MattePaint.png
/home/jannen/Documents/git/Robotics-Simulators/install/webots_sim/share/webots_sim/projects/appearances/protos/icons/Soil.png
/home/jannen/Documents/git/Robotics-Simulators/install/webots_sim/share/webots_sim/projects/appearances/protos/icons/Plaster.png
/home/jannen/Documents/git/Robotics-Simulators/install/webots_sim/share/webots_sim/projects/appearances/protos/icons/PaintedWood.png
/home/jannen/Documents/git/Robotics-Simulators/install/webots_sim/share/webots_sim/projects/appearances/protos/icons/CorrugatedMetal.png
/home/jannen/Documents/git/Robotics-Simulators/install/webots_sim/share/webots_sim/projects/appearances/protos/icons/OsbWood.png
/home/jannen/Documents/git/Robotics-Simulators/install/webots_sim/share/webots_sim/projects/appearances/protos/icons/GlossyPaint.png
/home/jannen/Documents/git/Robotics-Simulators/install/webots_sim/share/webots_sim/projects/appearances/protos/icons/Copper.png
/home/jannen/Documents/git/Robotics-Simulators/install/webots_sim/share/webots_sim/projects/appearances/protos/icons/Sand.png
/home/jannen/Documents/git/Robotics-Simulators/install/webots_sim/share/webots_sim/projects/appearances/protos/icons/OldPlywood.png
/home/jannen/Documents/git/Robotics-Simulators/install/webots_sim/share/webots_sim/projects/appearances/protos/icons/SlatePavement.png
/home/jannen/Documents/git/Robotics-Simulators/install/webots_sim/share/webots_sim/projects/appearances/protos/icons/HammeredCopper.png
/home/jannen/Documents/git/Robotics-Simulators/install/webots_sim/share/webots_sim/projects/appearances/protos/icons/DryMud.png
/home/jannen/Documents/git/Robotics-Simulators/install/webots_sim/share/webots_sim/projects/appearances/protos/icons/ElectricConduit.png
/home/jannen/Documents/git/Robotics-Simulators/install/webots_sim/share/webots_sim/projects/appearances/protos/icons/FlexibleAluminiumDuct.png
/home/jannen/Documents/git/Robotics-Simulators/install/webots_sim/share/webots_sim/projects/appearances/protos/icons/ScrewThread.png
/home/jannen/Documents/git/Robotics-Simulators/install/webots_sim/share/webots_sim/projects/appearances/protos/icons/ChequeredParquetry.png
/home/jannen/Documents/git/Robotics-Simulators/install/webots_sim/share/webots_sim/projects/appearances/protos/icons/BrushedAluminium.png
/home/jannen/Documents/git/Robotics-Simulators/install/webots_sim/share/webots_sim/projects/appearances/protos/icons/RustyMetal.png
/home/jannen/Documents/git/Robotics-Simulators/install/webots_sim/share/webots_sim/projects/appearances/protos/icons/RedBricks.png
/home/jannen/Documents/git/Robotics-Simulators/install/webots_sim/share/webots_sim/projects/appearances/protos/icons/Marble.png
/home/jannen/Documents/git/Robotics-Simulators/install/webots_sim/share/webots_sim/projects/appearances/protos/icons/Leather.png
/home/jannen/Documents/git/Robotics-Simulators/install/webots_sim/share/webots_sim/projects/appearances/protos/icons/Cardboard.png
/home/jannen/Documents/git/Robotics-Simulators/install/webots_sim/share/webots_sim/projects/appearances/protos/icons/Parquetry.png
/home/jannen/Documents/git/Robotics-Simulators/install/webots_sim/share/webots_sim/projects/appearances/protos/icons/Plastic.png
/home/jannen/Documents/git/Robotics-Simulators/install/webots_sim/share/webots_sim/projects/appearances/protos/icons/OldSteel.png
/home/jannen/Documents/git/Robotics-Simulators/install/webots_sim/share/webots_sim/projects/appearances/protos/icons/ScuffedPlastic.png
/home/jannen/Documents/git/Robotics-Simulators/install/webots_sim/share/webots_sim/projects/appearances/protos/icons/CarpetFibers.png
/home/jannen/Documents/git/Robotics-Simulators/install/webots_sim/share/webots_sim/projects/appearances/protos/icons/RoughOak.png
/home/jannen/Documents/git/Robotics-Simulators/install/webots_sim/share/webots_sim/projects/appearances/protos/icons/WireFence.png
/home/jannen/Documents/git/Robotics-Simulators/install/webots_sim/share/webots_sim/projects/appearances/protos/icons/MetalStainlessSteelCable.png
/home/jannen/Documents/git/Robotics-Simulators/install/webots_sim/share/webots_sim/projects/appearances/protos/icons/DamascusSteel.png
/home/jannen/Documents/git/Robotics-Simulators/install/webots_sim/share/webots_sim/projects/appearances/protos/icons/FormedConcrete.png
/home/jannen/Documents/git/Robotics-Simulators/install/webots_sim/share/webots_sim/projects/appearances/protos/icons/ReflectiveSurface.png
/home/jannen/Documents/git/Robotics-Simulators/install/webots_sim/share/webots_sim/projects/appearances/protos/icons/Asphalt.png
/home/jannen/Documents/git/Robotics-Simulators/install/webots_sim/share/webots_sim/projects/appearances/protos/icons/VarnishedPine.png
/home/jannen/Documents/git/Robotics-Simulators/install/webots_sim/share/webots_sim/projects/appearances/protos/icons/Grass.png
/home/jannen/Documents/git/Robotics-Simulators/install/webots_sim/share/webots_sim/projects/appearances/protos/icons/CementTiles.png
/home/jannen/Documents/git/Robotics-Simulators/install/webots_sim/share/webots_sim/projects/appearances/protos/icons/RoughPolymer.png
/home/jannen/Documents/git/Robotics-Simulators/install/webots_sim/share/webots_sim/projects/appearances/protos/icons/CorrugatedPlates.png
/home/jannen/Documents/git/Robotics-Simulators/install/webots_sim/share/webots_sim/projects/appearances/protos/icons/CorrodedMetal.png
/home/jannen/Documents/git/Robotics-Simulators/install/webots_sim/share/webots_sim/projects/appearances/protos/icons/Pavement.png
/home/jannen/Documents/git/Robotics-Simulators/install/webots_sim/share/webots_sim/projects/appearances/protos/icons/BlanketFabric.png
/home/jannen/Documents/git/Robotics-Simulators/install/webots_sim/share/webots_sim/projects/appearances/protos/icons/BakelitePlastic.png
/home/jannen/Documents/git/Robotics-Simulators/install/webots_sim/share/webots_sim/projects/appearances/protos/icons/BrushedSteel.png
/home/jannen/Documents/git/Robotics-Simulators/install/webots_sim/share/webots_sim/projects/appearances/protos/icons/PerforatedMetal.png
/home/jannen/Documents/git/Robotics-Simulators/install/webots_sim/share/webots_sim/projects/appearances/protos/icons/CorrugatedPvc.png
/home/jannen/Documents/git/Robotics-Simulators/install/webots_sim/share/webots_sim/projects/appearances/protos/icons/SandyGround.png
/home/jannen/Documents/git/Robotics-Simulators/install/webots_sim/share/webots_sim/projects/appearances/protos/icons/WornBurlap.png
/home/jannen/Documents/git/Robotics-Simulators/install/webots_sim/share/webots_sim/projects/appearances/protos/icons/Roughcast.png
/home/jannen/Documents/git/Robotics-Simulators/install/webots_sim/share/webots_sim/projects/appearances/protos/icons/ThreadMetalPlate.png
/home/jannen/Documents/git/Robotics-Simulators/install/webots_sim/share/webots_sim/projects/appearances/protos/icons/MarbleTiles.png
/home/jannen/Documents/git/Robotics-Simulators/install/webots_sim/share/webots_sim/projects/appearances/protos/icons/ShinyLeather.png
/home/jannen/Documents/git/Robotics-Simulators/install/webots_sim/share/webots_sim/projects/appearances/protos/icons/DarkParquetry.png
/home/jannen/Documents/git/Robotics-Simulators/install/webots_sim/share/webots_sim/projects/appearances/protos/icons/Pcb.png
/home/jannen/Documents/git/Robotics-Simulators/install/webots_sim/share/webots_sim/projects/appearances/protos/icons/LedStrip.png
/home/jannen/Documents/git/Robotics-Simulators/install/webots_sim/share/webots_sim/projects/appearances/protos/icons/SolarCell.png
/home/jannen/Documents/git/Robotics-Simulators/install/webots_sim/share/webots_sim/projects/devices/orbbec/webots.yaml
/home/jannen/Documents/git/Robotics-Simulators/install/webots_sim/share/webots_sim/projects/devices/orbbec/protos/Astra.proto
/home/jannen/Documents/git/Robotics-Simulators/install/webots_sim/share/webots_sim/projects/devices/orbbec/protos/docs/astra.md
/home/jannen/Documents/git/Robotics-Simulators/install/webots_sim/share/webots_sim/projects/devices/orbbec/protos/meshes/astra.obj
/home/jannen/Documents/git/Robotics-Simulators/install/webots_sim/share/webots_sim/projects/devices/orbbec/protos/icons/Astra.png
/home/jannen/Documents/git/Robotics-Simulators/install/webots_sim/share/webots_sim/projects/devices/tdk/webots.yaml
/home/jannen/Documents/git/Robotics-Simulators/install/webots_sim/share/webots_sim/projects/devices/tdk/protos/Mpu-9250.proto
/home/jannen/Documents/git/Robotics-Simulators/install/webots_sim/share/webots_sim/projects/devices/tdk/protos/docs/mpu-9250.md
/home/jannen/Documents/git/Robotics-Simulators/install/webots_sim/share/webots_sim/projects/devices/tdk/protos/icons/Mpu-9250.png
/home/jannen/Documents/git/Robotics-Simulators/install/webots_sim/share/webots_sim/projects/devices/slamtec/webots.yaml
/home/jannen/Documents/git/Robotics-Simulators/install/webots_sim/share/webots_sim/projects/devices/slamtec/protos/RpLidarA2.proto
/home/jannen/Documents/git/Robotics-Simulators/install/webots_sim/share/webots_sim/projects/devices/slamtec/protos/docs/rplidara2.md
/home/jannen/Documents/git/Robotics-Simulators/install/webots_sim/share/webots_sim/projects/devices/slamtec/protos/meshes/rplidar_top.obj
/home/jannen/Documents/git/Robotics-Simulators/install/webots_sim/share/webots_sim/projects/devices/slamtec/protos/meshes/rplidar_bottom.obj
/home/jannen/Documents/git/Robotics-Simulators/install/webots_sim/share/webots_sim/projects/devices/slamtec/protos/icons/RpLidarA2.png
/home/jannen/Documents/git/Robotics-Simulators/install/webots_sim/share/webots_sim/projects/robots/Makefile
/home/jannen/Documents/git/Robotics-Simulators/install/webots_sim/share/webots_sim/projects/robots/husarion/rosbot_xl/webots.yaml
/home/jannen/Documents/git/Robotics-Simulators/install/webots_sim/share/webots_sim/projects/robots/husarion/rosbot_xl/protos/RosbotXl.proto
/home/jannen/Documents/git/Robotics-Simulators/install/webots_sim/share/webots_sim/projects/robots/husarion/rosbot_xl/protos/docs/rosbotxl.md
/home/jannen/Documents/git/Robotics-Simulators/install/webots_sim/share/webots_sim/projects/robots/husarion/rosbot_xl/protos/docs/images/rosbot_xl/rosbot_xl.wbt.png
/home/jannen/Documents/git/Robotics-Simulators/install/webots_sim/share/webots_sim/projects/robots/husarion/rosbot_xl/protos/docs/images/rosbot_xl/rosbot_xl.wbt.thumbnail.jpg
/home/jannen/Documents/git/Robotics-Simulators/install/webots_sim/share/webots_sim/projects/robots/husarion/rosbot_xl/protos/meshes/wheel_b.dae
/home/jannen/Documents/git/Robotics-Simulators/install/webots_sim/share/webots_sim/projects/robots/husarion/rosbot_xl/protos/meshes/body_collision.stl
/home/jannen/Documents/git/Robotics-Simulators/install/webots_sim/share/webots_sim/projects/robots/husarion/rosbot_xl/protos/meshes/mecanum_a.dae
/home/jannen/Documents/git/Robotics-Simulators/install/webots_sim/share/webots_sim/projects/robots/husarion/rosbot_xl/protos/meshes/body.dae
/home/jannen/Documents/git/Robotics-Simulators/install/webots_sim/share/webots_sim/projects/robots/husarion/rosbot_xl/protos/meshes/wheel_a.dae
/home/jannen/Documents/git/Robotics-Simulators/install/webots_sim/share/webots_sim/projects/robots/husarion/rosbot_xl/protos/meshes/mecanum_b.dae
/home/jannen/Documents/git/Robotics-Simulators/install/webots_sim/share/webots_sim/projects/robots/husarion/rosbot_xl/protos/icons/RosbotXl.png
/home/jannen/Documents/git/Robotics-Simulators/install/webots_sim/share/webots_sim/projects/robots/husarion/rosbot_xl/worlds/rosbot_xl.wbt
/home/jannen/Documents/git/Robotics-Simulators/install/webots_sim/share/webots_sim/projects/robots/husarion/rosbot_xl/worlds/.rosbot_xl.wbproj
/home/jannen/Documents/git/Robotics-Simulators/install/webots_sim/share/webots_sim/projects/robots/husarion/rosbot_xl/worlds/meshes/husarion_world.dae
/home/jannen/Documents/git/Robotics-Simulators/install/webots_sim/share/webots_sim/projects/robots/husarion/rosbot/webots.yaml
/home/jannen/Documents/git/Robotics-Simulators/install/webots_sim/share/webots_sim/projects/robots/husarion/rosbot/protos/Rosbot.proto
/home/jannen/Documents/git/Robotics-Simulators/install/webots_sim/share/webots_sim/projects/robots/husarion/rosbot/protos/docs/rosbot.md
/home/jannen/Documents/git/Robotics-Simulators/install/webots_sim/share/webots_sim/projects/robots/husarion/rosbot/protos/docs/images/rosbot/distance_sensors.png
/home/jannen/Documents/git/Robotics-Simulators/install/webots_sim/share/webots_sim/projects/robots/husarion/rosbot/protos/docs/images/rosbot/rosbot.wbt.thumbnail.jpg
/home/jannen/Documents/git/Robotics-Simulators/install/webots_sim/share/webots_sim/projects/robots/husarion/rosbot/protos/docs/images/rosbot/rosbot.wbt.png
/home/jannen/Documents/git/Robotics-Simulators/install/webots_sim/share/webots_sim/projects/robots/husarion/rosbot/protos/docs/images/rosbot/distance_sensors.thumbnail.jpg
/home/jannen/Documents/git/Robotics-Simulators/install/webots_sim/share/webots_sim/projects/robots/husarion/rosbot/protos/meshes/cover.obj
/home/jannen/Documents/git/Robotics-Simulators/install/webots_sim/share/webots_sim/projects/robots/husarion/rosbot/protos/meshes/black_ports.obj
/home/jannen/Documents/git/Robotics-Simulators/install/webots_sim/share/webots_sim/projects/robots/husarion/rosbot/protos/meshes/proximity_sensors.obj
/home/jannen/Documents/git/Robotics-Simulators/install/webots_sim/share/webots_sim/projects/robots/husarion/rosbot/protos/meshes/metallic_connections.obj
/home/jannen/Documents/git/Robotics-Simulators/install/webots_sim/share/webots_sim/projects/robots/husarion/rosbot/protos/meshes/wheel_tire.obj
/home/jannen/Documents/git/Robotics-Simulators/install/webots_sim/share/webots_sim/projects/robots/husarion/rosbot/protos/meshes/screw.obj
/home/jannen/Documents/git/Robotics-Simulators/install/webots_sim/share/webots_sim/projects/robots/husarion/rosbot/protos/meshes/wheel_rim.obj
/home/jannen/Documents/git/Robotics-Simulators/install/webots_sim/share/webots_sim/projects/robots/husarion/rosbot/protos/meshes/body.obj
/home/jannen/Documents/git/Robotics-Simulators/install/webots_sim/share/webots_sim/projects/robots/husarion/rosbot/protos/icons/Rosbot.png
/home/jannen/Documents/git/Robotics-Simulators/install/webots_sim/share/webots_sim/projects/robots/husarion/rosbot/controllers/Makefile
/home/jannen/Documents/git/Robotics-Simulators/install/webots_sim/share/webots_sim/projects/robots/husarion/rosbot/controllers/rosbot/Makefile
/home/jannen/Documents/git/Robotics-Simulators/install/webots_sim/share/webots_sim/projects/robots/husarion/rosbot/controllers/rosbot/rosbot.c
/home/jannen/Documents/git/Robotics-Simulators/install/webots_sim/share/webots_sim/projects/robots/husarion/rosbot/controllers/rosbot/.gitignore
/home/jannen/Documents/git/Robotics-Simulators/install/webots_sim/share/webots_sim/projects/robots/husarion/rosbot/worlds/.rosbot.wbproj
/home/jannen/Documents/git/Robotics-Simulators/install/webots_sim/share/webots_sim/projects/robots/husarion/rosbot/worlds/rosbot.wbt
/home/jannen/Documents/git/Robotics-Simulators/install/webots_sim/share/webots_sim/worlds/null_world_new.wbt
/home/jannen/Documents/git/Robotics-Simulators/install/webots_sim/share/webots_sim/worlds/potential_field_gazebo.world
/home/jannen/Documents/git/Robotics-Simulators/install/webots_sim/share/webots_sim/worlds/.null_world_new.jpg
/home/jannen/Documents/git/Robotics-Simulators/install/webots_sim/share/webots_sim/worlds/closed_walls.world
/home/jannen/Documents/git/Robotics-Simulators/install/webots_sim/share/webots_sim/worlds/.robile_world.jpg
/home/jannen/Documents/git/Robotics-Simulators/install/webots_sim/share/webots_sim/worlds/robile_world.wbt
/home/jannen/Documents/git/Robotics-Simulators/install/webots_sim/share/webots_sim/worlds/null_world.wbt
/home/jannen/Documents/git/Robotics-Simulators/install/webots_sim/share/webots_sim/worlds/.null_world.jpg
/home/jannen/Documents/git/Robotics-Simulators/install/webots_sim/share/webots_sim/worlds/.null_world.wbproj
/home/jannen/Documents/git/Robotics-Simulators/install/webots_sim/share/webots_sim/worlds/meshes/robile_brick_housing/lid_cover_green.dae
/home/jannen/Documents/git/Robotics-Simulators/install/webots_sim/share/webots_sim/worlds/meshes/robile_brick_housing/wheeled_brick_housing.dae
/home/jannen/Documents/git/Robotics-Simulators/install/webots_sim/share/webots_sim/worlds/meshes/robile_brick_housing/lid_cover_red.dae
/home/jannen/Documents/git/Robotics-Simulators/install/webots_sim/share/webots_sim/worlds/meshes/robile_brick_housing/lid.dae
/home/jannen/Documents/git/Robotics-Simulators/install/webots_sim/share/webots_sim/worlds/meshes/robile_brick_housing/lid_cover_yellow.dae
/home/jannen/Documents/git/Robotics-Simulators/install/webots_sim/share/webots_sim/worlds/meshes/robile_brick_housing/lid_cover_blue.dae
/home/jannen/Documents/git/Robotics-Simulators/install/webots_sim/share/webots_sim/worlds/meshes/robile_brick_housing/general_brick_housing.dae
/home/jannen/Documents/git/Robotics-Simulators/install/webots_sim/share/webots_sim/worlds/meshes/passive_caster_wheel/pivot.dae
/home/jannen/Documents/git/Robotics-Simulators/install/webots_sim/share/webots_sim/worlds/meshes/passive_caster_wheel/wheel.dae
/home/jannen/Documents/git/Robotics-Simulators/install/webots_sim/share/webots_sim/worlds/meshes/sensors/sick-lms1xx.dae
/home/jannen/Documents/git/Robotics-Simulators/install/webots_sim/share/webots_sim/worlds/meshes/sensors/hokuyo_convex.dae
/home/jannen/Documents/git/Robotics-Simulators/install/webots_sim/share/webots_sim/worlds/meshes/sensors/hokuyo.dae
/home/jannen/Documents/git/Robotics-Simulators/install/webots_sim/share/webots_sim/worlds/meshes/kelo_drive/kelo_drive_base.dae
/home/jannen/Documents/git/Robotics-Simulators/install/webots_sim/share/webots_sim/worlds/meshes/kelo_drive/kelo_drive_wheel.dae
/home/jannen/Documents/git/Robotics-Simulators/install/webots_sim/share/webots_sim/launch/rosbot.launch.py
/home/jannen/Documents/git/Robotics-Simulators/install/webots_sim/share/webots_sim/launch/gazebo_4_wheel.launch.py
/home/jannen/Documents/git/Robotics-Simulators/install/webots_sim/share/webots_sim/launch/webots_robile_launch.py
/home/jannen/Documents/git/Robotics-Simulators/install/webots_sim/share/webots_sim/config/rviz/robile_rolling.rviz
/home/jannen/Documents/git/Robotics-Simulators/install/webots_sim/share/webots_sim/config/rviz/robile.rviz
/home/jannen/Documents/git/Robotics-Simulators/install/webots_sim/share/webots_sim/config/rviz/robile_foxy_nav.rviz
/home/jannen/Documents/git/Robotics-Simulators/install/webots_sim/share/webots_sim/config/doxygen/Doxyfile.in
/home/jannen/Documents/git/Robotics-Simulators/install/webots_sim/share/webots_sim/controllers/rosbot_controller/rosbot_controller.py
/home/jannen/Documents/git/Robotics-Simulators/install/webots_sim/share/webots_sim/controllers/robile_controller/robile_controller.py
/home/jannen/Documents/git/Robotics-Simulators/install/webots_sim/lib/python3.10/site-packages/webots_sim-0.0.1-py3.10.egg-info/SOURCES.txt
/home/jannen/Documents/git/Robotics-Simulators/install/webots_sim/lib/python3.10/site-packages/webots_sim-0.0.1-py3.10.egg-info/zip-safe
/home/jannen/Documents/git/Robotics-Simulators/install/webots_sim/lib/python3.10/site-packages/webots_sim-0.0.1-py3.10.egg-info/dependency_links.txt
/home/jannen/Documents/git/Robotics-Simulators/install/webots_sim/lib/python3.10/site-packages/webots_sim-0.0.1-py3.10.egg-info/entry_points.txt
/home/jannen/Documents/git/Robotics-Simulators/install/webots_sim/lib/python3.10/site-packages/webots_sim-0.0.1-py3.10.egg-info/requires.txt
/home/jannen/Documents/git/Robotics-Simulators/install/webots_sim/lib/python3.10/site-packages/webots_sim-0.0.1-py3.10.egg-info/top_level.txt
/home/jannen/Documents/git/Robotics-Simulators/install/webots_sim/lib/python3.10/site-packages/webots_sim-0.0.1-py3.10.egg-info/PKG-INFO
/home/jannen/Documents/git/Robotics-Simulators/install/webots_sim/lib/webots_sim/planner
/home/jannen/Documents/git/Robotics-Simulators/install/webots_sim/lib/webots_sim/state_machine
