[0.063s] DEBUG:colcon:Command line arguments: ['/usr/bin/colcon', 'build']
[0.063s] DEBUG:colcon:Parsed command line arguments: Namespace(log_base=None, log_level=None, verb_name='build', build_base='build', install_base='install', merge_install=False, symlink_install=False, test_result_base=None, continue_on_error=False, executor='parallel', parallel_workers=22, event_handlers=None, ignore_user_meta=False, metas=['./colcon.meta'], base_paths=['.'], packages_ignore=None, packages_ignore_regex=None, paths=None, packages_up_to=None, packages_up_to_regex=None, packages_above=None, packages_above_and_dependencies=None, packages_above_depth=None, packages_select_by_dep=None, packages_skip_by_dep=None, packages_skip_up_to=None, packages_select_build_failed=False, packages_skip_build_finished=False, packages_select_test_failures=False, packages_skip_test_passed=False, packages_select=None, packages_skip=None, packages_select_regex=None, packages_skip_regex=None, packages_start=None, packages_end=None, allow_overriding=[], cmake_args=None, cmake_target=None, cmake_target_skip_unavailable=False, cmake_clean_cache=False, cmake_clean_first=False, cmake_force_configure=False, ament_cmake_args=None, catkin_cmake_args=None, catkin_skip_building_tests=False, mixin_files=None, mixin=None, verb_parser=<colcon_mixin.mixin.mixin_argument.MixinArgumentDecorator object at 0x7b2b5205a200>, verb_extension=<colcon_core.verb.build.BuildVerb object at 0x7b2b52059a80>, main=<bound method BuildVerb.main of <colcon_core.verb.build.BuildVerb object at 0x7b2b52059a80>>, mixin_verb=('build',))
[0.087s] Level 1:colcon.colcon_core.package_discovery:discover_packages(colcon_meta) check parameters
[0.087s] Level 1:colcon.colcon_core.package_discovery:discover_packages(recursive) check parameters
[0.087s] Level 1:colcon.colcon_core.package_discovery:discover_packages(ignore) check parameters
[0.088s] Level 1:colcon.colcon_core.package_discovery:discover_packages(path) check parameters
[0.088s] Level 1:colcon.colcon_core.package_discovery:discover_packages(colcon_meta) discover
[0.088s] Level 1:colcon.colcon_core.package_discovery:discover_packages(recursive) discover
[0.088s] INFO:colcon.colcon_core.package_discovery:Crawling recursively for packages in '/home/jannen/Documents/git/Robotics-Simulators'
[0.088s] Level 1:colcon.colcon_core.package_identification:_identify(.) by extensions ['ignore', 'ignore_ament_install']
[0.088s] Level 1:colcon.colcon_core.package_identification:_identify(.) by extension 'ignore'
[0.088s] Level 1:colcon.colcon_core.package_identification:_identify(.) by extension 'ignore_ament_install'
[0.088s] Level 1:colcon.colcon_core.package_identification:_identify(.) by extensions ['colcon_pkg']
[0.088s] Level 1:colcon.colcon_core.package_identification:_identify(.) by extension 'colcon_pkg'
[0.088s] Level 1:colcon.colcon_core.package_identification:_identify(.) by extensions ['colcon_meta']
[0.088s] Level 1:colcon.colcon_core.package_identification:_identify(.) by extension 'colcon_meta'
[0.088s] Level 1:colcon.colcon_core.package_identification:_identify(.) by extensions ['ros']
[0.088s] Level 1:colcon.colcon_core.package_identification:_identify(.) by extension 'ros'
[0.104s] Level 1:colcon.colcon_core.package_identification:_identify(.) by extensions ['cmake', 'python']
[0.104s] Level 1:colcon.colcon_core.package_identification:_identify(.) by extension 'cmake'
[0.104s] Level 1:colcon.colcon_core.package_identification:_identify(.) by extension 'python'
[0.104s] Level 1:colcon.colcon_core.package_identification:_identify(.) by extensions ['python_setup_py']
[0.104s] Level 1:colcon.colcon_core.package_identification:_identify(.) by extension 'python_setup_py'
[0.104s] Level 1:colcon.colcon_core.package_identification:_identify(build) by extensions ['ignore', 'ignore_ament_install']
[0.104s] Level 1:colcon.colcon_core.package_identification:_identify(build) by extension 'ignore'
[0.104s] Level 1:colcon.colcon_core.package_identification:_identify(build) ignored
[0.104s] Level 1:colcon.colcon_core.package_identification:_identify(install) by extensions ['ignore', 'ignore_ament_install']
[0.104s] Level 1:colcon.colcon_core.package_identification:_identify(install) by extension 'ignore'
[0.104s] Level 1:colcon.colcon_core.package_identification:_identify(install) ignored
[0.104s] Level 1:colcon.colcon_core.package_identification:_identify(log) by extensions ['ignore', 'ignore_ament_install']
[0.104s] Level 1:colcon.colcon_core.package_identification:_identify(log) by extension 'ignore'
[0.104s] Level 1:colcon.colcon_core.package_identification:_identify(log) ignored
[0.104s] Level 1:colcon.colcon_core.package_identification:_identify(src) by extensions ['ignore', 'ignore_ament_install']
[0.104s] Level 1:colcon.colcon_core.package_identification:_identify(src) by extension 'ignore'
[0.104s] Level 1:colcon.colcon_core.package_identification:_identify(src) by extension 'ignore_ament_install'
[0.104s] Level 1:colcon.colcon_core.package_identification:_identify(src) by extensions ['colcon_pkg']
[0.105s] Level 1:colcon.colcon_core.package_identification:_identify(src) by extension 'colcon_pkg'
[0.105s] Level 1:colcon.colcon_core.package_identification:_identify(src) by extensions ['colcon_meta']
[0.105s] Level 1:colcon.colcon_core.package_identification:_identify(src) by extension 'colcon_meta'
[0.105s] Level 1:colcon.colcon_core.package_identification:_identify(src) by extensions ['ros']
[0.105s] Level 1:colcon.colcon_core.package_identification:_identify(src) by extension 'ros'
[0.105s] Level 1:colcon.colcon_core.package_identification:_identify(src) by extensions ['cmake', 'python']
[0.105s] Level 1:colcon.colcon_core.package_identification:_identify(src) by extension 'cmake'
[0.105s] Level 1:colcon.colcon_core.package_identification:_identify(src) by extension 'python'
[0.105s] Level 1:colcon.colcon_core.package_identification:_identify(src) by extensions ['python_setup_py']
[0.105s] Level 1:colcon.colcon_core.package_identification:_identify(src) by extension 'python_setup_py'
[0.105s] Level 1:colcon.colcon_core.package_identification:_identify(src/webots_sim) by extensions ['ignore', 'ignore_ament_install']
[0.105s] Level 1:colcon.colcon_core.package_identification:_identify(src/webots_sim) by extension 'ignore'
[0.105s] Level 1:colcon.colcon_core.package_identification:_identify(src/webots_sim) by extension 'ignore_ament_install'
[0.105s] Level 1:colcon.colcon_core.package_identification:_identify(src/webots_sim) by extensions ['colcon_pkg']
[0.105s] Level 1:colcon.colcon_core.package_identification:_identify(src/webots_sim) by extension 'colcon_pkg'
[0.105s] Level 1:colcon.colcon_core.package_identification:_identify(src/webots_sim) by extensions ['colcon_meta']
[0.105s] Level 1:colcon.colcon_core.package_identification:_identify(src/webots_sim) by extension 'colcon_meta'
[0.105s] Level 1:colcon.colcon_core.package_identification:_identify(src/webots_sim) by extensions ['ros']
[0.105s] Level 1:colcon.colcon_core.package_identification:_identify(src/webots_sim) by extension 'ros'
[0.107s] DEBUG:colcon.colcon_core.package_identification:Package 'src/webots_sim' with type 'ros.ament_python' and name 'webots_sim'
[0.107s] Level 1:colcon.colcon_core.package_discovery:discover_packages(recursive) using defaults
[0.107s] Level 1:colcon.colcon_core.package_discovery:discover_packages(ignore) discover
[0.107s] Level 1:colcon.colcon_core.package_discovery:discover_packages(ignore) using defaults
[0.107s] Level 1:colcon.colcon_core.package_discovery:discover_packages(path) discover
[0.107s] Level 1:colcon.colcon_core.package_discovery:discover_packages(path) using defaults
[0.118s] Level 1:colcon.colcon_core.package_discovery:discover_packages(prefix_path) check parameters
[0.118s] Level 1:colcon.colcon_core.package_discovery:discover_packages(prefix_path) discover
[0.119s] DEBUG:colcon.colcon_installed_package_information.package_discovery:Found 1 installed packages in /home/jannen/Documents/git/Robotics-Simulators/install
[0.120s] DEBUG:colcon.colcon_installed_package_information.package_discovery:Found 407 installed packages in /opt/ros/humble
[0.121s] Level 1:colcon.colcon_core.package_discovery:discover_packages(prefix_path) using defaults
[0.156s] Level 5:colcon.colcon_core.verb:set package 'webots_sim' build argument 'cmake_args' from command line to 'None'
[0.156s] Level 5:colcon.colcon_core.verb:set package 'webots_sim' build argument 'cmake_target' from command line to 'None'
[0.156s] Level 5:colcon.colcon_core.verb:set package 'webots_sim' build argument 'cmake_target_skip_unavailable' from command line to 'False'
[0.156s] Level 5:colcon.colcon_core.verb:set package 'webots_sim' build argument 'cmake_clean_cache' from command line to 'False'
[0.156s] Level 5:colcon.colcon_core.verb:set package 'webots_sim' build argument 'cmake_clean_first' from command line to 'False'
[0.156s] Level 5:colcon.colcon_core.verb:set package 'webots_sim' build argument 'cmake_force_configure' from command line to 'False'
[0.156s] Level 5:colcon.colcon_core.verb:set package 'webots_sim' build argument 'ament_cmake_args' from command line to 'None'
[0.156s] Level 5:colcon.colcon_core.verb:set package 'webots_sim' build argument 'catkin_cmake_args' from command line to 'None'
[0.156s] Level 5:colcon.colcon_core.verb:set package 'webots_sim' build argument 'catkin_skip_building_tests' from command line to 'False'
[0.156s] DEBUG:colcon.colcon_core.verb:Building package 'webots_sim' with the following arguments: {'ament_cmake_args': None, 'build_base': '/home/jannen/Documents/git/Robotics-Simulators/build/webots_sim', 'catkin_cmake_args': None, 'catkin_skip_building_tests': False, 'cmake_args': None, 'cmake_clean_cache': False, 'cmake_clean_first': False, 'cmake_force_configure': False, 'cmake_target': None, 'cmake_target_skip_unavailable': False, 'install_base': '/home/jannen/Documents/git/Robotics-Simulators/install/webots_sim', 'merge_install': False, 'path': '/home/jannen/Documents/git/Robotics-Simulators/src/webots_sim', 'symlink_install': False, 'test_result_base': None}
[0.156s] INFO:colcon.colcon_core.executor:Executing jobs using 'parallel' executor
[0.157s] DEBUG:colcon.colcon_parallel_executor.executor.parallel:run_until_complete
[0.157s] INFO:colcon.colcon_ros.task.ament_python.build:Building ROS package in '/home/jannen/Documents/git/Robotics-Simulators/src/webots_sim' with build type 'ament_python'
[0.157s] Level 1:colcon.colcon_core.shell:create_environment_hook('webots_sim', 'ament_prefix_path')
[0.158s] INFO:colcon.colcon_core.plugin_system:Skipping extension 'colcon_core.shell.bat': Not used on non-Windows systems
[0.158s] INFO:colcon.colcon_core.shell:Creating environment hook '/home/jannen/Documents/git/Robotics-Simulators/install/webots_sim/share/webots_sim/hook/ament_prefix_path.ps1'
[0.159s] INFO:colcon.colcon_core.shell:Creating environment descriptor '/home/jannen/Documents/git/Robotics-Simulators/install/webots_sim/share/webots_sim/hook/ament_prefix_path.dsv'
[0.159s] INFO:colcon.colcon_core.shell:Creating environment hook '/home/jannen/Documents/git/Robotics-Simulators/install/webots_sim/share/webots_sim/hook/ament_prefix_path.sh'
[0.160s] INFO:colcon.colcon_core.shell:Skip shell extension 'powershell' for command environment: Not usable outside of PowerShell
[0.160s] DEBUG:colcon.colcon_core.shell:Skip shell extension 'dsv' for command environment
[0.351s] INFO:colcon.colcon_core.task.python.build:Building Python package in '/home/jannen/Documents/git/Robotics-Simulators/src/webots_sim'
[0.352s] INFO:colcon.colcon_core.shell:Skip shell extension 'powershell' for command environment: Not usable outside of PowerShell
[0.352s] DEBUG:colcon.colcon_core.shell:Skip shell extension 'dsv' for command environment
[0.659s] DEBUG:colcon.colcon_core.event_handler.log_command:Invoking command in '/home/jannen/Documents/git/Robotics-Simulators/src/webots_sim': PYTHONPATH=/home/jannen/Documents/git/Robotics-Simulators/build/webots_sim/prefix_override:/usr/lib/python3/dist-packages/colcon_core/task/python/colcon_distutils_commands:/home/jannen/Documents/git/Robotics-Simulators/install/webots_sim/lib/python3.10/site-packages:${PYTHONPATH} /usr/bin/python3 -W ignore:setup.py install is deprecated -W ignore:easy_install command is deprecated setup.py egg_info --egg-base ../../build/webots_sim build --build-base /home/jannen/Documents/git/Robotics-Simulators/build/webots_sim/build install --record /home/jannen/Documents/git/Robotics-Simulators/build/webots_sim/install.log --single-version-externally-managed install_data
[1.747s] DEBUG:colcon.colcon_core.event_handler.log_command:Invoked command in '/home/jannen/Documents/git/Robotics-Simulators/src/webots_sim' returned '0': PYTHONPATH=/home/jannen/Documents/git/Robotics-Simulators/build/webots_sim/prefix_override:/usr/lib/python3/dist-packages/colcon_core/task/python/colcon_distutils_commands:/home/jannen/Documents/git/Robotics-Simulators/install/webots_sim/lib/python3.10/site-packages:${PYTHONPATH} /usr/bin/python3 -W ignore:setup.py install is deprecated -W ignore:easy_install command is deprecated setup.py egg_info --egg-base ../../build/webots_sim build --build-base /home/jannen/Documents/git/Robotics-Simulators/build/webots_sim/build install --record /home/jannen/Documents/git/Robotics-Simulators/build/webots_sim/install.log --single-version-externally-managed install_data
[1.749s] Level 1:colcon.colcon_core.environment:checking '/home/jannen/Documents/git/Robotics-Simulators/install/webots_sim' for CMake module files
[1.749s] Level 1:colcon.colcon_core.environment:checking '/home/jannen/Documents/git/Robotics-Simulators/install/webots_sim' for CMake config files
[1.762s] Level 1:colcon.colcon_core.environment:checking '/home/jannen/Documents/git/Robotics-Simulators/install/webots_sim/lib'
[1.762s] Level 1:colcon.colcon_core.environment:checking '/home/jannen/Documents/git/Robotics-Simulators/install/webots_sim/bin'
[1.763s] Level 1:colcon.colcon_core.shell:create_environment_hook('webots_sim', 'path')
[1.763s] INFO:colcon.colcon_core.shell:Creating environment hook '/home/jannen/Documents/git/Robotics-Simulators/install/webots_sim/share/webots_sim/hook/path.ps1'
[1.763s] INFO:colcon.colcon_core.shell:Creating environment descriptor '/home/jannen/Documents/git/Robotics-Simulators/install/webots_sim/share/webots_sim/hook/path.dsv'
[1.763s] INFO:colcon.colcon_core.shell:Creating environment hook '/home/jannen/Documents/git/Robotics-Simulators/install/webots_sim/share/webots_sim/hook/path.sh'
[1.764s] Level 1:colcon.colcon_core.environment:checking '/home/jannen/Documents/git/Robotics-Simulators/install/webots_sim/lib/pkgconfig/webots_sim.pc'
[1.764s] Level 1:colcon.colcon_core.environment:checking '/home/jannen/Documents/git/Robotics-Simulators/install/webots_sim/lib/python3.10/site-packages'
[1.764s] Level 1:colcon.colcon_core.shell:create_environment_hook('webots_sim', 'pythonpath')
[1.764s] INFO:colcon.colcon_core.shell:Creating environment hook '/home/jannen/Documents/git/Robotics-Simulators/install/webots_sim/share/webots_sim/hook/pythonpath.ps1'
[1.765s] INFO:colcon.colcon_core.shell:Creating environment descriptor '/home/jannen/Documents/git/Robotics-Simulators/install/webots_sim/share/webots_sim/hook/pythonpath.dsv'
[1.765s] INFO:colcon.colcon_core.shell:Creating environment hook '/home/jannen/Documents/git/Robotics-Simulators/install/webots_sim/share/webots_sim/hook/pythonpath.sh'
[1.765s] Level 1:colcon.colcon_core.environment:checking '/home/jannen/Documents/git/Robotics-Simulators/install/webots_sim/bin'
[1.765s] Level 1:colcon.colcon_core.shell:create_environment_hook('webots_sim', 'pythonscriptspath')
[1.765s] INFO:colcon.colcon_core.shell:Creating environment hook '/home/jannen/Documents/git/Robotics-Simulators/install/webots_sim/share/webots_sim/hook/pythonscriptspath.ps1'
[1.766s] INFO:colcon.colcon_core.shell:Creating environment descriptor '/home/jannen/Documents/git/Robotics-Simulators/install/webots_sim/share/webots_sim/hook/pythonscriptspath.dsv'
[1.766s] INFO:colcon.colcon_core.shell:Creating environment hook '/home/jannen/Documents/git/Robotics-Simulators/install/webots_sim/share/webots_sim/hook/pythonscriptspath.sh'
[1.766s] Level 1:colcon.colcon_core.environment:create_environment_scripts_only(webots_sim)
[1.766s] INFO:colcon.colcon_core.shell:Creating package script '/home/jannen/Documents/git/Robotics-Simulators/install/webots_sim/share/webots_sim/package.ps1'
[1.767s] INFO:colcon.colcon_core.shell:Creating package descriptor '/home/jannen/Documents/git/Robotics-Simulators/install/webots_sim/share/webots_sim/package.dsv'
[1.768s] INFO:colcon.colcon_core.shell:Creating package script '/home/jannen/Documents/git/Robotics-Simulators/install/webots_sim/share/webots_sim/package.sh'
[1.768s] INFO:colcon.colcon_core.shell:Creating package script '/home/jannen/Documents/git/Robotics-Simulators/install/webots_sim/share/webots_sim/package.bash'
[1.769s] INFO:colcon.colcon_core.shell:Creating package script '/home/jannen/Documents/git/Robotics-Simulators/install/webots_sim/share/webots_sim/package.zsh'
[1.769s] Level 1:colcon.colcon_core.environment:create_file_with_runtime_dependencies(/home/jannen/Documents/git/Robotics-Simulators/install/webots_sim/share/colcon-core/packages/webots_sim)
[1.769s] DEBUG:colcon.colcon_parallel_executor.executor.parallel:closing loop
[1.770s] DEBUG:colcon.colcon_parallel_executor.executor.parallel:loop closed
[1.770s] DEBUG:colcon.colcon_parallel_executor.executor.parallel:run_until_complete finished with '0'
[1.770s] DEBUG:colcon.colcon_core.event_reactor:joining thread
[1.774s] INFO:colcon.colcon_core.plugin_system:Skipping extension 'colcon_notification.desktop_notification.terminal_notifier': Not used on non-Darwin systems
[1.774s] INFO:colcon.colcon_core.plugin_system:Skipping extension 'colcon_notification.desktop_notification.win32': Not used on non-Windows systems
[1.774s] INFO:colcon.colcon_notification.desktop_notification:Sending desktop notification using 'notify2'
[1.786s] DEBUG:colcon.colcon_core.event_reactor:joined thread
[1.787s] INFO:colcon.colcon_core.shell:Creating prefix script '/home/jannen/Documents/git/Robotics-Simulators/install/local_setup.ps1'
[1.787s] INFO:colcon.colcon_core.shell:Creating prefix util module '/home/jannen/Documents/git/Robotics-Simulators/install/_local_setup_util_ps1.py'
[1.788s] INFO:colcon.colcon_core.shell:Creating prefix chain script '/home/jannen/Documents/git/Robotics-Simulators/install/setup.ps1'
[1.789s] INFO:colcon.colcon_core.shell:Creating prefix script '/home/jannen/Documents/git/Robotics-Simulators/install/local_setup.sh'
[1.789s] INFO:colcon.colcon_core.shell:Creating prefix util module '/home/jannen/Documents/git/Robotics-Simulators/install/_local_setup_util_sh.py'
[1.790s] INFO:colcon.colcon_core.shell:Creating prefix chain script '/home/jannen/Documents/git/Robotics-Simulators/install/setup.sh'
[1.790s] INFO:colcon.colcon_core.shell:Creating prefix script '/home/jannen/Documents/git/Robotics-Simulators/install/local_setup.bash'
[1.791s] INFO:colcon.colcon_core.shell:Creating prefix chain script '/home/jannen/Documents/git/Robotics-Simulators/install/setup.bash'
[1.791s] INFO:colcon.colcon_core.shell:Creating prefix script '/home/jannen/Documents/git/Robotics-Simulators/install/local_setup.zsh'
[1.792s] INFO:colcon.colcon_core.shell:Creating prefix chain script '/home/jannen/Documents/git/Robotics-Simulators/install/setup.zsh'
