[0.010s] Invoking command in '/home/jannen/Documents/git/Robotics-Simulators/build/webots_sim': CMAKE_PREFIX_PATH=${CMAKE_PREFIX_PATH}:/opt/ros/humble /usr/bin/cmake /home/jannen/Documents/git/Robotics-Simulators/src/webots_sim -DCMAKE_INSTALL_PREFIX=/home/jannen/Documents/git/Robotics-Simulators/install/webots_sim
[0.070s] -- The C compiler identification is GNU 11.4.0
[0.114s] -- The CXX compiler identification is GNU 11.4.0
[0.118s] -- Detecting C compiler ABI info
[0.171s] -- Detecting C compiler ABI info - done
[0.175s] -- Check for working C compiler: /usr/bin/cc - skipped
[0.175s] -- Detecting C compile features
[0.176s] -- Detecting C compile features - done
[0.177s] -- Detecting CXX compiler ABI info
[0.236s] -- Detecting CXX compiler ABI info - done
[0.240s] -- Check for working CXX compiler: /usr/bin/c++ - skipped
[0.240s] -- Detecting CXX compile features
[0.240s] -- Detecting CXX compile features - done
[0.242s] -- Found ament_cmake: 1.3.11 (/opt/ros/humble/share/ament_cmake/cmake)
[0.472s] -- Found Python3: /usr/bin/python3 (found version "3.10.12") found components: Interpreter 
[0.531s] -- Found rclcpp: 16.0.12 (/opt/ros/humble/share/rclcpp/cmake)
[0.555s] -- Found rosidl_generator_c: 3.1.6 (/opt/ros/humble/share/rosidl_generator_c/cmake)
[0.558s] -- Found rosidl_adapter: 3.1.6 (/opt/ros/humble/share/rosidl_adapter/cmake)
[0.562s] -- Found rosidl_generator_cpp: 3.1.6 (/opt/ros/humble/share/rosidl_generator_cpp/cmake)
[0.569s] -- Using all available rosidl_typesupport_c: rosidl_typesupport_fastrtps_c;rosidl_typesupport_introspection_c
[0.578s] -- Using all available rosidl_typesupport_cpp: rosidl_typesupport_fastrtps_cpp;rosidl_typesupport_introspection_cpp
[0.601s] -- Found rmw_implementation_cmake: 6.1.2 (/opt/ros/humble/share/rmw_implementation_cmake/cmake)
[0.602s] -- Found rmw_fastrtps_cpp: 6.2.7 (/opt/ros/humble/share/rmw_fastrtps_cpp/cmake)
[0.665s] -- Found OpenSSL: /usr/lib/x86_64-linux-gnu/libcrypto.so (found version "3.0.2")  
[0.687s] -- Found FastRTPS: /opt/ros/humble/include  
[0.713s] -- Using RMW implementation 'rmw_fastrtps_cpp' as default
[0.719s] -- Looking for pthread.h
[0.768s] -- Looking for pthread.h - found
[0.768s] -- Performing Test CMAKE_HAVE_LIBC_PTHREAD
[0.821s] -- Performing Test CMAKE_HAVE_LIBC_PTHREAD - Success
[0.822s] -- Found Threads: TRUE  
[0.857s] -- Found PkgConfig: /usr/bin/pkg-config (found version "0.29.2") 
[0.858s] -- Checking for module 'bullet>=2.82'
[0.870s] --   Found bullet, version 3.05
[0.959s] -- Found fcl: /usr/include (found suitable version "0.7.0", minimum required is "0.5.0") 
[1.004s] -- Found assimp: /usr/include (found version "5.2.0") 
[1.016s] -- Found DART: /usr/include (Required is at least version "6.6") found components: dart 
[1.037s] -- Found Boost: /usr/lib/x86_64-linux-gnu/cmake/Boost-1.74.0/BoostConfig.cmake (found suitable version "1.74.0", minimum required is "1.40.0") found components: thread system filesystem program_options regex iostreams date_time 
[1.047s] -- Found Protobuf: /usr/lib/x86_64-linux-gnu/libprotobuf.so (found version "3.12.4") 
[1.050s] -- Looking for ignition-math6 -- found version 6.15.1
[1.054s] -- Searching for dependencies of ignition-math6
[1.055s] -- Looking for OGRE...
[1.055s] -- OGRE_PREFIX_WATCH changed.
[1.059s] -- Checking for module 'OGRE'
[1.069s] --   Found OGRE, version 1.9.0
[1.098s] -- Found Ogre Ghadamon (1.9.0)
[1.103s] -- Found OGRE: optimized;/usr/lib/x86_64-linux-gnu/libOgreMain.so;debug;/usr/lib/x86_64-linux-gnu/libOgreMain.so
[1.110s] -- Looking for OGRE_Paging...
[1.113s] -- Found OGRE_Paging: optimized;/usr/lib/x86_64-linux-gnu/libOgrePaging.so;debug;/usr/lib/x86_64-linux-gnu/libOgrePaging.so
[1.113s] -- Looking for OGRE_Terrain...
[1.116s] -- Found OGRE_Terrain: optimized;/usr/lib/x86_64-linux-gnu/libOgreTerrain.so;debug;/usr/lib/x86_64-linux-gnu/libOgreTerrain.so
[1.116s] -- Looking for OGRE_Property...
[1.119s] -- Found OGRE_Property: optimized;/usr/lib/x86_64-linux-gnu/libOgreProperty.so;debug;/usr/lib/x86_64-linux-gnu/libOgreProperty.so
[1.119s] -- Looking for OGRE_RTShaderSystem...
[1.124s] -- Found OGRE_RTShaderSystem: optimized;/usr/lib/x86_64-linux-gnu/libOgreRTShaderSystem.so;debug;/usr/lib/x86_64-linux-gnu/libOgreRTShaderSystem.so
[1.124s] -- Looking for OGRE_Volume...
[1.127s] -- Found OGRE_Volume: optimized;/usr/lib/x86_64-linux-gnu/libOgreVolume.so;debug;/usr/lib/x86_64-linux-gnu/libOgreVolume.so
[1.128s] -- Looking for OGRE_Overlay...
[1.131s] -- Found OGRE_Overlay: optimized;/usr/lib/x86_64-linux-gnu/libOgreOverlay.so;debug;/usr/lib/x86_64-linux-gnu/libOgreOverlay.so
[1.209s] -- Looking for ignition-math6 -- found version 6.15.1
[1.209s] -- Looking for ignition-transport8 -- found version 8.2.1
[1.209s] -- Searching for dependencies of ignition-transport8
[1.222s] -- Found Protobuf: /usr/lib/x86_64-linux-gnu/libprotobuf.so (found suitable version "3.12.4", minimum required is "3") 
[1.229s] -- Config-file not installed for ZeroMQ -- checking for pkg-config
[1.233s] -- Checking for module 'libzmq >= 4'
[1.245s] --   Found libzmq , version 4.3.4
[1.277s] -- Found ZeroMQ: TRUE (Required is at least version "4") 
[1.282s] -- Checking for module 'uuid'
[1.295s] --   Found uuid, version 2.37.2
[1.325s] -- Found UUID: TRUE  
[1.327s] -- Looking for ignition-msgs5 -- found version 5.8.1
[1.327s] -- Searching for dependencies of ignition-msgs5
[1.342s] -- Looking for ignition-math6 -- found version 6.15.1
[1.347s] -- Checking for module 'tinyxml2'
[1.358s] --   Found tinyxml2, version 9.0.0
[1.386s] -- Looking for ignition-msgs5 -- found version 5.8.1
[1.387s] -- Looking for ignition-common3 -- found version 3.14.0
[1.388s] -- Searching for dependencies of ignition-common3
[1.388s] -- Looking for dlfcn.h - found
[1.389s] -- Looking for libdl - found
[1.389s] -- Found DL: TRUE  
[1.398s] -- Found tinyobjloader: /usr/lib/x86_64-linux-gnu/cmake/tinyobjloader/tinyobjloader-config.cmake (found version "2.0.0") 
[1.398s] -- Searching for <ignition-common3> component [graphics]
[1.399s] -- Looking for ignition-common3-graphics -- found version 3.14.0
[1.399s] -- Searching for dependencies of ignition-common3-graphics
[1.399s] -- Looking for ignition-math6 -- found version 6.15.1
[1.401s] -- Looking for ignition-fuel_tools4 -- found version 4.4.0
[1.401s] -- Searching for dependencies of ignition-fuel_tools4
[1.465s] -- Found CURL: /usr/lib/x86_64-linux-gnu/libcurl.so (found version "7.81.0")  
[1.470s] -- Checking for module 'jsoncpp'
[1.480s] --   Found jsoncpp, version 1.9.5
[1.509s] -- Found JSONCPP: TRUE  
[1.512s] -- Checking for module 'libzip'
[1.523s] --   Found libzip, version 1.7.3
[1.552s] -- Found ZIP: TRUE  
[1.552s] -- Looking for ignition-common3 -- found version 3.14.0
[1.552s] -- Looking for ignition-math6 -- found version 6.15.1
[1.552s] -- Looking for ignition-msgs5 -- found version 5.8.1
[1.555s] -- Found gazebo_ros_pkgs: 3.9.0 (/opt/ros/humble/share/gazebo_ros_pkgs/cmake)
[1.556s] -- Found geometry_msgs: 4.8.0 (/opt/ros/humble/share/geometry_msgs/cmake)
[1.565s] -- Found nav_msgs: 4.8.0 (/opt/ros/humble/share/nav_msgs/cmake)
[1.577s] -- Found sensor_msgs: 4.8.0 (/opt/ros/humble/share/sensor_msgs/cmake)
[1.587s] -- Found tf2: 0.25.12 (/opt/ros/humble/share/tf2/cmake)
[1.644s] -- Configuring done
[1.647s] -- Generating done
[1.649s] -- Build files have been written to: /home/jannen/Documents/git/Robotics-Simulators/build/webots_sim
[1.659s] Invoked command in '/home/jannen/Documents/git/Robotics-Simulators/build/webots_sim' returned '0': CMAKE_PREFIX_PATH=${CMAKE_PREFIX_PATH}:/opt/ros/humble /usr/bin/cmake /home/jannen/Documents/git/Robotics-Simulators/src/webots_sim -DCMAKE_INSTALL_PREFIX=/home/jannen/Documents/git/Robotics-Simulators/install/webots_sim
[1.661s] Invoking command in '/home/jannen/Documents/git/Robotics-Simulators/build/webots_sim': CMAKE_PREFIX_PATH=${CMAKE_PREFIX_PATH}:/opt/ros/humble /usr/bin/cmake --build /home/jannen/Documents/git/Robotics-Simulators/build/webots_sim -- -j22 -l22
[1.692s] Invoked command in '/home/jannen/Documents/git/Robotics-Simulators/build/webots_sim' returned '0': CMAKE_PREFIX_PATH=${CMAKE_PREFIX_PATH}:/opt/ros/humble /usr/bin/cmake --build /home/jannen/Documents/git/Robotics-Simulators/build/webots_sim -- -j22 -l22
[1.702s] Invoking command in '/home/jannen/Documents/git/Robotics-Simulators/build/webots_sim': CMAKE_PREFIX_PATH=${CMAKE_PREFIX_PATH}:/opt/ros/humble /usr/bin/cmake --install /home/jannen/Documents/git/Robotics-Simulators/build/webots_sim
[1.708s] -- Install configuration: ""
[1.708s] -- Installing: /home/jannen/Documents/git/Robotics-Simulators/install/webots_sim/lib/webots_sim/robile_controller.py
[1.708s] -- Installing: /home/jannen/Documents/git/Robotics-Simulators/install/webots_sim/share/webots_sim//config
[1.708s] -- Installing: /home/jannen/Documents/git/Robotics-Simulators/install/webots_sim/share/webots_sim//config/rviz
[1.708s] -- Installing: /home/jannen/Documents/git/Robotics-Simulators/install/webots_sim/share/webots_sim//config/rviz/robile_rolling.rviz
[1.708s] -- Installing: /home/jannen/Documents/git/Robotics-Simulators/install/webots_sim/share/webots_sim//config/rviz/robile.rviz
[1.708s] -- Installing: /home/jannen/Documents/git/Robotics-Simulators/install/webots_sim/share/webots_sim//config/rviz/robile_foxy_nav.rviz
[1.708s] -- Installing: /home/jannen/Documents/git/Robotics-Simulators/install/webots_sim/share/webots_sim//config/doxygen
[1.708s] [31mCMake Error at cmake_install.cmake:50 (file):
[1.708s]   file INSTALL cannot find
[1.708s]   "/home/jannen/Documents/git/Robotics-Simulators/src/webots_sim/worlds": No
[1.708s]   such file or directory.
[1.708s] 
[1.709s] [0m
[1.709s] -- Installing: /home/jannen/Documents/git/Robotics-Simulators/install/webots_sim/share/webots_sim//config/doxygen/Doxyfile.in
[1.709s] -- Installing: /home/jannen/Documents/git/Robotics-Simulators/install/webots_sim/share/webots_sim//launch
[1.709s] -- Installing: /home/jannen/Documents/git/Robotics-Simulators/install/webots_sim/share/webots_sim//launch/robile.launch.py
[1.709s] -- Installing: /home/jannen/Documents/git/Robotics-Simulators/install/webots_sim/share/webots_sim//launch/gazebo_4_wheel.launch.py
[1.709s] -- Installing: /home/jannen/Documents/git/Robotics-Simulators/install/webots_sim/share/webots_sim//launch/webots_robile_launch.py
[1.709s] Invoked command in '/home/jannen/Documents/git/Robotics-Simulators/build/webots_sim' returned '1': CMAKE_PREFIX_PATH=${CMAKE_PREFIX_PATH}:/opt/ros/humble /usr/bin/cmake --install /home/jannen/Documents/git/Robotics-Simulators/build/webots_sim
