[0.007s] Invoking command in '/home/jannen/Documents/git/Robotics-Simulators/build/robile_gazebo': CMAKE_PREFIX_PATH=/opt/ros/humble /usr/bin/cmake /home/jannen/Documents/git/Robotics-Simulators/src/webots_sim -DAMENT_CMAKE_SYMLINK_INSTALL=1 -DCMAKE_INSTALL_PREFIX=/home/jannen/Documents/git/Robotics-Simulators/install/robile_gazebo
[0.046s] -- The C compiler identification is GNU 11.4.0
[0.083s] -- The CXX compiler identification is GNU 11.4.0
[0.088s] -- Detecting C compiler ABI info
[0.141s] -- Detecting C compiler ABI info - done
[0.145s] -- Check for working C compiler: /usr/bin/cc - skipped
[0.145s] -- Detecting C compile features
[0.145s] -- Detecting C compile features - done
[0.147s] -- Detecting CXX compiler ABI info
[0.202s] -- Detecting CXX compiler ABI info - done
[0.207s] -- Check for working CXX compiler: /usr/bin/c++ - skipped
[0.207s] -- Detecting CXX compile features
[0.207s] -- Detecting CXX compile features - done
[0.209s] -- Found ament_cmake: 1.3.11 (/opt/ros/humble/share/ament_cmake/cmake)
[0.444s] -- Found Python3: /usr/bin/python3 (found version "3.10.12") found components: Interpreter 
[0.491s] -- Override CMake install command with custom implementation using symlinks instead of copying resources
[0.509s] -- Found rclcpp: 16.0.12 (/opt/ros/humble/share/rclcpp/cmake)
[0.536s] -- Found rosidl_generator_c: 3.1.6 (/opt/ros/humble/share/rosidl_generator_c/cmake)
[0.538s] -- Found rosidl_adapter: 3.1.6 (/opt/ros/humble/share/rosidl_adapter/cmake)
[0.543s] -- Found rosidl_generator_cpp: 3.1.6 (/opt/ros/humble/share/rosidl_generator_cpp/cmake)
[0.550s] -- Using all available rosidl_typesupport_c: rosidl_typesupport_fastrtps_c;rosidl_typesupport_introspection_c
[0.560s] -- Using all available rosidl_typesupport_cpp: rosidl_typesupport_fastrtps_cpp;rosidl_typesupport_introspection_cpp
[0.588s] -- Found rmw_implementation_cmake: 6.1.2 (/opt/ros/humble/share/rmw_implementation_cmake/cmake)
[0.590s] -- Found rmw_fastrtps_cpp: 6.2.7 (/opt/ros/humble/share/rmw_fastrtps_cpp/cmake)
[0.650s] -- Found OpenSSL: /usr/lib/x86_64-linux-gnu/libcrypto.so (found version "3.0.2")  
[0.671s] -- Found FastRTPS: /opt/ros/humble/include  
[0.700s] -- Using RMW implementation 'rmw_fastrtps_cpp' as default
[0.705s] -- Looking for pthread.h
[0.758s] -- Looking for pthread.h - found
[0.758s] -- Performing Test CMAKE_HAVE_LIBC_PTHREAD
[0.812s] -- Performing Test CMAKE_HAVE_LIBC_PTHREAD - Success
[0.813s] -- Found Threads: TRUE  
[0.853s] [33mCMake Warning (dev) at /usr/share/cmake-3.22/Modules/FindPackageHandleStandardArgs.cmake:438 (message):
[0.853s]   The package name passed to `find_package_handle_standard_args` (PkgConfig)
[0.853s]   does not match the name of the calling package (gazebo).  This can lead to
[0.853s]   problems in calling code that expects `find_package` result variables
[0.853s]   (e.g., `_FOUND`) to follow a certain pattern.
[0.853s] Call Stack (most recent call first):
[0.853s]   /usr/share/cmake-3.22/Modules/FindPkgConfig.cmake:99 (find_package_handle_standard_args)
[0.853s]   /usr/lib/x86_64-linux-gnu/cmake/gazebo/gazebo-config.cmake:72 (include)
[0.853s]   CMakeLists.txt:16 (find_package)
[0.853s] This warning is for project developers.  Use -Wno-dev to suppress it.
[0.853s] [0m
[0.853s] -- Found PkgConfig: /usr/bin/pkg-config (found version "0.29.2") 
[0.854s] -- Checking for module 'bullet>=2.82'
[0.865s] --   Found bullet, version 3.05
[0.947s] -- Found fcl: /usr/include (found suitable version "0.7.0", minimum required is "0.5.0") 
[0.991s] -- Found assimp: /usr/include (found version "5.2.0") 
[1.002s] -- Found DART: /usr/include (Required is at least version "6.6") found components: dart 
[1.028s] -- Found Boost: /usr/lib/x86_64-linux-gnu/cmake/Boost-1.74.0/BoostConfig.cmake (found suitable version "1.74.0", minimum required is "1.40.0") found components: thread system filesystem program_options regex iostreams date_time 
[1.039s] -- Found Protobuf: /usr/lib/x86_64-linux-gnu/libprotobuf.so (found version "3.12.4") 
[1.043s] -- Looking for ignition-math6 -- found version 6.15.1
[1.047s] -- Searching for dependencies of ignition-math6
[1.048s] -- Looking for OGRE...
[1.048s] -- OGRE_PREFIX_WATCH changed.
[1.053s] -- Checking for module 'OGRE'
[1.064s] --   Found OGRE, version 1.9.0
[1.090s] -- Found Ogre Ghadamon (1.9.0)
[1.094s] -- Found OGRE: optimized;/usr/lib/x86_64-linux-gnu/libOgreMain.so;debug;/usr/lib/x86_64-linux-gnu/libOgreMain.so
[1.101s] -- Looking for OGRE_Paging...
[1.105s] -- Found OGRE_Paging: optimized;/usr/lib/x86_64-linux-gnu/libOgrePaging.so;debug;/usr/lib/x86_64-linux-gnu/libOgrePaging.so
[1.105s] -- Looking for OGRE_Terrain...
[1.108s] -- Found OGRE_Terrain: optimized;/usr/lib/x86_64-linux-gnu/libOgreTerrain.so;debug;/usr/lib/x86_64-linux-gnu/libOgreTerrain.so
[1.108s] -- Looking for OGRE_Property...
[1.111s] -- Found OGRE_Property: optimized;/usr/lib/x86_64-linux-gnu/libOgreProperty.so;debug;/usr/lib/x86_64-linux-gnu/libOgreProperty.so
[1.111s] -- Looking for OGRE_RTShaderSystem...
[1.114s] -- Found OGRE_RTShaderSystem: optimized;/usr/lib/x86_64-linux-gnu/libOgreRTShaderSystem.so;debug;/usr/lib/x86_64-linux-gnu/libOgreRTShaderSystem.so
[1.114s] -- Looking for OGRE_Volume...
[1.117s] -- Found OGRE_Volume: optimized;/usr/lib/x86_64-linux-gnu/libOgreVolume.so;debug;/usr/lib/x86_64-linux-gnu/libOgreVolume.so
[1.117s] -- Looking for OGRE_Overlay...
[1.120s] -- Found OGRE_Overlay: optimized;/usr/lib/x86_64-linux-gnu/libOgreOverlay.so;debug;/usr/lib/x86_64-linux-gnu/libOgreOverlay.so
[1.186s] -- Looking for ignition-math6 -- found version 6.15.1
[1.187s] -- Looking for ignition-transport8 -- found version 8.2.1
[1.188s] -- Searching for dependencies of ignition-transport8
[1.200s] -- Found Protobuf: /usr/lib/x86_64-linux-gnu/libprotobuf.so (found suitable version "3.12.4", minimum required is "3") 
[1.206s] -- Config-file not installed for ZeroMQ -- checking for pkg-config
[1.210s] -- Checking for module 'libzmq >= 4'
[1.219s] --   Found libzmq , version 4.3.4
[1.248s] -- Found ZeroMQ: TRUE (Required is at least version "4") 
[1.253s] -- Checking for module 'uuid'
[1.263s] --   Found uuid, version 2.37.2
[1.293s] -- Found UUID: TRUE  
[1.295s] -- Looking for ignition-msgs5 -- found version 5.8.1
[1.295s] -- Searching for dependencies of ignition-msgs5
[1.307s] -- Looking for ignition-math6 -- found version 6.15.1
[1.313s] -- Checking for module 'tinyxml2'
[1.324s] --   Found tinyxml2, version 9.0.0
[1.351s] -- Looking for ignition-msgs5 -- found version 5.8.1
[1.352s] -- Looking for ignition-common3 -- found version 3.14.0
[1.352s] -- Searching for dependencies of ignition-common3
[1.352s] -- Looking for dlfcn.h - found
[1.353s] -- Looking for libdl - found
[1.354s] -- Found DL: TRUE  
[1.361s] -- Found tinyobjloader: /usr/lib/x86_64-linux-gnu/cmake/tinyobjloader/tinyobjloader-config.cmake (found version "2.0.0") 
[1.361s] -- Searching for <ignition-common3> component [graphics]
[1.362s] -- Looking for ignition-common3-graphics -- found version 3.14.0
[1.362s] -- Searching for dependencies of ignition-common3-graphics
[1.362s] -- Looking for ignition-math6 -- found version 6.15.1
[1.364s] -- Looking for ignition-fuel_tools4 -- found version 4.4.0
[1.364s] -- Searching for dependencies of ignition-fuel_tools4
[1.423s] -- Found CURL: /usr/lib/x86_64-linux-gnu/libcurl.so (found version "7.81.0")  
[1.430s] -- Checking for module 'jsoncpp'
[1.440s] --   Found jsoncpp, version 1.9.5
[1.467s] -- Found JSONCPP: TRUE  
[1.471s] -- Checking for module 'libzip'
[1.481s] --   Found libzip, version 1.7.3
[1.511s] -- Found ZIP: TRUE  
[1.511s] -- Looking for ignition-common3 -- found version 3.14.0
[1.512s] -- Looking for ignition-math6 -- found version 6.15.1
[1.512s] -- Looking for ignition-msgs5 -- found version 5.8.1
[1.515s] -- Found gazebo_ros_pkgs: 3.9.0 (/opt/ros/humble/share/gazebo_ros_pkgs/cmake)
[1.516s] -- Found geometry_msgs: 4.8.0 (/opt/ros/humble/share/geometry_msgs/cmake)
[1.524s] -- Found nav_msgs: 4.8.0 (/opt/ros/humble/share/nav_msgs/cmake)
[1.535s] -- Found sensor_msgs: 4.8.0 (/opt/ros/humble/share/sensor_msgs/cmake)
[1.546s] -- Found tf2: 0.25.12 (/opt/ros/humble/share/tf2/cmake)
[1.603s] [31mCMake Error at /opt/ros/humble/share/ament_cmake_core/cmake/core/ament_package_xml.cmake:53 (message):
[1.603s]   ament_package_xml() package name 'robile_gazebo' in '/package.xml' does not
[1.604s]   match current PROJECT_NAME 'webots_sim'.  You must call project() with the
[1.604s]   same package name before.
[1.604s] Call Stack (most recent call first):
[1.604s]   /opt/ros/humble/share/ament_cmake_core/cmake/core/ament_package.cmake:63 (ament_package_xml)
[1.604s]   CMakeLists.txt:85 (ament_package)
[1.604s] 
[1.604s] [0m
[1.604s] -- Configuring incomplete, errors occurred!
[1.604s] See also "/home/jannen/Documents/git/Robotics-Simulators/build/robile_gazebo/CMakeFiles/CMakeOutput.log".
[1.615s] Invoked command in '/home/jannen/Documents/git/Robotics-Simulators/build/robile_gazebo' returned '1': CMAKE_PREFIX_PATH=/opt/ros/humble /usr/bin/cmake /home/jannen/Documents/git/Robotics-Simulators/src/webots_sim -DAMENT_CMAKE_SYMLINK_INSTALL=1 -DCMAKE_INSTALL_PREFIX=/home/jannen/Documents/git/Robotics-Simulators/install/robile_gazebo
