[0.007s] Invoking command in '/home/jannen/Documents/git/Robotics-Simulators/build/webots_sim': CMAKE_PREFIX_PATH=${CMAKE_PREFIX_PATH}:/opt/ros/humble /usr/bin/cmake /home/jannen/Documents/git/Robotics-Simulators/src/webots_sim -DCMAKE_INSTALL_PREFIX=/home/jannen/Documents/git/Robotics-Simulators/install/webots_sim
[0.048s] -- The C compiler identification is GNU 11.4.0
[0.087s] -- The CXX compiler identification is GNU 11.4.0
[0.092s] -- Detecting C compiler ABI info
[0.144s] -- Detecting C compiler ABI info - done
[0.148s] -- Check for working C compiler: /usr/bin/cc - skipped
[0.148s] -- Detecting C compile features
[0.149s] -- Detecting C compile features - done
[0.151s] -- Detecting CXX compiler ABI info
[0.207s] -- Detecting CXX compiler ABI info - done
[0.211s] -- Check for working CXX compiler: /usr/bin/c++ - skipped
[0.211s] -- Detecting CXX compile features
[0.211s] -- Detecting CXX compile features - done
[0.213s] -- Found ament_cmake: 1.3.11 (/opt/ros/humble/share/ament_cmake/cmake)
[0.450s] -- Found Python3: /usr/bin/python3 (found version "3.10.12") found components: Interpreter 
[0.511s] -- Found rclcpp: 16.0.12 (/opt/ros/humble/share/rclcpp/cmake)
[0.537s] -- Found rosidl_generator_c: 3.1.6 (/opt/ros/humble/share/rosidl_generator_c/cmake)
[0.539s] -- Found rosidl_adapter: 3.1.6 (/opt/ros/humble/share/rosidl_adapter/cmake)
[0.547s] -- Found rosidl_generator_cpp: 3.1.6 (/opt/ros/humble/share/rosidl_generator_cpp/cmake)
[0.555s] -- Using all available rosidl_typesupport_c: rosidl_typesupport_fastrtps_c;rosidl_typesupport_introspection_c
[0.564s] -- Using all available rosidl_typesupport_cpp: rosidl_typesupport_fastrtps_cpp;rosidl_typesupport_introspection_cpp
[0.591s] -- Found rmw_implementation_cmake: 6.1.2 (/opt/ros/humble/share/rmw_implementation_cmake/cmake)
[0.593s] -- Found rmw_fastrtps_cpp: 6.2.7 (/opt/ros/humble/share/rmw_fastrtps_cpp/cmake)
[0.662s] -- Found OpenSSL: /usr/lib/x86_64-linux-gnu/libcrypto.so (found version "3.0.2")  
[0.684s] -- Found FastRTPS: /opt/ros/humble/include  
[0.713s] -- Using RMW implementation 'rmw_fastrtps_cpp' as default
[0.718s] -- Looking for pthread.h
[0.776s] -- Looking for pthread.h - found
[0.776s] -- Performing Test CMAKE_HAVE_LIBC_PTHREAD
[0.839s] -- Performing Test CMAKE_HAVE_LIBC_PTHREAD - Success
[0.840s] -- Found Threads: TRUE  
[0.873s] -- Found PkgConfig: /usr/bin/pkg-config (found version "0.29.2") 
[0.874s] -- Checking for module 'bullet>=2.82'
[0.886s] --   Found bullet, version 3.05
[0.970s] -- Found fcl: /usr/include (found suitable version "0.7.0", minimum required is "0.5.0") 
[1.014s] -- Found assimp: /usr/include (found version "5.2.0") 
[1.025s] -- Found DART: /usr/include (Required is at least version "6.6") found components: dart 
[1.045s] -- Found Boost: /usr/lib/x86_64-linux-gnu/cmake/Boost-1.74.0/BoostConfig.cmake (found suitable version "1.74.0", minimum required is "1.40.0") found components: thread system filesystem program_options regex iostreams date_time 
[1.055s] -- Found Protobuf: /usr/lib/x86_64-linux-gnu/libprotobuf.so (found version "3.12.4") 
[1.057s] -- Looking for ignition-math6 -- found version 6.15.1
[1.061s] -- Searching for dependencies of ignition-math6
[1.062s] -- Looking for OGRE...
[1.062s] -- OGRE_PREFIX_WATCH changed.
[1.066s] -- Checking for module 'OGRE'
[1.076s] --   Found OGRE, version 1.9.0
[1.107s] -- Found Ogre Ghadamon (1.9.0)
[1.112s] -- Found OGRE: optimized;/usr/lib/x86_64-linux-gnu/libOgreMain.so;debug;/usr/lib/x86_64-linux-gnu/libOgreMain.so
[1.119s] -- Looking for OGRE_Paging...
[1.122s] -- Found OGRE_Paging: optimized;/usr/lib/x86_64-linux-gnu/libOgrePaging.so;debug;/usr/lib/x86_64-linux-gnu/libOgrePaging.so
[1.122s] -- Looking for OGRE_Terrain...
[1.126s] -- Found OGRE_Terrain: optimized;/usr/lib/x86_64-linux-gnu/libOgreTerrain.so;debug;/usr/lib/x86_64-linux-gnu/libOgreTerrain.so
[1.126s] -- Looking for OGRE_Property...
[1.128s] -- Found OGRE_Property: optimized;/usr/lib/x86_64-linux-gnu/libOgreProperty.so;debug;/usr/lib/x86_64-linux-gnu/libOgreProperty.so
[1.128s] -- Looking for OGRE_RTShaderSystem...
[1.132s] -- Found OGRE_RTShaderSystem: optimized;/usr/lib/x86_64-linux-gnu/libOgreRTShaderSystem.so;debug;/usr/lib/x86_64-linux-gnu/libOgreRTShaderSystem.so
[1.132s] -- Looking for OGRE_Volume...
[1.134s] -- Found OGRE_Volume: optimized;/usr/lib/x86_64-linux-gnu/libOgreVolume.so;debug;/usr/lib/x86_64-linux-gnu/libOgreVolume.so
[1.135s] -- Looking for OGRE_Overlay...
[1.137s] -- Found OGRE_Overlay: optimized;/usr/lib/x86_64-linux-gnu/libOgreOverlay.so;debug;/usr/lib/x86_64-linux-gnu/libOgreOverlay.so
[1.205s] -- Looking for ignition-math6 -- found version 6.15.1
[1.206s] -- Looking for ignition-transport8 -- found version 8.2.1
[1.206s] -- Searching for dependencies of ignition-transport8
[1.218s] -- Found Protobuf: /usr/lib/x86_64-linux-gnu/libprotobuf.so (found suitable version "3.12.4", minimum required is "3") 
[1.224s] -- Config-file not installed for ZeroMQ -- checking for pkg-config
[1.228s] -- Checking for module 'libzmq >= 4'
[1.241s] --   Found libzmq , version 4.3.4
[1.274s] -- Found ZeroMQ: TRUE (Required is at least version "4") 
[1.278s] -- Checking for module 'uuid'
[1.290s] --   Found uuid, version 2.37.2
[1.317s] -- Found UUID: TRUE  
[1.320s] -- Looking for ignition-msgs5 -- found version 5.8.1
[1.320s] -- Searching for dependencies of ignition-msgs5
[1.338s] -- Looking for ignition-math6 -- found version 6.15.1
[1.342s] -- Checking for module 'tinyxml2'
[1.353s] --   Found tinyxml2, version 9.0.0
[1.382s] -- Looking for ignition-msgs5 -- found version 5.8.1
[1.383s] -- Looking for ignition-common3 -- found version 3.14.0
[1.384s] -- Searching for dependencies of ignition-common3
[1.384s] -- Looking for dlfcn.h - found
[1.385s] -- Looking for libdl - found
[1.386s] -- Found DL: TRUE  
[1.393s] -- Found tinyobjloader: /usr/lib/x86_64-linux-gnu/cmake/tinyobjloader/tinyobjloader-config.cmake (found version "2.0.0") 
[1.394s] -- Searching for <ignition-common3> component [graphics]
[1.395s] -- Looking for ignition-common3-graphics -- found version 3.14.0
[1.395s] -- Searching for dependencies of ignition-common3-graphics
[1.395s] -- Looking for ignition-math6 -- found version 6.15.1
[1.397s] -- Looking for ignition-fuel_tools4 -- found version 4.4.0
[1.397s] -- Searching for dependencies of ignition-fuel_tools4
[1.462s] -- Found CURL: /usr/lib/x86_64-linux-gnu/libcurl.so (found version "7.81.0")  
[1.468s] -- Checking for module 'jsoncpp'
[1.479s] --   Found jsoncpp, version 1.9.5
[1.510s] -- Found JSONCPP: TRUE  
[1.513s] -- Checking for module 'libzip'
[1.523s] --   Found libzip, version 1.7.3
[1.555s] -- Found ZIP: TRUE  
[1.555s] -- Looking for ignition-common3 -- found version 3.14.0
[1.555s] -- Looking for ignition-math6 -- found version 6.15.1
[1.556s] -- Looking for ignition-msgs5 -- found version 5.8.1
[1.558s] -- Found gazebo_ros_pkgs: 3.9.0 (/opt/ros/humble/share/gazebo_ros_pkgs/cmake)
[1.560s] -- Found geometry_msgs: 4.8.0 (/opt/ros/humble/share/geometry_msgs/cmake)
[1.574s] -- Found nav_msgs: 4.8.0 (/opt/ros/humble/share/nav_msgs/cmake)
[1.585s] -- Found sensor_msgs: 4.8.0 (/opt/ros/humble/share/sensor_msgs/cmake)
[1.596s] -- Found tf2: 0.25.12 (/opt/ros/humble/share/tf2/cmake)
[1.661s] -- Configuring done
[1.664s] -- Generating done
[1.666s] -- Build files have been written to: /home/jannen/Documents/git/Robotics-Simulators/build/webots_sim
[1.675s] Invoked command in '/home/jannen/Documents/git/Robotics-Simulators/build/webots_sim' returned '0': CMAKE_PREFIX_PATH=${CMAKE_PREFIX_PATH}:/opt/ros/humble /usr/bin/cmake /home/jannen/Documents/git/Robotics-Simulators/src/webots_sim -DCMAKE_INSTALL_PREFIX=/home/jannen/Documents/git/Robotics-Simulators/install/webots_sim
[1.677s] Invoking command in '/home/jannen/Documents/git/Robotics-Simulators/build/webots_sim': CMAKE_PREFIX_PATH=${CMAKE_PREFIX_PATH}:/opt/ros/humble /usr/bin/cmake --build /home/jannen/Documents/git/Robotics-Simulators/build/webots_sim -- -j22 -l22
[1.711s] Invoked command in '/home/jannen/Documents/git/Robotics-Simulators/build/webots_sim' returned '0': CMAKE_PREFIX_PATH=${CMAKE_PREFIX_PATH}:/opt/ros/humble /usr/bin/cmake --build /home/jannen/Documents/git/Robotics-Simulators/build/webots_sim -- -j22 -l22
[1.717s] Invoking command in '/home/jannen/Documents/git/Robotics-Simulators/build/webots_sim': CMAKE_PREFIX_PATH=${CMAKE_PREFIX_PATH}:/opt/ros/humble /usr/bin/cmake --install /home/jannen/Documents/git/Robotics-Simulators/build/webots_sim
[1.721s] -- Install configuration: ""
[1.721s] -- Installing: /home/jannen/Documents/git/Robotics-Simulators/install/webots_sim/lib/webots_sim/robile_controller.py
[1.721s] -- Installing: /home/jannen/Documents/git/Robotics-Simulators/install/webots_sim/share/webots_sim//config
[1.721s] -- Installing: /home/jannen/Documents/git/Robotics-Simulators/install/webots_sim/share/webots_sim//config/rviz
[1.721s] -- Installing: /home/jannen/Documents/git/Robotics-Simulators/install/webots_sim/share/webots_sim//config/rviz/robile_rolling.rviz
[1.721s] -- Installing: /home/jannen/Documents/git/Robotics-Simulators/install/webots_sim/share/webots_sim//config/rviz/robile.rviz
[1.721s] -- Installing: /home/jannen/Documents/git/Robotics-Simulators/install/webots_sim/share/webots_sim//config/rviz/robile_foxy_nav.rviz
[1.721s] -- Installing: /home/jannen/Documents/git/Robotics-Simulators/install/webots_sim/share/webots_sim//config/doxygen
[1.721s] -- Installing: /home/jannen/Documents/git/Robotics-Simulators/install/webots_sim/share/webots_sim//config/doxygen/Doxyfile.in
[1.722s] -- Installing: /home/jannen/Documents/git/Robotics-Simulators/install/webots_sim/share/webots_sim//launch
[1.722s] -- Installing: /home/jannen/Documents/git/Robotics-Simulators/install/webots_sim/share/webots_sim//launch/robile.launch.py
[1.722s] -- Installing: /home/jannen/Documents/git/Robotics-Simulators/install/webots_sim/share/webots_sim//launch/gazebo_4_wheel.launch.py
[1.722s] -- Installing: /home/jannen/Documents/git/Robotics-Simulators/install/webots_sim/share/webots_sim//launch/webots_robile_launch.py
[1.722s] -- Installing: /home/jannen/Documents/git/Robotics-Simulators/install/webots_sim/share/webots_sim//worlds
[1.722s] -- Installing: /home/jannen/Documents/git/Robotics-Simulators/install/webots_sim/share/webots_sim//worlds/potential_field_gazebo.world
[1.722s] -- Installing: /home/jannen/Documents/git/Robotics-Simulators/install/webots_sim/share/webots_sim//worlds/closed_walls.world
[1.722s] -- Installing: /home/jannen/Documents/git/Robotics-Simulators/install/webots_sim/share/webots_sim//worlds/meshes
[1.722s] -- Installing: /home/jannen/Documents/git/Robotics-Simulators/install/webots_sim/share/webots_sim//worlds/meshes/robile_brick_housing
[1.722s] -- Installing: /home/jannen/Documents/git/Robotics-Simulators/install/webots_sim/share/webots_sim//worlds/meshes/robile_brick_housing/lid_cover_green.dae
[1.722s] -- Installing: /home/jannen/Documents/git/Robotics-Simulators/install/webots_sim/share/webots_sim//worlds/meshes/robile_brick_housing/wheeled_brick_housing.dae
[1.723s] -- Installing: /home/jannen/Documents/git/Robotics-Simulators/install/webots_sim/share/webots_sim//worlds/meshes/robile_brick_housing/lid_cover_red.dae
[1.723s] -- Installing: /home/jannen/Documents/git/Robotics-Simulators/install/webots_sim/share/webots_sim//worlds/meshes/robile_brick_housing/lid.dae
[1.723s] -- Installing: /home/jannen/Documents/git/Robotics-Simulators/install/webots_sim/share/webots_sim//worlds/meshes/robile_brick_housing/lid_cover_yellow.dae
[1.723s] -- Installing: /home/jannen/Documents/git/Robotics-Simulators/install/webots_sim/share/webots_sim//worlds/meshes/robile_brick_housing/lid_cover_blue.dae
[1.723s] -- Installing: /home/jannen/Documents/git/Robotics-Simulators/install/webots_sim/share/webots_sim//worlds/meshes/robile_brick_housing/general_brick_housing.dae
[1.724s] -- Installing: /home/jannen/Documents/git/Robotics-Simulators/install/webots_sim/share/webots_sim//worlds/meshes/passive_caster_wheel
[1.724s] -- Installing: /home/jannen/Documents/git/Robotics-Simulators/install/webots_sim/share/webots_sim//worlds/meshes/passive_caster_wheel/pivot.dae
[1.724s] -- Installing: /home/jannen/Documents/git/Robotics-Simulators/install/webots_sim/share/webots_sim//worlds/meshes/passive_caster_wheel/wheel.dae
[1.724s] -- Installing: /home/jannen/Documents/git/Robotics-Simulators/install/webots_sim/share/webots_sim//worlds/meshes/sensors
[1.724s] -- Installing: /home/jannen/Documents/git/Robotics-Simulators/install/webots_sim/share/webots_sim//worlds/meshes/sensors/sick-lms1xx.dae
[1.724s] -- Installing: /home/jannen/Documents/git/Robotics-Simulators/install/webots_sim/share/webots_sim//worlds/meshes/sensors/hokuyo_convex.dae
[1.724s] -- Installing: /home/jannen/Documents/git/Robotics-Simulators/install/webots_sim/share/webots_sim//worlds/meshes/sensors/hokuyo.dae
[1.725s] -- Installing: /home/jannen/Documents/git/Robotics-Simulators/install/webots_sim/share/webots_sim//worlds/meshes/kelo_drive
[1.725s] -- Installing: /home/jannen/Documents/git/Robotics-Simulators/install/webots_sim/share/webots_sim//worlds/meshes/kelo_drive/kelo_drive_base.dae
[1.725s] -- Installing: /home/jannen/Documents/git/Robotics-Simulators/install/webots_sim/share/webots_sim//worlds/meshes/kelo_drive/kelo_drive_wheel.dae
[1.725s] -- Installing: /home/jannen/Documents/git/Robotics-Simulators/install/webots_sim/share/webots_sim//worlds/.robile_world.jpg
[1.725s] -- Installing: /home/jannen/Documents/git/Robotics-Simulators/install/webots_sim/share/webots_sim//worlds/robile_world.wbt
[1.725s] -- Installing: /home/jannen/Documents/git/Robotics-Simulators/install/webots_sim/share/webots_sim//worlds/null_world.wbt
[1.725s] -- Installing: /home/jannen/Documents/git/Robotics-Simulators/install/webots_sim/share/webots_sim//worlds/.null_world.jpg
[1.725s] -- Installing: /home/jannen/Documents/git/Robotics-Simulators/install/webots_sim/share/webots_sim//worlds/.null_world.wbproj
[1.725s] -- Installing: /home/jannen/Documents/git/Robotics-Simulators/install/webots_sim/share/ament_index/resource_index/package_run_dependencies/webots_sim
[1.725s] -- Installing: /home/jannen/Documents/git/Robotics-Simulators/install/webots_sim/share/ament_index/resource_index/parent_prefix_path/webots_sim
[1.725s] -- Installing: /home/jannen/Documents/git/Robotics-Simulators/install/webots_sim/share/webots_sim/environment/ament_prefix_path.sh
[1.725s] -- Installing: /home/jannen/Documents/git/Robotics-Simulators/install/webots_sim/share/webots_sim/environment/ament_prefix_path.dsv
[1.725s] -- Installing: /home/jannen/Documents/git/Robotics-Simulators/install/webots_sim/share/webots_sim/environment/path.sh
[1.725s] -- Installing: /home/jannen/Documents/git/Robotics-Simulators/install/webots_sim/share/webots_sim/environment/path.dsv
[1.726s] -- Installing: /home/jannen/Documents/git/Robotics-Simulators/install/webots_sim/share/webots_sim/local_setup.bash
[1.726s] -- Installing: /home/jannen/Documents/git/Robotics-Simulators/install/webots_sim/share/webots_sim/local_setup.sh
[1.726s] -- Installing: /home/jannen/Documents/git/Robotics-Simulators/install/webots_sim/share/webots_sim/local_setup.zsh
[1.726s] -- Installing: /home/jannen/Documents/git/Robotics-Simulators/install/webots_sim/share/webots_sim/local_setup.dsv
[1.726s] -- Installing: /home/jannen/Documents/git/Robotics-Simulators/install/webots_sim/share/webots_sim/package.dsv
[1.726s] -- Installing: /home/jannen/Documents/git/Robotics-Simulators/install/webots_sim/share/ament_index/resource_index/packages/webots_sim
[1.726s] -- Installing: /home/jannen/Documents/git/Robotics-Simulators/install/webots_sim/share/webots_sim/cmake/ament_cmake_export_include_directories-extras.cmake
[1.726s] -- Installing: /home/jannen/Documents/git/Robotics-Simulators/install/webots_sim/share/webots_sim/cmake/webots_simConfig.cmake
[1.726s] -- Installing: /home/jannen/Documents/git/Robotics-Simulators/install/webots_sim/share/webots_sim/cmake/webots_simConfig-version.cmake
[1.726s] -- Installing: /home/jannen/Documents/git/Robotics-Simulators/install/webots_sim/share/webots_sim/package.xml
[1.727s] Invoked command in '/home/jannen/Documents/git/Robotics-Simulators/build/webots_sim' returned '0': CMAKE_PREFIX_PATH=${CMAKE_PREFIX_PATH}:/opt/ros/humble /usr/bin/cmake --install /home/jannen/Documents/git/Robotics-Simulators/build/webots_sim
