[0.181s] DEBUG:colcon:Command line arguments: ['/usr/bin/colcon', 'list', '-p', '--base-paths', '/home/shafi/assignments/Robotics-Simulators']
[0.181s] DEBUG:colcon:Parsed command line arguments: Namespace(log_base=None, log_level=None, verb_name='list', build_base='build', ignore_user_meta=False, metas=['./colcon.meta'], base_paths=['/home/shafi/assignments/Robotics-Simulators'], packages_ignore=None, packages_ignore_regex=None, paths=None, packages_up_to=None, packages_up_to_regex=None, packages_above=None, packages_above_and_dependencies=None, packages_above_depth=None, packages_select_by_dep=None, packages_skip_by_dep=None, packages_skip_up_to=None, packages_select_build_failed=False, packages_skip_build_finished=False, packages_select_test_failures=False, packages_skip_test_passed=False, packages_select=None, packages_skip=None, packages_select_regex=None, packages_skip_regex=None, packages_start=None, packages_end=None, allow_overriding=[], topological_order=False, names_only=False, paths_only=True, topological_graph=False, topological_graph_dot=False, topological_graph_density=False, topological_graph_legend=False, topological_graph_dot_cluster=False, topological_graph_dot_include_skipped=False, mixin_files=None, mixin=None, verb_parser=<colcon_mixin.mixin.mixin_argument.MixinArgumentDecorator object at 0x72618f689d20>, verb_extension=<colcon_package_information.verb.list.ListVerb object at 0x72618f792620>, main=<bound method ListVerb.main of <colcon_package_information.verb.list.ListVerb object at 0x72618f792620>>, mixin_verb=('list',))
[0.485s] Level 1:colcon.colcon_core.package_discovery:discover_packages(colcon_meta) check parameters
[0.485s] Level 1:colcon.colcon_core.package_discovery:discover_packages(recursive) check parameters
[0.485s] Level 1:colcon.colcon_core.package_discovery:discover_packages(ignore) check parameters
[0.486s] Level 1:colcon.colcon_core.package_discovery:discover_packages(path) check parameters
[0.486s] Level 1:colcon.colcon_core.package_discovery:discover_packages(recursive) discover
[0.486s] INFO:colcon.colcon_core.package_discovery:Crawling recursively for packages in '/home/shafi/assignments/Robotics-Simulators'
[0.486s] Level 1:colcon.colcon_core.package_identification:_identify(/home/shafi/assignments/Robotics-Simulators) by extensions ['ignore', 'ignore_ament_install']
[0.486s] Level 1:colcon.colcon_core.package_identification:_identify(/home/shafi/assignments/Robotics-Simulators) by extension 'ignore'
[0.486s] Level 1:colcon.colcon_core.package_identification:_identify(/home/shafi/assignments/Robotics-Simulators) by extension 'ignore_ament_install'
[0.486s] Level 1:colcon.colcon_core.package_identification:_identify(/home/shafi/assignments/Robotics-Simulators) by extensions ['colcon_pkg']
[0.486s] Level 1:colcon.colcon_core.package_identification:_identify(/home/shafi/assignments/Robotics-Simulators) by extension 'colcon_pkg'
[0.487s] Level 1:colcon.colcon_core.package_identification:_identify(/home/shafi/assignments/Robotics-Simulators) by extensions ['colcon_meta']
[0.487s] Level 1:colcon.colcon_core.package_identification:_identify(/home/shafi/assignments/Robotics-Simulators) by extension 'colcon_meta'
[0.487s] Level 1:colcon.colcon_core.package_identification:_identify(/home/shafi/assignments/Robotics-Simulators) by extensions ['ros']
[0.487s] Level 1:colcon.colcon_core.package_identification:_identify(/home/shafi/assignments/Robotics-Simulators) by extension 'ros'
[0.520s] Level 1:colcon.colcon_core.package_identification:_identify(/home/shafi/assignments/Robotics-Simulators) by extensions ['cmake', 'python']
[0.520s] Level 1:colcon.colcon_core.package_identification:_identify(/home/shafi/assignments/Robotics-Simulators) by extension 'cmake'
[0.520s] Level 1:colcon.colcon_core.package_identification:_identify(/home/shafi/assignments/Robotics-Simulators) by extension 'python'
[0.520s] Level 1:colcon.colcon_core.package_identification:_identify(/home/shafi/assignments/Robotics-Simulators) by extensions ['python_setup_py']
[0.520s] Level 1:colcon.colcon_core.package_identification:_identify(/home/shafi/assignments/Robotics-Simulators) by extension 'python_setup_py'
[0.520s] Level 1:colcon.colcon_core.package_identification:_identify(/home/shafi/assignments/Robotics-Simulators/build) by extensions ['ignore', 'ignore_ament_install']
[0.520s] Level 1:colcon.colcon_core.package_identification:_identify(/home/shafi/assignments/Robotics-Simulators/build) by extension 'ignore'
[0.520s] Level 1:colcon.colcon_core.package_identification:_identify(/home/shafi/assignments/Robotics-Simulators/build) ignored
[0.521s] Level 1:colcon.colcon_core.package_identification:_identify(/home/shafi/assignments/Robotics-Simulators/install) by extensions ['ignore', 'ignore_ament_install']
[0.521s] Level 1:colcon.colcon_core.package_identification:_identify(/home/shafi/assignments/Robotics-Simulators/install) by extension 'ignore'
[0.521s] Level 1:colcon.colcon_core.package_identification:_identify(/home/shafi/assignments/Robotics-Simulators/install) ignored
[0.521s] Level 1:colcon.colcon_core.package_identification:_identify(/home/shafi/assignments/Robotics-Simulators/log) by extensions ['ignore', 'ignore_ament_install']
[0.521s] Level 1:colcon.colcon_core.package_identification:_identify(/home/shafi/assignments/Robotics-Simulators/log) by extension 'ignore'
[0.521s] Level 1:colcon.colcon_core.package_identification:_identify(/home/shafi/assignments/Robotics-Simulators/log) ignored
[0.521s] Level 1:colcon.colcon_core.package_identification:_identify(/home/shafi/assignments/Robotics-Simulators/src) by extensions ['ignore', 'ignore_ament_install']
[0.521s] Level 1:colcon.colcon_core.package_identification:_identify(/home/shafi/assignments/Robotics-Simulators/src) by extension 'ignore'
[0.521s] Level 1:colcon.colcon_core.package_identification:_identify(/home/shafi/assignments/Robotics-Simulators/src) by extension 'ignore_ament_install'
[0.521s] Level 1:colcon.colcon_core.package_identification:_identify(/home/shafi/assignments/Robotics-Simulators/src) by extensions ['colcon_pkg']
[0.521s] Level 1:colcon.colcon_core.package_identification:_identify(/home/shafi/assignments/Robotics-Simulators/src) by extension 'colcon_pkg'
[0.522s] Level 1:colcon.colcon_core.package_identification:_identify(/home/shafi/assignments/Robotics-Simulators/src) by extensions ['colcon_meta']
[0.522s] Level 1:colcon.colcon_core.package_identification:_identify(/home/shafi/assignments/Robotics-Simulators/src) by extension 'colcon_meta'
[0.522s] Level 1:colcon.colcon_core.package_identification:_identify(/home/shafi/assignments/Robotics-Simulators/src) by extensions ['ros']
[0.522s] Level 1:colcon.colcon_core.package_identification:_identify(/home/shafi/assignments/Robotics-Simulators/src) by extension 'ros'
[0.522s] Level 1:colcon.colcon_core.package_identification:_identify(/home/shafi/assignments/Robotics-Simulators/src) by extensions ['cmake', 'python']
[0.522s] Level 1:colcon.colcon_core.package_identification:_identify(/home/shafi/assignments/Robotics-Simulators/src) by extension 'cmake'
[0.522s] Level 1:colcon.colcon_core.package_identification:_identify(/home/shafi/assignments/Robotics-Simulators/src) by extension 'python'
[0.522s] Level 1:colcon.colcon_core.package_identification:_identify(/home/shafi/assignments/Robotics-Simulators/src) by extensions ['python_setup_py']
[0.522s] Level 1:colcon.colcon_core.package_identification:_identify(/home/shafi/assignments/Robotics-Simulators/src) by extension 'python_setup_py'
[0.522s] Level 1:colcon.colcon_core.package_identification:_identify(/home/shafi/assignments/Robotics-Simulators/src/webots_sim) by extensions ['ignore', 'ignore_ament_install']
[0.522s] Level 1:colcon.colcon_core.package_identification:_identify(/home/shafi/assignments/Robotics-Simulators/src/webots_sim) by extension 'ignore'
[0.522s] Level 1:colcon.colcon_core.package_identification:_identify(/home/shafi/assignments/Robotics-Simulators/src/webots_sim) by extension 'ignore_ament_install'
[0.522s] Level 1:colcon.colcon_core.package_identification:_identify(/home/shafi/assignments/Robotics-Simulators/src/webots_sim) by extensions ['colcon_pkg']
[0.522s] Level 1:colcon.colcon_core.package_identification:_identify(/home/shafi/assignments/Robotics-Simulators/src/webots_sim) by extension 'colcon_pkg'
[0.522s] Level 1:colcon.colcon_core.package_identification:_identify(/home/shafi/assignments/Robotics-Simulators/src/webots_sim) by extensions ['colcon_meta']
[0.522s] Level 1:colcon.colcon_core.package_identification:_identify(/home/shafi/assignments/Robotics-Simulators/src/webots_sim) by extension 'colcon_meta'
[0.522s] Level 1:colcon.colcon_core.package_identification:_identify(/home/shafi/assignments/Robotics-Simulators/src/webots_sim) by extensions ['ros']
[0.523s] Level 1:colcon.colcon_core.package_identification:_identify(/home/shafi/assignments/Robotics-Simulators/src/webots_sim) by extension 'ros'
[0.527s] DEBUG:colcon.colcon_core.package_identification:Package '/home/shafi/assignments/Robotics-Simulators/src/webots_sim' with type 'ros.ament_python' and name 'webots_sim'
[0.527s] Level 1:colcon.colcon_core.package_discovery:discover_packages(recursive) using defaults
