[0.009s] Invoking command in '/home/jannen/Documents/git/Robotics-Simulators/build/webots_sim': CMAKE_PREFIX_PATH=/opt/ros/humble /usr/bin/cmake --build /home/jannen/Documents/git/Robotics-Simulators/build/webots_sim -- -j22 -l22
[0.030s] -- Found ament_cmake: 1.3.11 (/opt/ros/humble/share/ament_cmake/cmake)
[0.111s] -- Found rclcpp: 16.0.12 (/opt/ros/humble/share/rclcpp/cmake)
[0.129s] -- Found rosidl_generator_c: 3.1.6 (/opt/ros/humble/share/rosidl_generator_c/cmake)
[0.130s] -- Found rosidl_adapter: 3.1.6 (/opt/ros/humble/share/rosidl_adapter/cmake)
[0.133s] -- Found rosidl_generator_cpp: 3.1.6 (/opt/ros/humble/share/rosidl_generator_cpp/cmake)
[0.139s] -- Using all available rosidl_typesupport_c: rosidl_typesupport_fastrtps_c;rosidl_typesupport_introspection_c
[0.146s] -- Using all available rosidl_typesupport_cpp: rosidl_typesupport_fastrtps_cpp;rosidl_typesupport_introspection_cpp
[0.165s] -- Found rmw_implementation_cmake: 6.1.2 (/opt/ros/humble/share/rmw_implementation_cmake/cmake)
[0.165s] -- Found rmw_fastrtps_cpp: 6.2.7 (/opt/ros/humble/share/rmw_fastrtps_cpp/cmake)
[0.237s] -- Using RMW implementation 'rmw_fastrtps_cpp' as default
[0.270s] [33mCMake Warning (dev) at /usr/share/cmake-3.22/Modules/FindPackageHandleStandardArgs.cmake:438 (message):
[0.270s]   The package name passed to `find_package_handle_standard_args` (PkgConfig)
[0.271s]   does not match the name of the calling package (gazebo).  This can lead to
[0.271s]   problems in calling code that expects `find_package` result variables
[0.271s]   (e.g., `_FOUND`) to follow a certain pattern.
[0.271s] Call Stack (most recent call first):
[0.271s]   /usr/share/cmake-3.22/Modules/FindPkgConfig.cmake:99 (find_package_handle_standard_args)
[0.271s]   /usr/lib/x86_64-linux-gnu/cmake/gazebo/gazebo-config.cmake:72 (include)
[0.271s]   CMakeLists.txt:17 (find_package)
[0.271s] This warning is for project developers.  Use -Wno-dev to suppress it.
[0.271s] [0m
[0.287s] -- Found DART: /usr/include (Required is at least version "6.6") found components: dart 
[0.306s] -- Found Protobuf: /usr/lib/x86_64-linux-gnu/libprotobuf.so (found version "3.12.4") 
[0.307s] -- Looking for ignition-math6 -- found version 6.15.1
[0.312s] -- Searching for dependencies of ignition-math6
[0.313s] -- Looking for OGRE...
[0.319s] -- Found Ogre Ghadamon (1.9.0)
[0.319s] -- Found OGRE: optimized;/usr/lib/x86_64-linux-gnu/libOgreMain.so;debug;/usr/lib/x86_64-linux-gnu/libOgreMain.so
[0.326s] -- Looking for OGRE_Paging...
[0.326s] -- Found OGRE_Paging: optimized;/usr/lib/x86_64-linux-gnu/libOgrePaging.so;debug;/usr/lib/x86_64-linux-gnu/libOgrePaging.so
[0.326s] -- Looking for OGRE_Terrain...
[0.326s] -- Found OGRE_Terrain: optimized;/usr/lib/x86_64-linux-gnu/libOgreTerrain.so;debug;/usr/lib/x86_64-linux-gnu/libOgreTerrain.so
[0.326s] -- Looking for OGRE_Property...
[0.326s] -- Found OGRE_Property: optimized;/usr/lib/x86_64-linux-gnu/libOgreProperty.so;debug;/usr/lib/x86_64-linux-gnu/libOgreProperty.so
[0.326s] -- Looking for OGRE_RTShaderSystem...
[0.326s] -- Found OGRE_RTShaderSystem: optimized;/usr/lib/x86_64-linux-gnu/libOgreRTShaderSystem.so;debug;/usr/lib/x86_64-linux-gnu/libOgreRTShaderSystem.so
[0.326s] -- Looking for OGRE_Volume...
[0.326s] -- Found OGRE_Volume: optimized;/usr/lib/x86_64-linux-gnu/libOgreVolume.so;debug;/usr/lib/x86_64-linux-gnu/libOgreVolume.so
[0.326s] -- Looking for OGRE_Overlay...
[0.326s] -- Found OGRE_Overlay: optimized;/usr/lib/x86_64-linux-gnu/libOgreOverlay.so;debug;/usr/lib/x86_64-linux-gnu/libOgreOverlay.so
[0.393s] -- Looking for ignition-math6 -- found version 6.15.1
[0.393s] -- Looking for ignition-transport8 -- found version 8.2.1
[0.393s] -- Searching for dependencies of ignition-transport8
[0.411s] -- Found Protobuf: /usr/lib/x86_64-linux-gnu/libprotobuf.so (found suitable version "3.12.4", minimum required is "3") 
[0.422s] -- Config-file not installed for ZeroMQ -- checking for pkg-config
[0.426s] -- Checking for module 'libzmq >= 4'
[0.436s] --   Found libzmq , version 4.3.4
[0.471s] -- Checking for module 'uuid'
[0.481s] --   Found uuid, version 2.37.2
[0.506s] -- Looking for ignition-msgs5 -- found version 5.8.1
[0.506s] -- Searching for dependencies of ignition-msgs5
[0.520s] -- Looking for ignition-math6 -- found version 6.15.1
[0.524s] -- Checking for module 'tinyxml2'
[0.535s] --   Found tinyxml2, version 9.0.0
[0.562s] -- Looking for ignition-msgs5 -- found version 5.8.1
[0.563s] -- Looking for ignition-common3 -- found version 3.14.0
[0.563s] -- Searching for dependencies of ignition-common3
[0.563s] -- Looking for dlfcn.h - found
[0.563s] -- Looking for libdl - found
[0.572s] -- Searching for <ignition-common3> component [graphics]
[0.572s] -- Looking for ignition-common3-graphics -- found version 3.14.0
[0.573s] -- Searching for dependencies of ignition-common3-graphics
[0.573s] -- Looking for ignition-math6 -- found version 6.15.1
[0.574s] -- Looking for ignition-fuel_tools4 -- found version 4.4.0
[0.574s] -- Searching for dependencies of ignition-fuel_tools4
[0.607s] -- Checking for module 'jsoncpp'
[0.618s] --   Found jsoncpp, version 1.9.5
[0.650s] -- Checking for module 'libzip'
[0.662s] --   Found libzip, version 1.7.3
[0.689s] -- Looking for ignition-common3 -- found version 3.14.0
[0.690s] -- Looking for ignition-math6 -- found version 6.15.1
[0.690s] -- Looking for ignition-msgs5 -- found version 5.8.1
[0.692s] -- Found gazebo_ros_pkgs: 3.9.0 (/opt/ros/humble/share/gazebo_ros_pkgs/cmake)
[0.692s] -- Found geometry_msgs: 4.8.0 (/opt/ros/humble/share/geometry_msgs/cmake)
[0.700s] -- Found nav_msgs: 4.8.0 (/opt/ros/humble/share/nav_msgs/cmake)
[0.710s] -- Found sensor_msgs: 4.8.0 (/opt/ros/humble/share/sensor_msgs/cmake)
[0.721s] -- Found tf2: 0.25.12 (/opt/ros/humble/share/tf2/cmake)
[0.780s] -- Configuring done
[0.782s] -- Generating done
[0.784s] -- Build files have been written to: /home/jannen/Documents/git/Robotics-Simulators/build/webots_sim
[0.806s] Invoked command in '/home/jannen/Documents/git/Robotics-Simulators/build/webots_sim' returned '0': CMAKE_PREFIX_PATH=/opt/ros/humble /usr/bin/cmake --build /home/jannen/Documents/git/Robotics-Simulators/build/webots_sim -- -j22 -l22
[0.813s] Invoking command in '/home/jannen/Documents/git/Robotics-Simulators/build/webots_sim': CMAKE_PREFIX_PATH=/opt/ros/humble /usr/bin/cmake --install /home/jannen/Documents/git/Robotics-Simulators/build/webots_sim
[0.819s] -- Install configuration: ""
[0.819s] -- Up-to-date: /home/jannen/Documents/git/Robotics-Simulators/install/webots_sim/lib/webots_sim/robile_controller.py
[0.819s] -- Up-to-date: /home/jannen/Documents/git/Robotics-Simulators/install/webots_sim/share/webots_sim//config
[0.819s] -- Up-to-date: /home/jannen/Documents/git/Robotics-Simulators/install/webots_sim/share/webots_sim//config/rviz
[0.819s] -- Up-to-date: /home/jannen/Documents/git/Robotics-Simulators/install/webots_sim/share/webots_sim//config/rviz/robile_rolling.rviz
[0.819s] -- Up-to-date: /home/jannen/Documents/git/Robotics-Simulators/install/webots_sim/share/webots_sim//config/rviz/robile.rviz
[0.819s] -- Up-to-date: /home/jannen/Documents/git/Robotics-Simulators/install/webots_sim/share/webots_sim//config/rviz/robile_foxy_nav.rviz
[0.819s] -- Up-to-date: /home/jannen/Documents/git/Robotics-Simulators/install/webots_sim/share/webots_sim//config/doxygen
[0.819s] -- Up-to-date: /home/jannen/Documents/git/Robotics-Simulators/install/webots_sim/share/webots_sim//config/doxygen/Doxyfile.in
[0.819s] -- Up-to-date: /home/jannen/Documents/git/Robotics-Simulators/install/webots_sim/share/webots_sim//launch
[0.819s] -- Up-to-date: /home/jannen/Documents/git/Robotics-Simulators/install/webots_sim/share/webots_sim//launch/robile.launch.py
[0.820s] -- Up-to-date: /home/jannen/Documents/git/Robotics-Simulators/install/webots_sim/share/webots_sim//launch/gazebo_4_wheel.launch.py
[0.820s] -- Up-to-date: /home/jannen/Documents/git/Robotics-Simulators/install/webots_sim/share/webots_sim//launch/webots_robile_launch.py
[0.820s] -- Up-to-date: /home/jannen/Documents/git/Robotics-Simulators/install/webots_sim/share/webots_sim//worlds
[0.820s] -- Up-to-date: /home/jannen/Documents/git/Robotics-Simulators/install/webots_sim/share/webots_sim//worlds/potential_field_gazebo.world
[0.820s] -- Up-to-date: /home/jannen/Documents/git/Robotics-Simulators/install/webots_sim/share/webots_sim//worlds/closed_walls.world
[0.820s] -- Up-to-date: /home/jannen/Documents/git/Robotics-Simulators/install/webots_sim/share/webots_sim//worlds/meshes
[0.820s] -- Up-to-date: /home/jannen/Documents/git/Robotics-Simulators/install/webots_sim/share/webots_sim//worlds/meshes/robile_brick_housing
[0.820s] -- Up-to-date: /home/jannen/Documents/git/Robotics-Simulators/install/webots_sim/share/webots_sim//worlds/meshes/robile_brick_housing/lid_cover_green.dae
[0.820s] -- Up-to-date: /home/jannen/Documents/git/Robotics-Simulators/install/webots_sim/share/webots_sim//worlds/meshes/robile_brick_housing/wheeled_brick_housing.dae
[0.820s] -- Up-to-date: /home/jannen/Documents/git/Robotics-Simulators/install/webots_sim/share/webots_sim//worlds/meshes/robile_brick_housing/lid_cover_red.dae
[0.820s] -- Up-to-date: /home/jannen/Documents/git/Robotics-Simulators/install/webots_sim/share/webots_sim//worlds/meshes/robile_brick_housing/lid.dae
[0.820s] -- Up-to-date: /home/jannen/Documents/git/Robotics-Simulators/install/webots_sim/share/webots_sim//worlds/meshes/robile_brick_housing/lid_cover_yellow.dae
[0.820s] -- Up-to-date: /home/jannen/Documents/git/Robotics-Simulators/install/webots_sim/share/webots_sim//worlds/meshes/robile_brick_housing/lid_cover_blue.dae
[0.820s] -- Up-to-date: /home/jannen/Documents/git/Robotics-Simulators/install/webots_sim/share/webots_sim//worlds/meshes/robile_brick_housing/general_brick_housing.dae
[0.820s] -- Up-to-date: /home/jannen/Documents/git/Robotics-Simulators/install/webots_sim/share/webots_sim//worlds/meshes/passive_caster_wheel
[0.820s] -- Up-to-date: /home/jannen/Documents/git/Robotics-Simulators/install/webots_sim/share/webots_sim//worlds/meshes/passive_caster_wheel/pivot.dae
[0.820s] -- Up-to-date: /home/jannen/Documents/git/Robotics-Simulators/install/webots_sim/share/webots_sim//worlds/meshes/passive_caster_wheel/wheel.dae
[0.820s] -- Up-to-date: /home/jannen/Documents/git/Robotics-Simulators/install/webots_sim/share/webots_sim//worlds/meshes/sensors
[0.820s] -- Up-to-date: /home/jannen/Documents/git/Robotics-Simulators/install/webots_sim/share/webots_sim//worlds/meshes/sensors/sick-lms1xx.dae
[0.820s] -- Up-to-date: /home/jannen/Documents/git/Robotics-Simulators/install/webots_sim/share/webots_sim//worlds/meshes/sensors/hokuyo_convex.dae
[0.820s] -- Up-to-date: /home/jannen/Documents/git/Robotics-Simulators/install/webots_sim/share/webots_sim//worlds/meshes/sensors/hokuyo.dae
[0.820s] -- Up-to-date: /home/jannen/Documents/git/Robotics-Simulators/install/webots_sim/share/webots_sim//worlds/meshes/kelo_drive
[0.820s] -- Up-to-date: /home/jannen/Documents/git/Robotics-Simulators/install/webots_sim/share/webots_sim//worlds/meshes/kelo_drive/kelo_drive_base.dae
[0.820s] -- Up-to-date: /home/jannen/Documents/git/Robotics-Simulators/install/webots_sim/share/webots_sim//worlds/meshes/kelo_drive/kelo_drive_wheel.dae
[0.820s] -- Up-to-date: /home/jannen/Documents/git/Robotics-Simulators/install/webots_sim/share/webots_sim//worlds/.robile_world.jpg
[0.820s] -- Up-to-date: /home/jannen/Documents/git/Robotics-Simulators/install/webots_sim/share/webots_sim//worlds/robile_world.wbt
[0.820s] -- Up-to-date: /home/jannen/Documents/git/Robotics-Simulators/install/webots_sim/share/webots_sim//worlds/null_world.wbt
[0.820s] -- Up-to-date: /home/jannen/Documents/git/Robotics-Simulators/install/webots_sim/share/webots_sim//worlds/.null_world.jpg
[0.820s] -- Up-to-date: /home/jannen/Documents/git/Robotics-Simulators/install/webots_sim/share/webots_sim//worlds/.null_world.wbproj
[0.820s] -- Up-to-date: /home/jannen/Documents/git/Robotics-Simulators/install/webots_sim/share/ament_index/resource_index/package_run_dependencies/webots_sim
[0.820s] -- Up-to-date: /home/jannen/Documents/git/Robotics-Simulators/install/webots_sim/share/ament_index/resource_index/parent_prefix_path/webots_sim
[0.821s] -- Up-to-date: /home/jannen/Documents/git/Robotics-Simulators/install/webots_sim/share/webots_sim/environment/ament_prefix_path.sh
[0.821s] -- Installing: /home/jannen/Documents/git/Robotics-Simulators/install/webots_sim/share/webots_sim/environment/ament_prefix_path.dsv
[0.822s] -- Up-to-date: /home/jannen/Documents/git/Robotics-Simulators/install/webots_sim/share/webots_sim/environment/path.sh
[0.822s] -- Installing: /home/jannen/Documents/git/Robotics-Simulators/install/webots_sim/share/webots_sim/environment/path.dsv
[0.822s] -- Up-to-date: /home/jannen/Documents/git/Robotics-Simulators/install/webots_sim/share/webots_sim/local_setup.bash
[0.822s] -- Up-to-date: /home/jannen/Documents/git/Robotics-Simulators/install/webots_sim/share/webots_sim/local_setup.sh
[0.822s] -- Up-to-date: /home/jannen/Documents/git/Robotics-Simulators/install/webots_sim/share/webots_sim/local_setup.zsh
[0.822s] -- Installing: /home/jannen/Documents/git/Robotics-Simulators/install/webots_sim/share/webots_sim/local_setup.dsv
[0.822s] -- Installing: /home/jannen/Documents/git/Robotics-Simulators/install/webots_sim/share/webots_sim/package.dsv
[0.822s] -- Up-to-date: /home/jannen/Documents/git/Robotics-Simulators/install/webots_sim/share/ament_index/resource_index/packages/webots_sim
[0.822s] -- Up-to-date: /home/jannen/Documents/git/Robotics-Simulators/install/webots_sim/share/webots_sim/cmake/ament_cmake_export_include_directories-extras.cmake
[0.822s] -- Up-to-date: /home/jannen/Documents/git/Robotics-Simulators/install/webots_sim/share/webots_sim/cmake/webots_simConfig.cmake
[0.822s] -- Up-to-date: /home/jannen/Documents/git/Robotics-Simulators/install/webots_sim/share/webots_sim/cmake/webots_simConfig-version.cmake
[0.822s] -- Up-to-date: /home/jannen/Documents/git/Robotics-Simulators/install/webots_sim/share/webots_sim/package.xml
[0.823s] Invoked command in '/home/jannen/Documents/git/Robotics-Simulators/build/webots_sim' returned '0': CMAKE_PREFIX_PATH=/opt/ros/humble /usr/bin/cmake --install /home/jannen/Documents/git/Robotics-Simulators/build/webots_sim
