-- Install configuration: ""
-- Up-to-date: /home/jannen/Documents/git/Robotics-Simulators/install/webots_sim/lib/webots_sim/robile_controller.py
-- Up-to-date: /home/jannen/Documents/git/Robotics-Simulators/install/webots_sim/share/webots_sim//config
-- Up-to-date: /home/jannen/Documents/git/Robotics-Simulators/install/webots_sim/share/webots_sim//config/rviz
-- Up-to-date: /home/jannen/Documents/git/Robotics-Simulators/install/webots_sim/share/webots_sim//config/rviz/robile_rolling.rviz
-- Up-to-date: /home/jannen/Documents/git/Robotics-Simulators/install/webots_sim/share/webots_sim//config/rviz/robile.rviz
-- Up-to-date: /home/jannen/Documents/git/Robotics-Simulators/install/webots_sim/share/webots_sim//config/rviz/robile_foxy_nav.rviz
-- Up-to-date: /home/jannen/Documents/git/Robotics-Simulators/install/webots_sim/share/webots_sim//config/doxygen
-- Up-to-date: /home/jannen/Documents/git/Robotics-Simulators/install/webots_sim/share/webots_sim//config/doxygen/Doxyfile.in
-- Up-to-date: /home/jannen/Documents/git/Robotics-Simulators/install/webots_sim/share/webots_sim//launch
-- Up-to-date: /home/jannen/Documents/git/Robotics-Simulators/install/webots_sim/share/webots_sim//launch/robile.launch.py
-- Up-to-date: /home/jannen/Documents/git/Robotics-Simulators/install/webots_sim/share/webots_sim//launch/gazebo_4_wheel.launch.py
-- Up-to-date: /home/jannen/Documents/git/Robotics-Simulators/install/webots_sim/share/webots_sim//launch/webots_robile_launch.py
-- Up-to-date: /home/jannen/Documents/git/Robotics-Simulators/install/webots_sim/share/webots_sim//worlds
-- Up-to-date: /home/jannen/Documents/git/Robotics-Simulators/install/webots_sim/share/webots_sim//worlds/potential_field_gazebo.world
-- Up-to-date: /home/jannen/Documents/git/Robotics-Simulators/install/webots_sim/share/webots_sim//worlds/closed_walls.world
-- Up-to-date: /home/jannen/Documents/git/Robotics-Simulators/install/webots_sim/share/webots_sim//worlds/meshes
-- Up-to-date: /home/jannen/Documents/git/Robotics-Simulators/install/webots_sim/share/webots_sim//worlds/meshes/robile_brick_housing
-- Up-to-date: /home/jannen/Documents/git/Robotics-Simulators/install/webots_sim/share/webots_sim//worlds/meshes/robile_brick_housing/lid_cover_green.dae
-- Up-to-date: /home/jannen/Documents/git/Robotics-Simulators/install/webots_sim/share/webots_sim//worlds/meshes/robile_brick_housing/wheeled_brick_housing.dae
-- Up-to-date: /home/jannen/Documents/git/Robotics-Simulators/install/webots_sim/share/webots_sim//worlds/meshes/robile_brick_housing/lid_cover_red.dae
-- Up-to-date: /home/jannen/Documents/git/Robotics-Simulators/install/webots_sim/share/webots_sim//worlds/meshes/robile_brick_housing/lid.dae
-- Up-to-date: /home/jannen/Documents/git/Robotics-Simulators/install/webots_sim/share/webots_sim//worlds/meshes/robile_brick_housing/lid_cover_yellow.dae
-- Up-to-date: /home/jannen/Documents/git/Robotics-Simulators/install/webots_sim/share/webots_sim//worlds/meshes/robile_brick_housing/lid_cover_blue.dae
-- Up-to-date: /home/jannen/Documents/git/Robotics-Simulators/install/webots_sim/share/webots_sim//worlds/meshes/robile_brick_housing/general_brick_housing.dae
-- Up-to-date: /home/jannen/Documents/git/Robotics-Simulators/install/webots_sim/share/webots_sim//worlds/meshes/passive_caster_wheel
-- Up-to-date: /home/jannen/Documents/git/Robotics-Simulators/install/webots_sim/share/webots_sim//worlds/meshes/passive_caster_wheel/pivot.dae
-- Up-to-date: /home/jannen/Documents/git/Robotics-Simulators/install/webots_sim/share/webots_sim//worlds/meshes/passive_caster_wheel/wheel.dae
-- Up-to-date: /home/jannen/Documents/git/Robotics-Simulators/install/webots_sim/share/webots_sim//worlds/meshes/sensors
-- Up-to-date: /home/jannen/Documents/git/Robotics-Simulators/install/webots_sim/share/webots_sim//worlds/meshes/sensors/sick-lms1xx.dae
-- Up-to-date: /home/jannen/Documents/git/Robotics-Simulators/install/webots_sim/share/webots_sim//worlds/meshes/sensors/hokuyo_convex.dae
-- Up-to-date: /home/jannen/Documents/git/Robotics-Simulators/install/webots_sim/share/webots_sim//worlds/meshes/sensors/hokuyo.dae
-- Up-to-date: /home/jannen/Documents/git/Robotics-Simulators/install/webots_sim/share/webots_sim//worlds/meshes/kelo_drive
-- Up-to-date: /home/jannen/Documents/git/Robotics-Simulators/install/webots_sim/share/webots_sim//worlds/meshes/kelo_drive/kelo_drive_base.dae
-- Up-to-date: /home/jannen/Documents/git/Robotics-Simulators/install/webots_sim/share/webots_sim//worlds/meshes/kelo_drive/kelo_drive_wheel.dae
-- Up-to-date: /home/jannen/Documents/git/Robotics-Simulators/install/webots_sim/share/webots_sim//worlds/.robile_world.jpg
-- Up-to-date: /home/jannen/Documents/git/Robotics-Simulators/install/webots_sim/share/webots_sim//worlds/robile_world.wbt
-- Installing: /home/jannen/Documents/git/Robotics-Simulators/install/webots_sim/share/webots_sim//worlds/null_world.wbt
-- Up-to-date: /home/jannen/Documents/git/Robotics-Simulators/install/webots_sim/share/webots_sim//worlds/.null_world.jpg
-- Installing: /home/jannen/Documents/git/Robotics-Simulators/install/webots_sim/share/webots_sim//worlds/.null_world.wbproj
-- Up-to-date: /home/jannen/Documents/git/Robotics-Simulators/install/webots_sim/share/ament_index/resource_index/package_run_dependencies/webots_sim
-- Up-to-date: /home/jannen/Documents/git/Robotics-Simulators/install/webots_sim/share/ament_index/resource_index/parent_prefix_path/webots_sim
-- Up-to-date: /home/jannen/Documents/git/Robotics-Simulators/install/webots_sim/share/webots_sim/environment/ament_prefix_path.sh
-- Up-to-date: /home/jannen/Documents/git/Robotics-Simulators/install/webots_sim/share/webots_sim/environment/ament_prefix_path.dsv
-- Up-to-date: /home/jannen/Documents/git/Robotics-Simulators/install/webots_sim/share/webots_sim/environment/path.sh
-- Up-to-date: /home/jannen/Documents/git/Robotics-Simulators/install/webots_sim/share/webots_sim/environment/path.dsv
-- Up-to-date: /home/jannen/Documents/git/Robotics-Simulators/install/webots_sim/share/webots_sim/local_setup.bash
-- Up-to-date: /home/jannen/Documents/git/Robotics-Simulators/install/webots_sim/share/webots_sim/local_setup.sh
-- Up-to-date: /home/jannen/Documents/git/Robotics-Simulators/install/webots_sim/share/webots_sim/local_setup.zsh
-- Up-to-date: /home/jannen/Documents/git/Robotics-Simulators/install/webots_sim/share/webots_sim/local_setup.dsv
-- Installing: /home/jannen/Documents/git/Robotics-Simulators/install/webots_sim/share/webots_sim/package.dsv
-- Up-to-date: /home/jannen/Documents/git/Robotics-Simulators/install/webots_sim/share/ament_index/resource_index/packages/webots_sim
-- Up-to-date: /home/jannen/Documents/git/Robotics-Simulators/install/webots_sim/share/webots_sim/cmake/ament_cmake_export_include_directories-extras.cmake
-- Up-to-date: /home/jannen/Documents/git/Robotics-Simulators/install/webots_sim/share/webots_sim/cmake/webots_simConfig.cmake
-- Up-to-date: /home/jannen/Documents/git/Robotics-Simulators/install/webots_sim/share/webots_sim/cmake/webots_simConfig-version.cmake
-- Up-to-date: /home/jannen/Documents/git/Robotics-Simulators/install/webots_sim/share/webots_sim/package.xml
