[0.067s] DEBUG:colcon:Command line arguments: ['/usr/bin/colcon', 'build']
[0.067s] DEBUG:colcon:Parsed command line arguments: Namespace(log_base=None, log_level=None, verb_name='build', build_base='build', install_base='install', merge_install=False, symlink_install=False, test_result_base=None, continue_on_error=False, executor='parallel', parallel_workers=22, event_handlers=None, ignore_user_meta=False, metas=['./colcon.meta'], base_paths=['.'], packages_ignore=None, packages_ignore_regex=None, paths=None, packages_up_to=None, packages_up_to_regex=None, packages_above=None, packages_above_and_dependencies=None, packages_above_depth=None, packages_select_by_dep=None, packages_skip_by_dep=None, packages_skip_up_to=None, packages_select_build_failed=False, packages_skip_build_finished=False, packages_select_test_failures=False, packages_skip_test_passed=False, packages_select=None, packages_skip=None, packages_select_regex=None, packages_skip_regex=None, packages_start=None, packages_end=None, allow_overriding=[], cmake_args=None, cmake_target=None, cmake_target_skip_unavailable=False, cmake_clean_cache=False, cmake_clean_first=False, cmake_force_configure=False, ament_cmake_args=None, catkin_cmake_args=None, catkin_skip_building_tests=False, mixin_files=None, mixin=None, verb_parser=<colcon_mixin.mixin.mixin_argument.MixinArgumentDecorator object at 0x7e22d08511b0>, verb_extension=<colcon_core.verb.build.BuildVerb object at 0x7e22d0850a30>, main=<bound method BuildVerb.main of <colcon_core.verb.build.BuildVerb object at 0x7e22d0850a30>>, mixin_verb=('build',))
[0.092s] Level 1:colcon.colcon_core.package_discovery:discover_packages(colcon_meta) check parameters
[0.092s] Level 1:colcon.colcon_core.package_discovery:discover_packages(recursive) check parameters
[0.092s] Level 1:colcon.colcon_core.package_discovery:discover_packages(ignore) check parameters
[0.092s] Level 1:colcon.colcon_core.package_discovery:discover_packages(path) check parameters
[0.092s] Level 1:colcon.colcon_core.package_discovery:discover_packages(colcon_meta) discover
[0.092s] Level 1:colcon.colcon_core.package_discovery:discover_packages(recursive) discover
[0.092s] INFO:colcon.colcon_core.package_discovery:Crawling recursively for packages in '/home/jannen/Documents/git/Robotics-Simulators'
[0.092s] Level 1:colcon.colcon_core.package_identification:_identify(.) by extensions ['ignore', 'ignore_ament_install']
[0.092s] Level 1:colcon.colcon_core.package_identification:_identify(.) by extension 'ignore'
[0.092s] Level 1:colcon.colcon_core.package_identification:_identify(.) by extension 'ignore_ament_install'
[0.092s] Level 1:colcon.colcon_core.package_identification:_identify(.) by extensions ['colcon_pkg']
[0.092s] Level 1:colcon.colcon_core.package_identification:_identify(.) by extension 'colcon_pkg'
[0.092s] Level 1:colcon.colcon_core.package_identification:_identify(.) by extensions ['colcon_meta']
[0.092s] Level 1:colcon.colcon_core.package_identification:_identify(.) by extension 'colcon_meta'
[0.092s] Level 1:colcon.colcon_core.package_identification:_identify(.) by extensions ['ros']
[0.092s] Level 1:colcon.colcon_core.package_identification:_identify(.) by extension 'ros'
[0.107s] Level 1:colcon.colcon_core.package_identification:_identify(.) by extensions ['cmake', 'python']
[0.107s] Level 1:colcon.colcon_core.package_identification:_identify(.) by extension 'cmake'
[0.107s] Level 1:colcon.colcon_core.package_identification:_identify(.) by extension 'python'
[0.107s] Level 1:colcon.colcon_core.package_identification:_identify(.) by extensions ['python_setup_py']
[0.107s] Level 1:colcon.colcon_core.package_identification:_identify(.) by extension 'python_setup_py'
[0.107s] Level 1:colcon.colcon_core.package_identification:_identify(build) by extensions ['ignore', 'ignore_ament_install']
[0.107s] Level 1:colcon.colcon_core.package_identification:_identify(build) by extension 'ignore'
[0.108s] Level 1:colcon.colcon_core.package_identification:_identify(build) ignored
[0.108s] Level 1:colcon.colcon_core.package_identification:_identify(install) by extensions ['ignore', 'ignore_ament_install']
[0.108s] Level 1:colcon.colcon_core.package_identification:_identify(install) by extension 'ignore'
[0.108s] Level 1:colcon.colcon_core.package_identification:_identify(install) ignored
[0.108s] Level 1:colcon.colcon_core.package_identification:_identify(log) by extensions ['ignore', 'ignore_ament_install']
[0.108s] Level 1:colcon.colcon_core.package_identification:_identify(log) by extension 'ignore'
[0.108s] Level 1:colcon.colcon_core.package_identification:_identify(log) ignored
[0.108s] Level 1:colcon.colcon_core.package_identification:_identify(src) by extensions ['ignore', 'ignore_ament_install']
[0.108s] Level 1:colcon.colcon_core.package_identification:_identify(src) by extension 'ignore'
[0.108s] Level 1:colcon.colcon_core.package_identification:_identify(src) by extension 'ignore_ament_install'
[0.108s] Level 1:colcon.colcon_core.package_identification:_identify(src) by extensions ['colcon_pkg']
[0.108s] Level 1:colcon.colcon_core.package_identification:_identify(src) by extension 'colcon_pkg'
[0.108s] Level 1:colcon.colcon_core.package_identification:_identify(src) by extensions ['colcon_meta']
[0.108s] Level 1:colcon.colcon_core.package_identification:_identify(src) by extension 'colcon_meta'
[0.108s] Level 1:colcon.colcon_core.package_identification:_identify(src) by extensions ['ros']
[0.108s] Level 1:colcon.colcon_core.package_identification:_identify(src) by extension 'ros'
[0.108s] Level 1:colcon.colcon_core.package_identification:_identify(src) by extensions ['cmake', 'python']
[0.108s] Level 1:colcon.colcon_core.package_identification:_identify(src) by extension 'cmake'
[0.108s] Level 1:colcon.colcon_core.package_identification:_identify(src) by extension 'python'
[0.108s] Level 1:colcon.colcon_core.package_identification:_identify(src) by extensions ['python_setup_py']
[0.108s] Level 1:colcon.colcon_core.package_identification:_identify(src) by extension 'python_setup_py'
[0.108s] Level 1:colcon.colcon_core.package_identification:_identify(src/webots_sim) by extensions ['ignore', 'ignore_ament_install']
[0.108s] Level 1:colcon.colcon_core.package_identification:_identify(src/webots_sim) by extension 'ignore'
[0.108s] Level 1:colcon.colcon_core.package_identification:_identify(src/webots_sim) by extension 'ignore_ament_install'
[0.108s] Level 1:colcon.colcon_core.package_identification:_identify(src/webots_sim) by extensions ['colcon_pkg']
[0.108s] Level 1:colcon.colcon_core.package_identification:_identify(src/webots_sim) by extension 'colcon_pkg'
[0.108s] Level 1:colcon.colcon_core.package_identification:_identify(src/webots_sim) by extensions ['colcon_meta']
[0.108s] Level 1:colcon.colcon_core.package_identification:_identify(src/webots_sim) by extension 'colcon_meta'
[0.108s] Level 1:colcon.colcon_core.package_identification:_identify(src/webots_sim) by extensions ['ros']
[0.108s] Level 1:colcon.colcon_core.package_identification:_identify(src/webots_sim) by extension 'ros'
[0.110s] DEBUG:colcon.colcon_core.package_identification:Package 'src/webots_sim' with type 'ros.ament_cmake' and name 'webots_sim'
[0.110s] Level 1:colcon.colcon_core.package_discovery:discover_packages(recursive) using defaults
[0.111s] Level 1:colcon.colcon_core.package_discovery:discover_packages(ignore) discover
[0.111s] Level 1:colcon.colcon_core.package_discovery:discover_packages(ignore) using defaults
[0.111s] Level 1:colcon.colcon_core.package_discovery:discover_packages(path) discover
[0.111s] Level 1:colcon.colcon_core.package_discovery:discover_packages(path) using defaults
[0.122s] Level 1:colcon.colcon_core.package_discovery:discover_packages(prefix_path) check parameters
[0.122s] Level 1:colcon.colcon_core.package_discovery:discover_packages(prefix_path) discover
[0.123s] DEBUG:colcon.colcon_installed_package_information.package_discovery:Found 1 installed packages in /home/jannen/Documents/git/Robotics-Simulators/install
[0.124s] DEBUG:colcon.colcon_installed_package_information.package_discovery:Found 407 installed packages in /opt/ros/humble
[0.125s] Level 1:colcon.colcon_core.package_discovery:discover_packages(prefix_path) using defaults
[0.157s] Level 5:colcon.colcon_core.verb:set package 'webots_sim' build argument 'cmake_args' from command line to 'None'
[0.158s] Level 5:colcon.colcon_core.verb:set package 'webots_sim' build argument 'cmake_target' from command line to 'None'
[0.158s] Level 5:colcon.colcon_core.verb:set package 'webots_sim' build argument 'cmake_target_skip_unavailable' from command line to 'False'
[0.158s] Level 5:colcon.colcon_core.verb:set package 'webots_sim' build argument 'cmake_clean_cache' from command line to 'False'
[0.158s] Level 5:colcon.colcon_core.verb:set package 'webots_sim' build argument 'cmake_clean_first' from command line to 'False'
[0.158s] Level 5:colcon.colcon_core.verb:set package 'webots_sim' build argument 'cmake_force_configure' from command line to 'False'
[0.158s] Level 5:colcon.colcon_core.verb:set package 'webots_sim' build argument 'ament_cmake_args' from command line to 'None'
[0.158s] Level 5:colcon.colcon_core.verb:set package 'webots_sim' build argument 'catkin_cmake_args' from command line to 'None'
[0.158s] Level 5:colcon.colcon_core.verb:set package 'webots_sim' build argument 'catkin_skip_building_tests' from command line to 'False'
[0.158s] DEBUG:colcon.colcon_core.verb:Building package 'webots_sim' with the following arguments: {'ament_cmake_args': None, 'build_base': '/home/jannen/Documents/git/Robotics-Simulators/build/webots_sim', 'catkin_cmake_args': None, 'catkin_skip_building_tests': False, 'cmake_args': None, 'cmake_clean_cache': False, 'cmake_clean_first': False, 'cmake_force_configure': False, 'cmake_target': None, 'cmake_target_skip_unavailable': False, 'install_base': '/home/jannen/Documents/git/Robotics-Simulators/install/webots_sim', 'merge_install': False, 'path': '/home/jannen/Documents/git/Robotics-Simulators/src/webots_sim', 'symlink_install': False, 'test_result_base': None}
[0.158s] INFO:colcon.colcon_core.executor:Executing jobs using 'parallel' executor
[0.159s] DEBUG:colcon.colcon_parallel_executor.executor.parallel:run_until_complete
[0.159s] INFO:colcon.colcon_ros.task.ament_cmake.build:Building ROS package in '/home/jannen/Documents/git/Robotics-Simulators/src/webots_sim' with build type 'ament_cmake'
[0.159s] INFO:colcon.colcon_cmake.task.cmake.build:Building CMake package in '/home/jannen/Documents/git/Robotics-Simulators/src/webots_sim'
[0.160s] INFO:colcon.colcon_core.plugin_system:Skipping extension 'colcon_core.shell.bat': Not used on non-Windows systems
[0.160s] INFO:colcon.colcon_core.shell:Skip shell extension 'powershell' for command environment: Not usable outside of PowerShell
[0.160s] DEBUG:colcon.colcon_core.shell:Skip shell extension 'dsv' for command environment
[0.167s] DEBUG:colcon.colcon_core.event_handler.log_command:Invoking command in '/home/jannen/Documents/git/Robotics-Simulators/build/webots_sim': CMAKE_PREFIX_PATH=${CMAKE_PREFIX_PATH}:/opt/ros/humble /usr/bin/cmake --build /home/jannen/Documents/git/Robotics-Simulators/build/webots_sim -- -j22 -l22
[0.970s] DEBUG:colcon.colcon_core.event_handler.log_command:Invoked command in '/home/jannen/Documents/git/Robotics-Simulators/build/webots_sim' returned '0': CMAKE_PREFIX_PATH=${CMAKE_PREFIX_PATH}:/opt/ros/humble /usr/bin/cmake --build /home/jannen/Documents/git/Robotics-Simulators/build/webots_sim -- -j22 -l22
[0.978s] DEBUG:colcon.colcon_core.event_handler.log_command:Invoking command in '/home/jannen/Documents/git/Robotics-Simulators/build/webots_sim': CMAKE_PREFIX_PATH=${CMAKE_PREFIX_PATH}:/opt/ros/humble /usr/bin/cmake --install /home/jannen/Documents/git/Robotics-Simulators/build/webots_sim
[1.037s] Level 1:colcon.colcon_core.environment:create_environment_scripts_only(webots_sim)
[1.047s] Level 1:colcon.colcon_core.environment:checking '/home/jannen/Documents/git/Robotics-Simulators/install/webots_sim' for CMake module files
[1.050s] Level 1:colcon.colcon_core.environment:checking '/home/jannen/Documents/git/Robotics-Simulators/install/webots_sim' for CMake config files
[1.058s] Level 1:colcon.colcon_core.shell:create_environment_hook('webots_sim', 'cmake_prefix_path')
[1.059s] INFO:colcon.colcon_core.shell:Creating environment hook '/home/jannen/Documents/git/Robotics-Simulators/install/webots_sim/share/webots_sim/hook/cmake_prefix_path.ps1'
[1.060s] INFO:colcon.colcon_core.shell:Creating environment descriptor '/home/jannen/Documents/git/Robotics-Simulators/install/webots_sim/share/webots_sim/hook/cmake_prefix_path.dsv'
[1.061s] INFO:colcon.colcon_core.shell:Creating environment hook '/home/jannen/Documents/git/Robotics-Simulators/install/webots_sim/share/webots_sim/hook/cmake_prefix_path.sh'
[1.064s] Level 1:colcon.colcon_core.environment:checking '/home/jannen/Documents/git/Robotics-Simulators/install/webots_sim/lib'
[1.064s] Level 1:colcon.colcon_core.environment:checking '/home/jannen/Documents/git/Robotics-Simulators/install/webots_sim/bin'
[1.064s] Level 1:colcon.colcon_core.environment:checking '/home/jannen/Documents/git/Robotics-Simulators/install/webots_sim/lib/pkgconfig/webots_sim.pc'
[1.065s] Level 1:colcon.colcon_core.environment:checking '/home/jannen/Documents/git/Robotics-Simulators/install/webots_sim/lib/python3.10/site-packages'
[1.065s] Level 1:colcon.colcon_core.environment:checking '/home/jannen/Documents/git/Robotics-Simulators/install/webots_sim/bin'
[1.065s] INFO:colcon.colcon_core.shell:Creating package script '/home/jannen/Documents/git/Robotics-Simulators/install/webots_sim/share/webots_sim/package.ps1'
[1.067s] INFO:colcon.colcon_core.shell:Creating package descriptor '/home/jannen/Documents/git/Robotics-Simulators/install/webots_sim/share/webots_sim/package.dsv'
[1.069s] INFO:colcon.colcon_core.shell:Creating package script '/home/jannen/Documents/git/Robotics-Simulators/install/webots_sim/share/webots_sim/package.sh'
[1.071s] INFO:colcon.colcon_core.shell:Creating package script '/home/jannen/Documents/git/Robotics-Simulators/install/webots_sim/share/webots_sim/package.bash'
[1.073s] INFO:colcon.colcon_core.shell:Creating package script '/home/jannen/Documents/git/Robotics-Simulators/install/webots_sim/share/webots_sim/package.zsh'
[1.075s] Level 1:colcon.colcon_core.environment:create_file_with_runtime_dependencies(/home/jannen/Documents/git/Robotics-Simulators/install/webots_sim/share/colcon-core/packages/webots_sim)
[1.078s] Level 1:colcon.colcon_core.environment:create_environment_scripts_only(webots_sim)
[1.078s] Level 1:colcon.colcon_core.environment:checking '/home/jannen/Documents/git/Robotics-Simulators/install/webots_sim' for CMake module files
[1.084s] Level 1:colcon.colcon_core.environment:checking '/home/jannen/Documents/git/Robotics-Simulators/install/webots_sim' for CMake config files
[1.094s] Level 1:colcon.colcon_core.shell:create_environment_hook('webots_sim', 'cmake_prefix_path')
[1.095s] INFO:colcon.colcon_core.shell:Creating environment hook '/home/jannen/Documents/git/Robotics-Simulators/install/webots_sim/share/webots_sim/hook/cmake_prefix_path.ps1'
[1.097s] INFO:colcon.colcon_core.shell:Creating environment descriptor '/home/jannen/Documents/git/Robotics-Simulators/install/webots_sim/share/webots_sim/hook/cmake_prefix_path.dsv'
[1.099s] INFO:colcon.colcon_core.shell:Creating environment hook '/home/jannen/Documents/git/Robotics-Simulators/install/webots_sim/share/webots_sim/hook/cmake_prefix_path.sh'
[1.100s] Level 1:colcon.colcon_core.environment:checking '/home/jannen/Documents/git/Robotics-Simulators/install/webots_sim/lib'
[1.100s] Level 1:colcon.colcon_core.environment:checking '/home/jannen/Documents/git/Robotics-Simulators/install/webots_sim/bin'
[1.100s] Level 1:colcon.colcon_core.environment:checking '/home/jannen/Documents/git/Robotics-Simulators/install/webots_sim/lib/pkgconfig/webots_sim.pc'
[1.100s] Level 1:colcon.colcon_core.environment:checking '/home/jannen/Documents/git/Robotics-Simulators/install/webots_sim/lib/python3.10/site-packages'
[1.100s] Level 1:colcon.colcon_core.environment:checking '/home/jannen/Documents/git/Robotics-Simulators/install/webots_sim/bin'
[1.100s] INFO:colcon.colcon_core.shell:Creating package script '/home/jannen/Documents/git/Robotics-Simulators/install/webots_sim/share/webots_sim/package.ps1'
[1.101s] INFO:colcon.colcon_core.shell:Creating package descriptor '/home/jannen/Documents/git/Robotics-Simulators/install/webots_sim/share/webots_sim/package.dsv'
[1.102s] INFO:colcon.colcon_core.shell:Creating package script '/home/jannen/Documents/git/Robotics-Simulators/install/webots_sim/share/webots_sim/package.sh'
[1.103s] INFO:colcon.colcon_core.shell:Creating package script '/home/jannen/Documents/git/Robotics-Simulators/install/webots_sim/share/webots_sim/package.bash'
[1.104s] INFO:colcon.colcon_core.shell:Creating package script '/home/jannen/Documents/git/Robotics-Simulators/install/webots_sim/share/webots_sim/package.zsh'
[1.105s] Level 1:colcon.colcon_core.environment:create_file_with_runtime_dependencies(/home/jannen/Documents/git/Robotics-Simulators/install/webots_sim/share/colcon-core/packages/webots_sim)
[1.106s] DEBUG:colcon.colcon_parallel_executor.executor.parallel:closing loop
[1.106s] DEBUG:colcon.colcon_parallel_executor.executor.parallel:loop closed
[1.107s] DEBUG:colcon.colcon_parallel_executor.executor.parallel:run_until_complete finished with '0'
[1.107s] DEBUG:colcon.colcon_core.event_reactor:joining thread
[1.149s] DEBUG:colcon.colcon_core.event_handler.log_command:Invoked command in '/home/jannen/Documents/git/Robotics-Simulators/build/webots_sim' returned '0': CMAKE_PREFIX_PATH=${CMAKE_PREFIX_PATH}:/opt/ros/humble /usr/bin/cmake --install /home/jannen/Documents/git/Robotics-Simulators/build/webots_sim
[1.153s] INFO:colcon.colcon_core.plugin_system:Skipping extension 'colcon_notification.desktop_notification.terminal_notifier': Not used on non-Darwin systems
[1.153s] INFO:colcon.colcon_core.plugin_system:Skipping extension 'colcon_notification.desktop_notification.win32': Not used on non-Windows systems
[1.153s] INFO:colcon.colcon_notification.desktop_notification:Sending desktop notification using 'notify2'
[1.163s] DEBUG:colcon.colcon_core.event_reactor:joined thread
[1.163s] INFO:colcon.colcon_core.shell:Creating prefix script '/home/jannen/Documents/git/Robotics-Simulators/install/local_setup.ps1'
[1.164s] INFO:colcon.colcon_core.shell:Creating prefix util module '/home/jannen/Documents/git/Robotics-Simulators/install/_local_setup_util_ps1.py'
[1.166s] INFO:colcon.colcon_core.shell:Creating prefix chain script '/home/jannen/Documents/git/Robotics-Simulators/install/setup.ps1'
[1.166s] INFO:colcon.colcon_core.shell:Creating prefix script '/home/jannen/Documents/git/Robotics-Simulators/install/local_setup.sh'
[1.167s] INFO:colcon.colcon_core.shell:Creating prefix util module '/home/jannen/Documents/git/Robotics-Simulators/install/_local_setup_util_sh.py'
[1.167s] INFO:colcon.colcon_core.shell:Creating prefix chain script '/home/jannen/Documents/git/Robotics-Simulators/install/setup.sh'
[1.168s] INFO:colcon.colcon_core.shell:Creating prefix script '/home/jannen/Documents/git/Robotics-Simulators/install/local_setup.bash'
[1.169s] INFO:colcon.colcon_core.shell:Creating prefix chain script '/home/jannen/Documents/git/Robotics-Simulators/install/setup.bash'
[1.169s] INFO:colcon.colcon_core.shell:Creating prefix script '/home/jannen/Documents/git/Robotics-Simulators/install/local_setup.zsh'
[1.170s] INFO:colcon.colcon_core.shell:Creating prefix chain script '/home/jannen/Documents/git/Robotics-Simulators/install/setup.zsh'
