[0.007s] Invoking command in '/home/jannen/Documents/git/Robotics-Simulators/build/webots_sim': CMAKE_PREFIX_PATH=${CMAKE_PREFIX_PATH}:/opt/ros/humble /usr/bin/cmake --build /home/jannen/Documents/git/Robotics-Simulators/build/webots_sim -- -j22 -l22
[0.024s] -- Found ament_cmake: 1.3.11 (/opt/ros/humble/share/ament_cmake/cmake)
[0.110s] -- Found rclcpp: 16.0.12 (/opt/ros/humble/share/rclcpp/cmake)
[0.128s] -- Found rosidl_generator_c: 3.1.6 (/opt/ros/humble/share/rosidl_generator_c/cmake)
[0.130s] -- Found rosidl_adapter: 3.1.6 (/opt/ros/humble/share/rosidl_adapter/cmake)
[0.133s] -- Found rosidl_generator_cpp: 3.1.6 (/opt/ros/humble/share/rosidl_generator_cpp/cmake)
[0.138s] -- Using all available rosidl_typesupport_c: rosidl_typesupport_fastrtps_c;rosidl_typesupport_introspection_c
[0.146s] -- Using all available rosidl_typesupport_cpp: rosidl_typesupport_fastrtps_cpp;rosidl_typesupport_introspection_cpp
[0.166s] -- Found rmw_implementation_cmake: 6.1.2 (/opt/ros/humble/share/rmw_implementation_cmake/cmake)
[0.167s] -- Found rmw_fastrtps_cpp: 6.2.7 (/opt/ros/humble/share/rmw_fastrtps_cpp/cmake)
[0.244s] -- Using RMW implementation 'rmw_fastrtps_cpp' as default
[0.292s] -- Found DART: /usr/include (Required is at least version "6.6") found components: dart 
[0.313s] -- Found Protobuf: /usr/lib/x86_64-linux-gnu/libprotobuf.so (found version "3.12.4") 
[0.314s] -- Looking for ignition-math6 -- found version 6.15.1
[0.317s] -- Searching for dependencies of ignition-math6
[0.318s] -- Looking for OGRE...
[0.322s] -- Found Ogre Ghadamon (1.9.0)
[0.322s] -- Found OGRE: optimized;/usr/lib/x86_64-linux-gnu/libOgreMain.so;debug;/usr/lib/x86_64-linux-gnu/libOgreMain.so
[0.328s] -- Looking for OGRE_Paging...
[0.328s] -- Found OGRE_Paging: optimized;/usr/lib/x86_64-linux-gnu/libOgrePaging.so;debug;/usr/lib/x86_64-linux-gnu/libOgrePaging.so
[0.328s] -- Looking for OGRE_Terrain...
[0.328s] -- Found OGRE_Terrain: optimized;/usr/lib/x86_64-linux-gnu/libOgreTerrain.so;debug;/usr/lib/x86_64-linux-gnu/libOgreTerrain.so
[0.328s] -- Looking for OGRE_Property...
[0.329s] -- Found OGRE_Property: optimized;/usr/lib/x86_64-linux-gnu/libOgreProperty.so;debug;/usr/lib/x86_64-linux-gnu/libOgreProperty.so
[0.329s] -- Looking for OGRE_RTShaderSystem...
[0.329s] -- Found OGRE_RTShaderSystem: optimized;/usr/lib/x86_64-linux-gnu/libOgreRTShaderSystem.so;debug;/usr/lib/x86_64-linux-gnu/libOgreRTShaderSystem.so
[0.329s] -- Looking for OGRE_Volume...
[0.329s] -- Found OGRE_Volume: optimized;/usr/lib/x86_64-linux-gnu/libOgreVolume.so;debug;/usr/lib/x86_64-linux-gnu/libOgreVolume.so
[0.329s] -- Looking for OGRE_Overlay...
[0.329s] -- Found OGRE_Overlay: optimized;/usr/lib/x86_64-linux-gnu/libOgreOverlay.so;debug;/usr/lib/x86_64-linux-gnu/libOgreOverlay.so
[0.402s] -- Looking for ignition-math6 -- found version 6.15.1
[0.402s] -- Looking for ignition-transport8 -- found version 8.2.1
[0.402s] -- Searching for dependencies of ignition-transport8
[0.416s] -- Found Protobuf: /usr/lib/x86_64-linux-gnu/libprotobuf.so (found suitable version "3.12.4", minimum required is "3") 
[0.425s] -- Config-file not installed for ZeroMQ -- checking for pkg-config
[0.430s] -- Checking for module 'libzmq >= 4'
[0.441s] --   Found libzmq , version 4.3.4
[0.476s] -- Checking for module 'uuid'
[0.484s] --   Found uuid, version 2.37.2
[0.515s] -- Looking for ignition-msgs5 -- found version 5.8.1
[0.515s] -- Searching for dependencies of ignition-msgs5
[0.529s] -- Looking for ignition-math6 -- found version 6.15.1
[0.532s] -- Checking for module 'tinyxml2'
[0.543s] --   Found tinyxml2, version 9.0.0
[0.572s] -- Looking for ignition-msgs5 -- found version 5.8.1
[0.572s] -- Looking for ignition-common3 -- found version 3.14.0
[0.573s] -- Searching for dependencies of ignition-common3
[0.573s] -- Looking for dlfcn.h - found
[0.573s] -- Looking for libdl - found
[0.581s] -- Searching for <ignition-common3> component [graphics]
[0.581s] -- Looking for ignition-common3-graphics -- found version 3.14.0
[0.582s] -- Searching for dependencies of ignition-common3-graphics
[0.582s] -- Looking for ignition-math6 -- found version 6.15.1
[0.583s] -- Looking for ignition-fuel_tools4 -- found version 4.4.0
[0.583s] -- Searching for dependencies of ignition-fuel_tools4
[0.611s] -- Checking for module 'jsoncpp'
[0.622s] --   Found jsoncpp, version 1.9.5
[0.654s] -- Checking for module 'libzip'
[0.664s] --   Found libzip, version 1.7.3
[0.695s] -- Looking for ignition-common3 -- found version 3.14.0
[0.695s] -- Looking for ignition-math6 -- found version 6.15.1
[0.695s] -- Looking for ignition-msgs5 -- found version 5.8.1
[0.697s] -- Found gazebo_ros_pkgs: 3.9.0 (/opt/ros/humble/share/gazebo_ros_pkgs/cmake)
[0.697s] -- Found geometry_msgs: 4.8.0 (/opt/ros/humble/share/geometry_msgs/cmake)
[0.704s] -- Found nav_msgs: 4.8.0 (/opt/ros/humble/share/nav_msgs/cmake)
[0.714s] -- Found sensor_msgs: 4.8.0 (/opt/ros/humble/share/sensor_msgs/cmake)
[0.725s] -- Found tf2: 0.25.12 (/opt/ros/humble/share/tf2/cmake)
[0.786s] -- Configuring done
[0.791s] -- Generating done
[0.794s] -- Build files have been written to: /home/jannen/Documents/git/Robotics-Simulators/build/webots_sim
[0.816s] Invoked command in '/home/jannen/Documents/git/Robotics-Simulators/build/webots_sim' returned '0': CMAKE_PREFIX_PATH=${CMAKE_PREFIX_PATH}:/opt/ros/humble /usr/bin/cmake --build /home/jannen/Documents/git/Robotics-Simulators/build/webots_sim -- -j22 -l22
[0.826s] Invoking command in '/home/jannen/Documents/git/Robotics-Simulators/build/webots_sim': CMAKE_PREFIX_PATH=${CMAKE_PREFIX_PATH}:/opt/ros/humble /usr/bin/cmake --install /home/jannen/Documents/git/Robotics-Simulators/build/webots_sim
[0.831s] -- Install configuration: ""
[0.831s] -- Installing: /home/jannen/Documents/git/Robotics-Simulators/install/webots_sim/lib/webots_sim/robile_controller.py
[0.832s] -- Installing: /home/jannen/Documents/git/Robotics-Simulators/install/webots_sim/share/webots_sim//config
[0.832s] -- Installing: /home/jannen/Documents/git/Robotics-Simulators/install/webots_sim/share/webots_sim//config/rviz
[0.832s] -- Installing: /home/jannen/Documents/git/Robotics-Simulators/install/webots_sim/share/webots_sim//config/rviz/robile_rolling.rviz
[0.832s] -- Installing: /home/jannen/Documents/git/Robotics-Simulators/install/webots_sim/share/webots_sim//config/rviz/robile.rviz
[0.832s] -- Installing: /home/jannen/Documents/git/Robotics-Simulators/install/webots_sim/share/webots_sim//config/rviz/robile_foxy_nav.rviz
[0.832s] -- Installing: /home/jannen/Documents/git/Robotics-Simulators/install/webots_sim/share/webots_sim//config/doxygen
[0.832s] -- Installing: /home/jannen/Documents/git/Robotics-Simulators/install/webots_sim/share/webots_sim//config/doxygen/Doxyfile.in
[0.832s] -- Installing: /home/jannen/Documents/git/Robotics-Simulators/install/webots_sim/share/webots_sim//launch
[0.832s] -- Installing: /home/jannen/Documents/git/Robotics-Simulators/install/webots_sim/share/webots_sim//launch/robile.launch.py
[0.832s] [31mCMake Error at cmake_install.cmake:50 (file):
[0.832s]   file INSTALL cannot find
[0.832s]   "/home/jannen/Documents/git/Robotics-Simulators/src/webots_sim/worlds": No
[0.832s]   such file or directory.
[0.832s] 
[0.832s] [0m
[0.832s] -- Installing: /home/jannen/Documents/git/Robotics-Simulators/install/webots_sim/share/webots_sim//launch/gazebo_4_wheel.launch.py
[0.832s] -- Installing: /home/jannen/Documents/git/Robotics-Simulators/install/webots_sim/share/webots_sim//launch/webots_robile_launch.py
[0.833s] Invoked command in '/home/jannen/Documents/git/Robotics-Simulators/build/webots_sim' returned '1': CMAKE_PREFIX_PATH=${CMAKE_PREFIX_PATH}:/opt/ros/humble /usr/bin/cmake --install /home/jannen/Documents/git/Robotics-Simulators/build/webots_sim
