[0.133s] DEBUG:colcon:Command line arguments: ['/usr/bin/colcon', 'build', '--packages-select', 'webots_sim']
[0.133s] DEBUG:colcon:Parsed command line arguments: Namespace(log_base=None, log_level=None, verb_name='build', build_base='build', install_base='install', merge_install=False, symlink_install=False, test_result_base=None, continue_on_error=False, executor='parallel', parallel_workers=22, event_handlers=None, ignore_user_meta=False, metas=['./colcon.meta'], base_paths=['.'], packages_ignore=None, packages_ignore_regex=None, paths=None, packages_up_to=None, packages_up_to_regex=None, packages_above=None, packages_above_and_dependencies=None, packages_above_depth=None, packages_select_by_dep=None, packages_skip_by_dep=None, packages_skip_up_to=None, packages_select_build_failed=False, packages_skip_build_finished=False, packages_select_test_failures=False, packages_skip_test_passed=False, packages_select=['webots_sim'], packages_skip=None, packages_select_regex=None, packages_skip_regex=None, packages_start=None, packages_end=None, allow_overriding=[], cmake_args=None, cmake_target=None, cmake_target_skip_unavailable=False, cmake_clean_cache=False, cmake_clean_first=False, cmake_force_configure=False, ament_cmake_args=None, catkin_cmake_args=None, catkin_skip_building_tests=False, mixin_files=None, mixin=None, verb_parser=<colcon_mixin.mixin.mixin_argument.MixinArgumentDecorator object at 0x7784a7daa260>, verb_extension=<colcon_core.verb.build.BuildVerb object at 0x7784a7da9ae0>, main=<bound method BuildVerb.main of <colcon_core.verb.build.BuildVerb object at 0x7784a7da9ae0>>, mixin_verb=('build',))
[0.181s] Level 1:colcon.colcon_core.package_discovery:discover_packages(colcon_meta) check parameters
[0.181s] Level 1:colcon.colcon_core.package_discovery:discover_packages(recursive) check parameters
[0.181s] Level 1:colcon.colcon_core.package_discovery:discover_packages(ignore) check parameters
[0.181s] Level 1:colcon.colcon_core.package_discovery:discover_packages(path) check parameters
[0.181s] Level 1:colcon.colcon_core.package_discovery:discover_packages(colcon_meta) discover
[0.181s] Level 1:colcon.colcon_core.package_discovery:discover_packages(recursive) discover
[0.181s] INFO:colcon.colcon_core.package_discovery:Crawling recursively for packages in '/home/jannen/Documents/git/Robotics-Simulators'
[0.181s] Level 1:colcon.colcon_core.package_identification:_identify(.) by extensions ['ignore', 'ignore_ament_install']
[0.181s] Level 1:colcon.colcon_core.package_identification:_identify(.) by extension 'ignore'
[0.181s] Level 1:colcon.colcon_core.package_identification:_identify(.) by extension 'ignore_ament_install'
[0.182s] Level 1:colcon.colcon_core.package_identification:_identify(.) by extensions ['colcon_pkg']
[0.182s] Level 1:colcon.colcon_core.package_identification:_identify(.) by extension 'colcon_pkg'
[0.182s] Level 1:colcon.colcon_core.package_identification:_identify(.) by extensions ['colcon_meta']
[0.182s] Level 1:colcon.colcon_core.package_identification:_identify(.) by extension 'colcon_meta'
[0.182s] Level 1:colcon.colcon_core.package_identification:_identify(.) by extensions ['ros']
[0.182s] Level 1:colcon.colcon_core.package_identification:_identify(.) by extension 'ros'
[0.216s] Level 1:colcon.colcon_core.package_identification:_identify(.) by extensions ['cmake', 'python']
[0.216s] Level 1:colcon.colcon_core.package_identification:_identify(.) by extension 'cmake'
[0.216s] Level 1:colcon.colcon_core.package_identification:_identify(.) by extension 'python'
[0.216s] Level 1:colcon.colcon_core.package_identification:_identify(.) by extensions ['python_setup_py']
[0.216s] Level 1:colcon.colcon_core.package_identification:_identify(.) by extension 'python_setup_py'
[0.216s] Level 1:colcon.colcon_core.package_identification:_identify(build) by extensions ['ignore', 'ignore_ament_install']
[0.216s] Level 1:colcon.colcon_core.package_identification:_identify(build) by extension 'ignore'
[0.216s] Level 1:colcon.colcon_core.package_identification:_identify(build) ignored
[0.217s] Level 1:colcon.colcon_core.package_identification:_identify(install) by extensions ['ignore', 'ignore_ament_install']
[0.217s] Level 1:colcon.colcon_core.package_identification:_identify(install) by extension 'ignore'
[0.217s] Level 1:colcon.colcon_core.package_identification:_identify(install) ignored
[0.217s] Level 1:colcon.colcon_core.package_identification:_identify(log) by extensions ['ignore', 'ignore_ament_install']
[0.217s] Level 1:colcon.colcon_core.package_identification:_identify(log) by extension 'ignore'
[0.217s] Level 1:colcon.colcon_core.package_identification:_identify(log) ignored
[0.217s] Level 1:colcon.colcon_core.package_identification:_identify(src) by extensions ['ignore', 'ignore_ament_install']
[0.217s] Level 1:colcon.colcon_core.package_identification:_identify(src) by extension 'ignore'
[0.217s] Level 1:colcon.colcon_core.package_identification:_identify(src) by extension 'ignore_ament_install'
[0.217s] Level 1:colcon.colcon_core.package_identification:_identify(src) by extensions ['colcon_pkg']
[0.217s] Level 1:colcon.colcon_core.package_identification:_identify(src) by extension 'colcon_pkg'
[0.217s] Level 1:colcon.colcon_core.package_identification:_identify(src) by extensions ['colcon_meta']
[0.217s] Level 1:colcon.colcon_core.package_identification:_identify(src) by extension 'colcon_meta'
[0.217s] Level 1:colcon.colcon_core.package_identification:_identify(src) by extensions ['ros']
[0.217s] Level 1:colcon.colcon_core.package_identification:_identify(src) by extension 'ros'
[0.218s] Level 1:colcon.colcon_core.package_identification:_identify(src) by extensions ['cmake', 'python']
[0.218s] Level 1:colcon.colcon_core.package_identification:_identify(src) by extension 'cmake'
[0.218s] Level 1:colcon.colcon_core.package_identification:_identify(src) by extension 'python'
[0.218s] Level 1:colcon.colcon_core.package_identification:_identify(src) by extensions ['python_setup_py']
[0.218s] Level 1:colcon.colcon_core.package_identification:_identify(src) by extension 'python_setup_py'
[0.218s] Level 1:colcon.colcon_core.package_identification:_identify(src/webots_sim) by extensions ['ignore', 'ignore_ament_install']
[0.218s] Level 1:colcon.colcon_core.package_identification:_identify(src/webots_sim) by extension 'ignore'
[0.218s] Level 1:colcon.colcon_core.package_identification:_identify(src/webots_sim) by extension 'ignore_ament_install'
[0.218s] Level 1:colcon.colcon_core.package_identification:_identify(src/webots_sim) by extensions ['colcon_pkg']
[0.218s] Level 1:colcon.colcon_core.package_identification:_identify(src/webots_sim) by extension 'colcon_pkg'
[0.218s] Level 1:colcon.colcon_core.package_identification:_identify(src/webots_sim) by extensions ['colcon_meta']
[0.218s] Level 1:colcon.colcon_core.package_identification:_identify(src/webots_sim) by extension 'colcon_meta'
[0.218s] Level 1:colcon.colcon_core.package_identification:_identify(src/webots_sim) by extensions ['ros']
[0.218s] Level 1:colcon.colcon_core.package_identification:_identify(src/webots_sim) by extension 'ros'
[0.221s] DEBUG:colcon.colcon_core.package_identification:Package 'src/webots_sim' with type 'ros.ament_python' and name 'webots_sim'
[0.221s] Level 1:colcon.colcon_core.package_discovery:discover_packages(recursive) using defaults
[0.221s] Level 1:colcon.colcon_core.package_discovery:discover_packages(ignore) discover
[0.221s] Level 1:colcon.colcon_core.package_discovery:discover_packages(ignore) using defaults
[0.221s] Level 1:colcon.colcon_core.package_discovery:discover_packages(path) discover
[0.221s] Level 1:colcon.colcon_core.package_discovery:discover_packages(path) using defaults
[0.246s] Level 1:colcon.colcon_core.package_discovery:discover_packages(prefix_path) check parameters
[0.246s] Level 1:colcon.colcon_core.package_discovery:discover_packages(prefix_path) discover
[0.248s] DEBUG:colcon.colcon_installed_package_information.package_discovery:Found 1 installed packages in /home/jannen/Documents/git/Robotics-Simulators/install
[0.250s] DEBUG:colcon.colcon_installed_package_information.package_discovery:Found 407 installed packages in /opt/ros/humble
[0.252s] Level 1:colcon.colcon_core.package_discovery:discover_packages(prefix_path) using defaults
[0.315s] Level 5:colcon.colcon_core.verb:set package 'webots_sim' build argument 'cmake_args' from command line to 'None'
[0.315s] Level 5:colcon.colcon_core.verb:set package 'webots_sim' build argument 'cmake_target' from command line to 'None'
[0.315s] Level 5:colcon.colcon_core.verb:set package 'webots_sim' build argument 'cmake_target_skip_unavailable' from command line to 'False'
[0.315s] Level 5:colcon.colcon_core.verb:set package 'webots_sim' build argument 'cmake_clean_cache' from command line to 'False'
[0.315s] Level 5:colcon.colcon_core.verb:set package 'webots_sim' build argument 'cmake_clean_first' from command line to 'False'
[0.315s] Level 5:colcon.colcon_core.verb:set package 'webots_sim' build argument 'cmake_force_configure' from command line to 'False'
[0.315s] Level 5:colcon.colcon_core.verb:set package 'webots_sim' build argument 'ament_cmake_args' from command line to 'None'
[0.315s] Level 5:colcon.colcon_core.verb:set package 'webots_sim' build argument 'catkin_cmake_args' from command line to 'None'
[0.315s] Level 5:colcon.colcon_core.verb:set package 'webots_sim' build argument 'catkin_skip_building_tests' from command line to 'False'
[0.315s] DEBUG:colcon.colcon_core.verb:Building package 'webots_sim' with the following arguments: {'ament_cmake_args': None, 'build_base': '/home/jannen/Documents/git/Robotics-Simulators/build/webots_sim', 'catkin_cmake_args': None, 'catkin_skip_building_tests': False, 'cmake_args': None, 'cmake_clean_cache': False, 'cmake_clean_first': False, 'cmake_force_configure': False, 'cmake_target': None, 'cmake_target_skip_unavailable': False, 'install_base': '/home/jannen/Documents/git/Robotics-Simulators/install/webots_sim', 'merge_install': False, 'path': '/home/jannen/Documents/git/Robotics-Simulators/src/webots_sim', 'symlink_install': False, 'test_result_base': None}
[0.315s] INFO:colcon.colcon_core.executor:Executing jobs using 'parallel' executor
[0.316s] DEBUG:colcon.colcon_parallel_executor.executor.parallel:run_until_complete
[0.317s] INFO:colcon.colcon_ros.task.ament_python.build:Building ROS package in '/home/jannen/Documents/git/Robotics-Simulators/src/webots_sim' with build type 'ament_python'
[0.317s] Level 1:colcon.colcon_core.shell:create_environment_hook('webots_sim', 'ament_prefix_path')
[0.320s] INFO:colcon.colcon_core.plugin_system:Skipping extension 'colcon_core.shell.bat': Not used on non-Windows systems
[0.321s] INFO:colcon.colcon_core.shell:Creating environment hook '/home/jannen/Documents/git/Robotics-Simulators/install/webots_sim/share/webots_sim/hook/ament_prefix_path.ps1'
[0.322s] INFO:colcon.colcon_core.shell:Creating environment descriptor '/home/jannen/Documents/git/Robotics-Simulators/install/webots_sim/share/webots_sim/hook/ament_prefix_path.dsv'
[0.323s] INFO:colcon.colcon_core.shell:Creating environment hook '/home/jannen/Documents/git/Robotics-Simulators/install/webots_sim/share/webots_sim/hook/ament_prefix_path.sh'
[0.324s] INFO:colcon.colcon_core.shell:Skip shell extension 'powershell' for command environment: Not usable outside of PowerShell
[0.324s] DEBUG:colcon.colcon_core.shell:Skip shell extension 'dsv' for command environment
[0.640s] INFO:colcon.colcon_core.task.python.build:Building Python package in '/home/jannen/Documents/git/Robotics-Simulators/src/webots_sim'
[0.640s] INFO:colcon.colcon_core.shell:Skip shell extension 'powershell' for command environment: Not usable outside of PowerShell
[0.640s] DEBUG:colcon.colcon_core.shell:Skip shell extension 'dsv' for command environment
[1.182s] DEBUG:colcon.colcon_core.event_handler.log_command:Invoking command in '/home/jannen/Documents/git/Robotics-Simulators/src/webots_sim': PYTHONPATH=/home/jannen/Documents/git/Robotics-Simulators/build/webots_sim/prefix_override:/usr/lib/python3/dist-packages/colcon_core/task/python/colcon_distutils_commands:/home/jannen/Documents/git/Robotics-Simulators/install/webots_sim/lib/python3.10/site-packages:${PYTHONPATH} /usr/bin/python3 -W ignore:setup.py install is deprecated -W ignore:easy_install command is deprecated setup.py egg_info --egg-base ../../build/webots_sim build --build-base /home/jannen/Documents/git/Robotics-Simulators/build/webots_sim/build install --record /home/jannen/Documents/git/Robotics-Simulators/build/webots_sim/install.log --single-version-externally-managed install_data
[2.981s] DEBUG:colcon.colcon_core.event_handler.log_command:Invoked command in '/home/jannen/Documents/git/Robotics-Simulators/src/webots_sim' returned '0': PYTHONPATH=/home/jannen/Documents/git/Robotics-Simulators/build/webots_sim/prefix_override:/usr/lib/python3/dist-packages/colcon_core/task/python/colcon_distutils_commands:/home/jannen/Documents/git/Robotics-Simulators/install/webots_sim/lib/python3.10/site-packages:${PYTHONPATH} /usr/bin/python3 -W ignore:setup.py install is deprecated -W ignore:easy_install command is deprecated setup.py egg_info --egg-base ../../build/webots_sim build --build-base /home/jannen/Documents/git/Robotics-Simulators/build/webots_sim/build install --record /home/jannen/Documents/git/Robotics-Simulators/build/webots_sim/install.log --single-version-externally-managed install_data
[2.984s] Level 1:colcon.colcon_core.environment:checking '/home/jannen/Documents/git/Robotics-Simulators/install/webots_sim' for CMake module files
[2.985s] Level 1:colcon.colcon_core.environment:checking '/home/jannen/Documents/git/Robotics-Simulators/install/webots_sim' for CMake config files
[3.004s] Level 1:colcon.colcon_core.environment:checking '/home/jannen/Documents/git/Robotics-Simulators/install/webots_sim/lib'
[3.005s] Level 1:colcon.colcon_core.environment:checking '/home/jannen/Documents/git/Robotics-Simulators/install/webots_sim/bin'
[3.005s] Level 1:colcon.colcon_core.environment:checking '/home/jannen/Documents/git/Robotics-Simulators/install/webots_sim/lib/pkgconfig/webots_sim.pc'
[3.005s] Level 1:colcon.colcon_core.environment:checking '/home/jannen/Documents/git/Robotics-Simulators/install/webots_sim/lib/python3.10/site-packages'
[3.005s] Level 1:colcon.colcon_core.shell:create_environment_hook('webots_sim', 'pythonpath')
[3.006s] INFO:colcon.colcon_core.shell:Creating environment hook '/home/jannen/Documents/git/Robotics-Simulators/install/webots_sim/share/webots_sim/hook/pythonpath.ps1'
[3.006s] INFO:colcon.colcon_core.shell:Creating environment descriptor '/home/jannen/Documents/git/Robotics-Simulators/install/webots_sim/share/webots_sim/hook/pythonpath.dsv'
[3.007s] INFO:colcon.colcon_core.shell:Creating environment hook '/home/jannen/Documents/git/Robotics-Simulators/install/webots_sim/share/webots_sim/hook/pythonpath.sh'
[3.007s] Level 1:colcon.colcon_core.environment:checking '/home/jannen/Documents/git/Robotics-Simulators/install/webots_sim/bin'
[3.008s] Level 1:colcon.colcon_core.environment:create_environment_scripts_only(webots_sim)
[3.008s] INFO:colcon.colcon_core.shell:Creating package script '/home/jannen/Documents/git/Robotics-Simulators/install/webots_sim/share/webots_sim/package.ps1'
[3.009s] INFO:colcon.colcon_core.shell:Creating package descriptor '/home/jannen/Documents/git/Robotics-Simulators/install/webots_sim/share/webots_sim/package.dsv'
[3.010s] INFO:colcon.colcon_core.shell:Creating package script '/home/jannen/Documents/git/Robotics-Simulators/install/webots_sim/share/webots_sim/package.sh'
[3.010s] INFO:colcon.colcon_core.shell:Creating package script '/home/jannen/Documents/git/Robotics-Simulators/install/webots_sim/share/webots_sim/package.bash'
[3.011s] INFO:colcon.colcon_core.shell:Creating package script '/home/jannen/Documents/git/Robotics-Simulators/install/webots_sim/share/webots_sim/package.zsh'
[3.012s] Level 1:colcon.colcon_core.environment:create_file_with_runtime_dependencies(/home/jannen/Documents/git/Robotics-Simulators/install/webots_sim/share/colcon-core/packages/webots_sim)
[3.012s] DEBUG:colcon.colcon_parallel_executor.executor.parallel:closing loop
[3.013s] DEBUG:colcon.colcon_parallel_executor.executor.parallel:loop closed
[3.013s] DEBUG:colcon.colcon_parallel_executor.executor.parallel:run_until_complete finished with '0'
[3.013s] DEBUG:colcon.colcon_core.event_reactor:joining thread
[3.020s] INFO:colcon.colcon_core.plugin_system:Skipping extension 'colcon_notification.desktop_notification.terminal_notifier': Not used on non-Darwin systems
[3.020s] INFO:colcon.colcon_core.plugin_system:Skipping extension 'colcon_notification.desktop_notification.win32': Not used on non-Windows systems
[3.020s] INFO:colcon.colcon_notification.desktop_notification:Sending desktop notification using 'notify2'
[3.034s] DEBUG:colcon.colcon_core.event_reactor:joined thread
[3.034s] INFO:colcon.colcon_core.shell:Creating prefix script '/home/jannen/Documents/git/Robotics-Simulators/install/local_setup.ps1'
[3.035s] INFO:colcon.colcon_core.shell:Creating prefix util module '/home/jannen/Documents/git/Robotics-Simulators/install/_local_setup_util_ps1.py'
[3.037s] INFO:colcon.colcon_core.shell:Creating prefix chain script '/home/jannen/Documents/git/Robotics-Simulators/install/setup.ps1'
[3.038s] INFO:colcon.colcon_core.shell:Creating prefix script '/home/jannen/Documents/git/Robotics-Simulators/install/local_setup.sh'
[3.039s] INFO:colcon.colcon_core.shell:Creating prefix util module '/home/jannen/Documents/git/Robotics-Simulators/install/_local_setup_util_sh.py'
[3.039s] INFO:colcon.colcon_core.shell:Creating prefix chain script '/home/jannen/Documents/git/Robotics-Simulators/install/setup.sh'
[3.041s] INFO:colcon.colcon_core.shell:Creating prefix script '/home/jannen/Documents/git/Robotics-Simulators/install/local_setup.bash'
[3.041s] INFO:colcon.colcon_core.shell:Creating prefix chain script '/home/jannen/Documents/git/Robotics-Simulators/install/setup.bash'
[3.042s] INFO:colcon.colcon_core.shell:Creating prefix script '/home/jannen/Documents/git/Robotics-Simulators/install/local_setup.zsh'
[3.043s] INFO:colcon.colcon_core.shell:Creating prefix chain script '/home/jannen/Documents/git/Robotics-Simulators/install/setup.zsh'
