[0.007s] Invoking command in '/home/jannen/Documents/git/Robotics-Simulators/build/robile_gazebo': CMAKE_PREFIX_PATH=/opt/ros/humble /usr/bin/cmake /home/jannen/Documents/git/Robotics-Simulators/src/webots_sim -DAMENT_CMAKE_SYMLINK_INSTALL=1 -DCMAKE_INSTALL_PREFIX=/home/jannen/Documents/git/Robotics-Simulators/install/robile_gazebo
[0.062s] -- The C compiler identification is GNU 11.4.0
[0.110s] -- The CXX compiler identification is GNU 11.4.0
[0.115s] -- Detecting C compiler ABI info
[0.168s] -- Detecting C compiler ABI info - done
[0.172s] -- Check for working C compiler: /usr/bin/cc - skipped
[0.172s] -- Detecting C compile features
[0.172s] -- Detecting C compile features - done
[0.174s] -- Detecting CXX compiler ABI info
[0.232s] -- Detecting CXX compiler ABI info - done
[0.238s] -- Check for working CXX compiler: /usr/bin/c++ - skipped
[0.238s] -- Detecting CXX compile features
[0.238s] -- Detecting CXX compile features - done
[0.239s] -- Found ament_cmake: 1.3.11 (/opt/ros/humble/share/ament_cmake/cmake)
[0.485s] -- Found Python3: /usr/bin/python3 (found version "3.10.12") found components: Interpreter 
[0.525s] -- Override CMake install command with custom implementation using symlinks instead of copying resources
[0.541s] -- Found rclcpp: 16.0.12 (/opt/ros/humble/share/rclcpp/cmake)
[0.567s] -- Found rosidl_generator_c: 3.1.6 (/opt/ros/humble/share/rosidl_generator_c/cmake)
[0.569s] -- Found rosidl_adapter: 3.1.6 (/opt/ros/humble/share/rosidl_adapter/cmake)
[0.574s] -- Found rosidl_generator_cpp: 3.1.6 (/opt/ros/humble/share/rosidl_generator_cpp/cmake)
[0.580s] -- Using all available rosidl_typesupport_c: rosidl_typesupport_fastrtps_c;rosidl_typesupport_introspection_c
[0.589s] -- Using all available rosidl_typesupport_cpp: rosidl_typesupport_fastrtps_cpp;rosidl_typesupport_introspection_cpp
[0.613s] -- Found rmw_implementation_cmake: 6.1.2 (/opt/ros/humble/share/rmw_implementation_cmake/cmake)
[0.615s] -- Found rmw_fastrtps_cpp: 6.2.7 (/opt/ros/humble/share/rmw_fastrtps_cpp/cmake)
[0.677s] -- Found OpenSSL: /usr/lib/x86_64-linux-gnu/libcrypto.so (found version "3.0.2")  
[0.697s] -- Found FastRTPS: /opt/ros/humble/include  
[0.731s] -- Using RMW implementation 'rmw_fastrtps_cpp' as default
[0.736s] -- Looking for pthread.h
[0.793s] -- Looking for pthread.h - found
[0.793s] -- Performing Test CMAKE_HAVE_LIBC_PTHREAD
[0.848s] -- Performing Test CMAKE_HAVE_LIBC_PTHREAD - Success
[0.849s] -- Found Threads: TRUE  
[0.885s] [33mCMake Warning (dev) at /usr/share/cmake-3.22/Modules/FindPackageHandleStandardArgs.cmake:438 (message):
[0.885s]   The package name passed to `find_package_handle_standard_args` (PkgConfig)
[0.885s]   does not match the name of the calling package (gazebo).  This can lead to
[0.885s]   problems in calling code that expects `find_package` result variables
[0.885s]   (e.g., `_FOUND`) to follow a certain pattern.
[0.885s] Call Stack (most recent call first):
[0.885s]   /usr/share/cmake-3.22/Modules/FindPkgConfig.cmake:99 (find_package_handle_standard_args)
[0.885s]   /usr/lib/x86_64-linux-gnu/cmake/gazebo/gazebo-config.cmake:72 (include)
[0.885s]   CMakeLists.txt:16 (find_package)
[0.885s] This warning is for project developers.  Use -Wno-dev to suppress it.
[0.885s] [0m
[0.885s] -- Found PkgConfig: /usr/bin/pkg-config (found version "0.29.2") 
[0.886s] -- Checking for module 'bullet>=2.82'
[0.896s] --   Found bullet, version 3.05
[0.975s] -- Found fcl: /usr/include (found suitable version "0.7.0", minimum required is "0.5.0") 
[1.017s] -- Found assimp: /usr/include (found version "5.2.0") 
[1.030s] -- Found DART: /usr/include (Required is at least version "6.6") found components: dart 
[1.053s] -- Found Boost: /usr/lib/x86_64-linux-gnu/cmake/Boost-1.74.0/BoostConfig.cmake (found suitable version "1.74.0", minimum required is "1.40.0") found components: thread system filesystem program_options regex iostreams date_time 
[1.064s] -- Found Protobuf: /usr/lib/x86_64-linux-gnu/libprotobuf.so (found version "3.12.4") 
[1.066s] -- Looking for ignition-math6 -- found version 6.15.1
[1.070s] -- Searching for dependencies of ignition-math6
[1.071s] -- Looking for OGRE...
[1.071s] -- OGRE_PREFIX_WATCH changed.
[1.076s] -- Checking for module 'OGRE'
[1.087s] --   Found OGRE, version 1.9.0
[1.116s] -- Found Ogre Ghadamon (1.9.0)
[1.120s] -- Found OGRE: optimized;/usr/lib/x86_64-linux-gnu/libOgreMain.so;debug;/usr/lib/x86_64-linux-gnu/libOgreMain.so
[1.126s] -- Looking for OGRE_Paging...
[1.130s] -- Found OGRE_Paging: optimized;/usr/lib/x86_64-linux-gnu/libOgrePaging.so;debug;/usr/lib/x86_64-linux-gnu/libOgrePaging.so
[1.130s] -- Looking for OGRE_Terrain...
[1.133s] -- Found OGRE_Terrain: optimized;/usr/lib/x86_64-linux-gnu/libOgreTerrain.so;debug;/usr/lib/x86_64-linux-gnu/libOgreTerrain.so
[1.133s] -- Looking for OGRE_Property...
[1.136s] -- Found OGRE_Property: optimized;/usr/lib/x86_64-linux-gnu/libOgreProperty.so;debug;/usr/lib/x86_64-linux-gnu/libOgreProperty.so
[1.136s] -- Looking for OGRE_RTShaderSystem...
[1.139s] -- Found OGRE_RTShaderSystem: optimized;/usr/lib/x86_64-linux-gnu/libOgreRTShaderSystem.so;debug;/usr/lib/x86_64-linux-gnu/libOgreRTShaderSystem.so
[1.139s] -- Looking for OGRE_Volume...
[1.142s] -- Found OGRE_Volume: optimized;/usr/lib/x86_64-linux-gnu/libOgreVolume.so;debug;/usr/lib/x86_64-linux-gnu/libOgreVolume.so
[1.142s] -- Looking for OGRE_Overlay...
[1.145s] -- Found OGRE_Overlay: optimized;/usr/lib/x86_64-linux-gnu/libOgreOverlay.so;debug;/usr/lib/x86_64-linux-gnu/libOgreOverlay.so
[1.213s] -- Looking for ignition-math6 -- found version 6.15.1
[1.214s] -- Looking for ignition-transport8 -- found version 8.2.1
[1.215s] -- Searching for dependencies of ignition-transport8
[1.228s] -- Found Protobuf: /usr/lib/x86_64-linux-gnu/libprotobuf.so (found suitable version "3.12.4", minimum required is "3") 
[1.235s] -- Config-file not installed for ZeroMQ -- checking for pkg-config
[1.238s] -- Checking for module 'libzmq >= 4'
[1.249s] --   Found libzmq , version 4.3.4
[1.281s] -- Found ZeroMQ: TRUE (Required is at least version "4") 
[1.286s] -- Checking for module 'uuid'
[1.296s] --   Found uuid, version 2.37.2
[1.324s] -- Found UUID: TRUE  
[1.325s] -- Looking for ignition-msgs5 -- found version 5.8.1
[1.325s] -- Searching for dependencies of ignition-msgs5
[1.339s] -- Looking for ignition-math6 -- found version 6.15.1
[1.343s] -- Checking for module 'tinyxml2'
[1.355s] --   Found tinyxml2, version 9.0.0
[1.381s] -- Looking for ignition-msgs5 -- found version 5.8.1
[1.382s] -- Looking for ignition-common3 -- found version 3.14.0
[1.383s] -- Searching for dependencies of ignition-common3
[1.383s] -- Looking for dlfcn.h - found
[1.383s] -- Looking for libdl - found
[1.384s] -- Found DL: TRUE  
[1.392s] -- Found tinyobjloader: /usr/lib/x86_64-linux-gnu/cmake/tinyobjloader/tinyobjloader-config.cmake (found version "2.0.0") 
[1.392s] -- Searching for <ignition-common3> component [graphics]
[1.393s] -- Looking for ignition-common3-graphics -- found version 3.14.0
[1.393s] -- Searching for dependencies of ignition-common3-graphics
[1.394s] -- Looking for ignition-math6 -- found version 6.15.1
[1.395s] -- Looking for ignition-fuel_tools4 -- found version 4.4.0
[1.395s] -- Searching for dependencies of ignition-fuel_tools4
[1.457s] -- Found CURL: /usr/lib/x86_64-linux-gnu/libcurl.so (found version "7.81.0")  
[1.463s] -- Checking for module 'jsoncpp'
[1.475s] --   Found jsoncpp, version 1.9.5
[1.504s] -- Found JSONCPP: TRUE  
[1.508s] -- Checking for module 'libzip'
[1.516s] --   Found libzip, version 1.7.3
[1.547s] -- Found ZIP: TRUE  
[1.547s] -- Looking for ignition-common3 -- found version 3.14.0
[1.548s] -- Looking for ignition-math6 -- found version 6.15.1
[1.548s] -- Looking for ignition-msgs5 -- found version 5.8.1
[1.553s] -- Found gazebo_ros_pkgs: 3.9.0 (/opt/ros/humble/share/gazebo_ros_pkgs/cmake)
[1.555s] -- Found geometry_msgs: 4.8.0 (/opt/ros/humble/share/geometry_msgs/cmake)
[1.563s] -- Found nav_msgs: 4.8.0 (/opt/ros/humble/share/nav_msgs/cmake)
[1.573s] -- Found sensor_msgs: 4.8.0 (/opt/ros/humble/share/sensor_msgs/cmake)
[1.584s] -- Found tf2: 0.25.12 (/opt/ros/humble/share/tf2/cmake)
[1.639s] [31mCMake Error at /opt/ros/humble/share/ament_cmake_core/cmake/core/ament_package_xml.cmake:53 (message):
[1.639s]   ament_package_xml() package name 'robile_gazebo' in '/package.xml' does not
[1.639s]   match current PROJECT_NAME 'webots_sim'.  You must call project() with the
[1.639s]   same package name before.
[1.639s] Call Stack (most recent call first):
[1.639s]   /opt/ros/humble/share/ament_cmake_core/cmake/core/ament_package.cmake:63 (ament_package_xml)
[1.640s]   CMakeLists.txt:85 (ament_package)
[1.640s] 
[1.640s] [0m
[1.640s] -- Configuring incomplete, errors occurred!
[1.640s] See also "/home/jannen/Documents/git/Robotics-Simulators/build/robile_gazebo/CMakeFiles/CMakeOutput.log".
[1.650s] Invoked command in '/home/jannen/Documents/git/Robotics-Simulators/build/robile_gazebo' returned '1': CMAKE_PREFIX_PATH=/opt/ros/humble /usr/bin/cmake /home/jannen/Documents/git/Robotics-Simulators/src/webots_sim -DAMENT_CMAKE_SYMLINK_INSTALL=1 -DCMAKE_INSTALL_PREFIX=/home/jannen/Documents/git/Robotics-Simulators/install/robile_gazebo
