[0.007s] Invoking command in '/home/jannen/Documents/git/Robotics-Simulators/build/robile_gazebo': CMAKE_PREFIX_PATH=/opt/ros/humble /usr/bin/cmake /home/jannen/Documents/git/Robotics-Simulators/src/webots_sim -DAMENT_CMAKE_SYMLINK_INSTALL=1 -DCMAKE_INSTALL_PREFIX=/home/jannen/Documents/git/Robotics-Simulators/install/robile_gazebo
[0.047s] -- The C compiler identification is GNU 11.4.0
[0.083s] -- The CXX compiler identification is GNU 11.4.0
[0.087s] -- Detecting C compiler ABI info
[0.142s] -- Detecting C compiler ABI info - done
[0.147s] -- Check for working C compiler: /usr/bin/cc - skipped
[0.147s] -- Detecting C compile features
[0.147s] -- Detecting C compile features - done
[0.149s] -- Detecting CXX compiler ABI info
[0.206s] -- Detecting CXX compiler ABI info - done
[0.212s] -- Check for working CXX compiler: /usr/bin/c++ - skipped
[0.212s] -- Detecting CXX compile features
[0.213s] -- Detecting CXX compile features - done
[0.215s] -- Found ament_cmake: 1.3.11 (/opt/ros/humble/share/ament_cmake/cmake)
[0.458s] -- Found Python3: /usr/bin/python3 (found version "3.10.12") found components: Interpreter 
[0.506s] -- Override CMake install command with custom implementation using symlinks instead of copying resources
[0.522s] -- Found rclcpp: 16.0.12 (/opt/ros/humble/share/rclcpp/cmake)
[0.548s] -- Found rosidl_generator_c: 3.1.6 (/opt/ros/humble/share/rosidl_generator_c/cmake)
[0.552s] -- Found rosidl_adapter: 3.1.6 (/opt/ros/humble/share/rosidl_adapter/cmake)
[0.557s] -- Found rosidl_generator_cpp: 3.1.6 (/opt/ros/humble/share/rosidl_generator_cpp/cmake)
[0.564s] -- Using all available rosidl_typesupport_c: rosidl_typesupport_fastrtps_c;rosidl_typesupport_introspection_c
[0.574s] -- Using all available rosidl_typesupport_cpp: rosidl_typesupport_fastrtps_cpp;rosidl_typesupport_introspection_cpp
[0.602s] -- Found rmw_implementation_cmake: 6.1.2 (/opt/ros/humble/share/rmw_implementation_cmake/cmake)
[0.604s] -- Found rmw_fastrtps_cpp: 6.2.7 (/opt/ros/humble/share/rmw_fastrtps_cpp/cmake)
[0.667s] -- Found OpenSSL: /usr/lib/x86_64-linux-gnu/libcrypto.so (found version "3.0.2")  
[0.688s] -- Found FastRTPS: /opt/ros/humble/include  
[0.716s] -- Using RMW implementation 'rmw_fastrtps_cpp' as default
[0.720s] -- Looking for pthread.h
[0.771s] -- Looking for pthread.h - found
[0.772s] -- Performing Test CMAKE_HAVE_LIBC_PTHREAD
[0.826s] -- Performing Test CMAKE_HAVE_LIBC_PTHREAD - Success
[0.826s] -- Found Threads: TRUE  
[0.860s] [33mCMake Warning (dev) at /usr/share/cmake-3.22/Modules/FindPackageHandleStandardArgs.cmake:438 (message):
[0.860s]   The package name passed to `find_package_handle_standard_args` (PkgConfig)
[0.861s]   does not match the name of the calling package (gazebo).  This can lead to
[0.861s]   problems in calling code that expects `find_package` result variables
[0.861s]   (e.g., `_FOUND`) to follow a certain pattern.
[0.861s] Call Stack (most recent call first):
[0.861s]   /usr/share/cmake-3.22/Modules/FindPkgConfig.cmake:99 (find_package_handle_standard_args)
[0.861s]   /usr/lib/x86_64-linux-gnu/cmake/gazebo/gazebo-config.cmake:72 (include)
[0.861s]   CMakeLists.txt:16 (find_package)
[0.861s] This warning is for project developers.  Use -Wno-dev to suppress it.
[0.861s] [0m
[0.861s] -- Found PkgConfig: /usr/bin/pkg-config (found version "0.29.2") 
[0.861s] -- Checking for module 'bullet>=2.82'
[0.872s] --   Found bullet, version 3.05
[0.957s] -- Found fcl: /usr/include (found suitable version "0.7.0", minimum required is "0.5.0") 
[0.998s] -- Found assimp: /usr/include (found version "5.2.0") 
[1.013s] -- Found DART: /usr/include (Required is at least version "6.6") found components: dart 
[1.030s] -- Found Boost: /usr/lib/x86_64-linux-gnu/cmake/Boost-1.74.0/BoostConfig.cmake (found suitable version "1.74.0", minimum required is "1.40.0") found components: thread system filesystem program_options regex iostreams date_time 
[1.040s] -- Found Protobuf: /usr/lib/x86_64-linux-gnu/libprotobuf.so (found version "3.12.4") 
[1.043s] -- Looking for ignition-math6 -- found version 6.15.1
[1.047s] -- Searching for dependencies of ignition-math6
[1.048s] -- Looking for OGRE...
[1.048s] -- OGRE_PREFIX_WATCH changed.
[1.053s] -- Checking for module 'OGRE'
[1.064s] --   Found OGRE, version 1.9.0
[1.094s] -- Found Ogre Ghadamon (1.9.0)
[1.099s] -- Found OGRE: optimized;/usr/lib/x86_64-linux-gnu/libOgreMain.so;debug;/usr/lib/x86_64-linux-gnu/libOgreMain.so
[1.106s] -- Looking for OGRE_Paging...
[1.109s] -- Found OGRE_Paging: optimized;/usr/lib/x86_64-linux-gnu/libOgrePaging.so;debug;/usr/lib/x86_64-linux-gnu/libOgrePaging.so
[1.109s] -- Looking for OGRE_Terrain...
[1.112s] -- Found OGRE_Terrain: optimized;/usr/lib/x86_64-linux-gnu/libOgreTerrain.so;debug;/usr/lib/x86_64-linux-gnu/libOgreTerrain.so
[1.112s] -- Looking for OGRE_Property...
[1.115s] -- Found OGRE_Property: optimized;/usr/lib/x86_64-linux-gnu/libOgreProperty.so;debug;/usr/lib/x86_64-linux-gnu/libOgreProperty.so
[1.116s] -- Looking for OGRE_RTShaderSystem...
[1.118s] -- Found OGRE_RTShaderSystem: optimized;/usr/lib/x86_64-linux-gnu/libOgreRTShaderSystem.so;debug;/usr/lib/x86_64-linux-gnu/libOgreRTShaderSystem.so
[1.118s] -- Looking for OGRE_Volume...
[1.121s] -- Found OGRE_Volume: optimized;/usr/lib/x86_64-linux-gnu/libOgreVolume.so;debug;/usr/lib/x86_64-linux-gnu/libOgreVolume.so
[1.121s] -- Looking for OGRE_Overlay...
[1.124s] -- Found OGRE_Overlay: optimized;/usr/lib/x86_64-linux-gnu/libOgreOverlay.so;debug;/usr/lib/x86_64-linux-gnu/libOgreOverlay.so
[1.193s] -- Looking for ignition-math6 -- found version 6.15.1
[1.194s] -- Looking for ignition-transport8 -- found version 8.2.1
[1.194s] -- Searching for dependencies of ignition-transport8
[1.205s] -- Found Protobuf: /usr/lib/x86_64-linux-gnu/libprotobuf.so (found suitable version "3.12.4", minimum required is "3") 
[1.212s] -- Config-file not installed for ZeroMQ -- checking for pkg-config
[1.217s] -- Checking for module 'libzmq >= 4'
[1.227s] --   Found libzmq , version 4.3.4
[1.259s] -- Found ZeroMQ: TRUE (Required is at least version "4") 
[1.263s] -- Checking for module 'uuid'
[1.273s] --   Found uuid, version 2.37.2
[1.301s] -- Found UUID: TRUE  
[1.302s] -- Looking for ignition-msgs5 -- found version 5.8.1
[1.303s] -- Searching for dependencies of ignition-msgs5
[1.315s] -- Looking for ignition-math6 -- found version 6.15.1
[1.318s] -- Checking for module 'tinyxml2'
[1.329s] --   Found tinyxml2, version 9.0.0
[1.355s] -- Looking for ignition-msgs5 -- found version 5.8.1
[1.356s] -- Looking for ignition-common3 -- found version 3.14.0
[1.357s] -- Searching for dependencies of ignition-common3
[1.357s] -- Looking for dlfcn.h - found
[1.358s] -- Looking for libdl - found
[1.358s] -- Found DL: TRUE  
[1.370s] -- Found tinyobjloader: /usr/lib/x86_64-linux-gnu/cmake/tinyobjloader/tinyobjloader-config.cmake (found version "2.0.0") 
[1.370s] -- Searching for <ignition-common3> component [graphics]
[1.372s] -- Looking for ignition-common3-graphics -- found version 3.14.0
[1.373s] -- Searching for dependencies of ignition-common3-graphics
[1.373s] -- Looking for ignition-math6 -- found version 6.15.1
[1.376s] -- Looking for ignition-fuel_tools4 -- found version 4.4.0
[1.376s] -- Searching for dependencies of ignition-fuel_tools4
[1.443s] -- Found CURL: /usr/lib/x86_64-linux-gnu/libcurl.so (found version "7.81.0")  
[1.450s] -- Checking for module 'jsoncpp'
[1.460s] --   Found jsoncpp, version 1.9.5
[1.486s] -- Found JSONCPP: TRUE  
[1.490s] -- Checking for module 'libzip'
[1.501s] --   Found libzip, version 1.7.3
[1.529s] -- Found ZIP: TRUE  
[1.530s] -- Looking for ignition-common3 -- found version 3.14.0
[1.530s] -- Looking for ignition-math6 -- found version 6.15.1
[1.530s] -- Looking for ignition-msgs5 -- found version 5.8.1
[1.533s] -- Found gazebo_ros_pkgs: 3.9.0 (/opt/ros/humble/share/gazebo_ros_pkgs/cmake)
[1.534s] -- Found geometry_msgs: 4.8.0 (/opt/ros/humble/share/geometry_msgs/cmake)
[1.543s] -- Found nav_msgs: 4.8.0 (/opt/ros/humble/share/nav_msgs/cmake)
[1.554s] -- Found sensor_msgs: 4.8.0 (/opt/ros/humble/share/sensor_msgs/cmake)
[1.565s] -- Found tf2: 0.25.12 (/opt/ros/humble/share/tf2/cmake)
[1.627s] [31mCMake Error at /opt/ros/humble/share/ament_cmake_core/cmake/core/ament_package_xml.cmake:53 (message):
[1.627s]   ament_package_xml() package name 'robile_gazebo' in '/package.xml' does not
[1.627s]   match current PROJECT_NAME 'webots_robot'.  You must call project() with
[1.627s]   the same package name before.
[1.627s] Call Stack (most recent call first):
[1.627s]   /opt/ros/humble/share/ament_cmake_core/cmake/core/ament_package.cmake:63 (ament_package_xml)
[1.627s]   CMakeLists.txt:85 (ament_package)
[1.627s] 
[1.627s] [0m
[1.627s] -- Configuring incomplete, errors occurred!
[1.627s] See also "/home/jannen/Documents/git/Robotics-Simulators/build/robile_gazebo/CMakeFiles/CMakeOutput.log".
[1.637s] Invoked command in '/home/jannen/Documents/git/Robotics-Simulators/build/robile_gazebo' returned '1': CMAKE_PREFIX_PATH=/opt/ros/humble /usr/bin/cmake /home/jannen/Documents/git/Robotics-Simulators/src/webots_sim -DAMENT_CMAKE_SYMLINK_INSTALL=1 -DCMAKE_INSTALL_PREFIX=/home/jannen/Documents/git/Robotics-Simulators/install/robile_gazebo
