running egg_info
writing ../../build/webots_sim/webots_sim.egg-info/PKG-INFO
writing dependency_links to ../../build/webots_sim/webots_sim.egg-info/dependency_links.txt
writing entry points to ../../build/webots_sim/webots_sim.egg-info/entry_points.txt
writing requirements to ../../build/webots_sim/webots_sim.egg-info/requires.txt
writing top-level names to ../../build/webots_sim/webots_sim.egg-info/top_level.txt
reading manifest file '../../build/webots_sim/webots_sim.egg-info/SOURCES.txt'
writing manifest file '../../build/webots_sim/webots_sim.egg-info/SOURCES.txt'
running build
running build_py
running install
running install_lib
running install_data
copying launch/rosbot.launch.py -> /home/shafi/assignments/Robotics-Simulators/install/webots_sim/share/webots_sim/launch
copying controllers/rosbot_controller/rosbot_controller.py -> /home/shafi/assignments/Robotics-Simulators/install/webots_sim/share/webots_sim/controllers/rosbot_controller
running install_egg_info
removing '/home/shafi/assignments/Robotics-Simulators/install/webots_sim/lib/python3.10/site-packages/webots_sim-0.0.1-py3.10.egg-info' (and everything under it)
Copying ../../build/webots_sim/webots_sim.egg-info to /home/shafi/assignments/Robotics-Simulators/install/webots_sim/lib/python3.10/site-packages/webots_sim-0.0.1-py3.10.egg-info
running install_scripts
Installing planner script to /home/shafi/assignments/Robotics-Simulators/install/webots_sim/lib/webots_sim
Installing state_machine script to /home/shafi/assignments/Robotics-Simulators/install/webots_sim/lib/webots_sim
writing list of installed files to '/home/shafi/assignments/Robotics-Simulators/build/webots_sim/install.log'
