[0.814s] Invoking command in '/home/shafi/assignments/Robotics-Simulators/src/webots_sim': PYTHONPATH=/home/shafi/assignments/Robotics-Simulators/build/webots_sim/prefix_override:/usr/lib/python3/dist-packages/colcon_core/task/python/colcon_distutils_commands:/home/shafi/assignments/Robotics-Simulators/install/webots_sim/lib/python3.10/site-packages:${PYTHONPATH} /usr/bin/python3 -W ignore:setup.py install is deprecated -W ignore:easy_install command is deprecated setup.py egg_info --egg-base ../../build/webots_sim build --build-base /home/shafi/assignments/Robotics-Simulators/build/webots_sim/build install --record /home/shafi/assignments/Robotics-Simulators/build/webots_sim/install.log --single-version-externally-managed install_data
[1.101s] running egg_info
[1.102s] writing ../../build/webots_sim/webots_sim.egg-info/PKG-INFO
[1.102s] writing dependency_links to ../../build/webots_sim/webots_sim.egg-info/dependency_links.txt
[1.102s] writing entry points to ../../build/webots_sim/webots_sim.egg-info/entry_points.txt
[1.102s] writing requirements to ../../build/webots_sim/webots_sim.egg-info/requires.txt
[1.103s] writing top-level names to ../../build/webots_sim/webots_sim.egg-info/top_level.txt
[1.121s] reading manifest file '../../build/webots_sim/webots_sim.egg-info/SOURCES.txt'
[1.174s] writing manifest file '../../build/webots_sim/webots_sim.egg-info/SOURCES.txt'
[1.175s] running build
[1.175s] running build_py
[1.175s] running install
[1.176s] running install_lib
[1.177s] running install_data
[1.275s] copying launch/rosbot.launch.py -> /home/shafi/assignments/Robotics-Simulators/install/webots_sim/share/webots_sim/launch
[1.275s] copying controllers/rosbot_controller/rosbot_controller.py -> /home/shafi/assignments/Robotics-Simulators/install/webots_sim/share/webots_sim/controllers/rosbot_controller
[1.275s] running install_egg_info
[1.278s] removing '/home/shafi/assignments/Robotics-Simulators/install/webots_sim/lib/python3.10/site-packages/webots_sim-0.0.1-py3.10.egg-info' (and everything under it)
[1.278s] Copying ../../build/webots_sim/webots_sim.egg-info to /home/shafi/assignments/Robotics-Simulators/install/webots_sim/lib/python3.10/site-packages/webots_sim-0.0.1-py3.10.egg-info
[1.279s] running install_scripts
[1.300s] Installing planner script to /home/shafi/assignments/Robotics-Simulators/install/webots_sim/lib/webots_sim
[1.301s] Installing state_machine script to /home/shafi/assignments/Robotics-Simulators/install/webots_sim/lib/webots_sim
[1.344s] writing list of installed files to '/home/shafi/assignments/Robotics-Simulators/build/webots_sim/install.log'
[1.378s] Invoked command in '/home/shafi/assignments/Robotics-Simulators/src/webots_sim' returned '0': PYTHONPATH=/home/shafi/assignments/Robotics-Simulators/build/webots_sim/prefix_override:/usr/lib/python3/dist-packages/colcon_core/task/python/colcon_distutils_commands:/home/shafi/assignments/Robotics-Simulators/install/webots_sim/lib/python3.10/site-packages:${PYTHONPATH} /usr/bin/python3 -W ignore:setup.py install is deprecated -W ignore:easy_install command is deprecated setup.py egg_info --egg-base ../../build/webots_sim build --build-base /home/shafi/assignments/Robotics-Simulators/build/webots_sim/build install --record /home/shafi/assignments/Robotics-Simulators/build/webots_sim/install.log --single-version-externally-managed install_data
