[0.006s] Invoking command in '/home/jannen/Documents/git/Robotics-Simulators/build/webots_sim': CMAKE_PREFIX_PATH=${CMAKE_PREFIX_PATH}:/opt/ros/humble /usr/bin/cmake /home/jannen/Documents/git/Robotics-Simulators/src/webots_sim -DCMAKE_INSTALL_PREFIX=/home/jannen/Documents/git/Robotics-Simulators/install/webots_sim
[0.047s] -- The C compiler identification is GNU 11.4.0
[0.090s] -- The CXX compiler identification is GNU 11.4.0
[0.096s] -- Detecting C compiler ABI info
[0.146s] -- Detecting C compiler ABI info - done
[0.150s] -- Check for working C compiler: /usr/bin/cc - skipped
[0.151s] -- Detecting C compile features
[0.151s] -- Detecting C compile features - done
[0.152s] -- Detecting CXX compiler ABI info
[0.210s] -- Detecting CXX compiler ABI info - done
[0.215s] -- Check for working CXX compiler: /usr/bin/c++ - skipped
[0.215s] -- Detecting CXX compile features
[0.215s] -- Detecting CXX compile features - done
[0.217s] -- Found ament_cmake: 1.3.11 (/opt/ros/humble/share/ament_cmake/cmake)
[0.456s] -- Found Python3: /usr/bin/python3 (found version "3.10.12") found components: Interpreter 
[0.512s] -- Found rclcpp: 16.0.12 (/opt/ros/humble/share/rclcpp/cmake)
[0.537s] -- Found rosidl_generator_c: 3.1.6 (/opt/ros/humble/share/rosidl_generator_c/cmake)
[0.540s] -- Found rosidl_adapter: 3.1.6 (/opt/ros/humble/share/rosidl_adapter/cmake)
[0.544s] -- Found rosidl_generator_cpp: 3.1.6 (/opt/ros/humble/share/rosidl_generator_cpp/cmake)
[0.551s] -- Using all available rosidl_typesupport_c: rosidl_typesupport_fastrtps_c;rosidl_typesupport_introspection_c
[0.559s] -- Using all available rosidl_typesupport_cpp: rosidl_typesupport_fastrtps_cpp;rosidl_typesupport_introspection_cpp
[0.583s] -- Found rmw_implementation_cmake: 6.1.2 (/opt/ros/humble/share/rmw_implementation_cmake/cmake)
[0.585s] -- Found rmw_fastrtps_cpp: 6.2.7 (/opt/ros/humble/share/rmw_fastrtps_cpp/cmake)
[0.648s] -- Found OpenSSL: /usr/lib/x86_64-linux-gnu/libcrypto.so (found version "3.0.2")  
[0.668s] -- Found FastRTPS: /opt/ros/humble/include  
[0.701s] -- Using RMW implementation 'rmw_fastrtps_cpp' as default
[0.706s] -- Looking for pthread.h
[0.759s] -- Looking for pthread.h - found
[0.760s] -- Performing Test CMAKE_HAVE_LIBC_PTHREAD
[0.817s] -- Performing Test CMAKE_HAVE_LIBC_PTHREAD - Success
[0.818s] -- Found Threads: TRUE  
[0.857s] -- Found PkgConfig: /usr/bin/pkg-config (found version "0.29.2") 
[0.858s] -- Checking for module 'bullet>=2.82'
[0.868s] --   Found bullet, version 3.05
[0.958s] -- Found fcl: /usr/include (found suitable version "0.7.0", minimum required is "0.5.0") 
[1.004s] -- Found assimp: /usr/include (found version "5.2.0") 
[1.015s] -- Found DART: /usr/include (Required is at least version "6.6") found components: dart 
[1.038s] -- Found Boost: /usr/lib/x86_64-linux-gnu/cmake/Boost-1.74.0/BoostConfig.cmake (found suitable version "1.74.0", minimum required is "1.40.0") found components: thread system filesystem program_options regex iostreams date_time 
[1.048s] -- Found Protobuf: /usr/lib/x86_64-linux-gnu/libprotobuf.so (found version "3.12.4") 
[1.051s] -- Looking for ignition-math6 -- found version 6.15.1
[1.055s] -- Searching for dependencies of ignition-math6
[1.056s] -- Looking for OGRE...
[1.056s] -- OGRE_PREFIX_WATCH changed.
[1.059s] -- Checking for module 'OGRE'
[1.071s] --   Found OGRE, version 1.9.0
[1.103s] -- Found Ogre Ghadamon (1.9.0)
[1.107s] -- Found OGRE: optimized;/usr/lib/x86_64-linux-gnu/libOgreMain.so;debug;/usr/lib/x86_64-linux-gnu/libOgreMain.so
[1.113s] -- Looking for OGRE_Paging...
[1.116s] -- Found OGRE_Paging: optimized;/usr/lib/x86_64-linux-gnu/libOgrePaging.so;debug;/usr/lib/x86_64-linux-gnu/libOgrePaging.so
[1.117s] -- Looking for OGRE_Terrain...
[1.120s] -- Found OGRE_Terrain: optimized;/usr/lib/x86_64-linux-gnu/libOgreTerrain.so;debug;/usr/lib/x86_64-linux-gnu/libOgreTerrain.so
[1.120s] -- Looking for OGRE_Property...
[1.123s] -- Found OGRE_Property: optimized;/usr/lib/x86_64-linux-gnu/libOgreProperty.so;debug;/usr/lib/x86_64-linux-gnu/libOgreProperty.so
[1.123s] -- Looking for OGRE_RTShaderSystem...
[1.126s] -- Found OGRE_RTShaderSystem: optimized;/usr/lib/x86_64-linux-gnu/libOgreRTShaderSystem.so;debug;/usr/lib/x86_64-linux-gnu/libOgreRTShaderSystem.so
[1.126s] -- Looking for OGRE_Volume...
[1.130s] -- Found OGRE_Volume: optimized;/usr/lib/x86_64-linux-gnu/libOgreVolume.so;debug;/usr/lib/x86_64-linux-gnu/libOgreVolume.so
[1.130s] -- Looking for OGRE_Overlay...
[1.133s] -- Found OGRE_Overlay: optimized;/usr/lib/x86_64-linux-gnu/libOgreOverlay.so;debug;/usr/lib/x86_64-linux-gnu/libOgreOverlay.so
[1.201s] -- Looking for ignition-math6 -- found version 6.15.1
[1.203s] -- Looking for ignition-transport8 -- found version 8.2.1
[1.203s] -- Searching for dependencies of ignition-transport8
[1.214s] -- Found Protobuf: /usr/lib/x86_64-linux-gnu/libprotobuf.so (found suitable version "3.12.4", minimum required is "3") 
[1.220s] -- Config-file not installed for ZeroMQ -- checking for pkg-config
[1.224s] -- Checking for module 'libzmq >= 4'
[1.235s] --   Found libzmq , version 4.3.4
[1.269s] -- Found ZeroMQ: TRUE (Required is at least version "4") 
[1.275s] -- Checking for module 'uuid'
[1.285s] --   Found uuid, version 2.37.2
[1.314s] -- Found UUID: TRUE  
[1.315s] -- Looking for ignition-msgs5 -- found version 5.8.1
[1.315s] -- Searching for dependencies of ignition-msgs5
[1.330s] -- Looking for ignition-math6 -- found version 6.15.1
[1.334s] -- Checking for module 'tinyxml2'
[1.345s] --   Found tinyxml2, version 9.0.0
[1.374s] -- Looking for ignition-msgs5 -- found version 5.8.1
[1.375s] -- Looking for ignition-common3 -- found version 3.14.0
[1.375s] -- Searching for dependencies of ignition-common3
[1.375s] -- Looking for dlfcn.h - found
[1.376s] -- Looking for libdl - found
[1.377s] -- Found DL: TRUE  
[1.384s] -- Found tinyobjloader: /usr/lib/x86_64-linux-gnu/cmake/tinyobjloader/tinyobjloader-config.cmake (found version "2.0.0") 
[1.384s] -- Searching for <ignition-common3> component [graphics]
[1.386s] -- Looking for ignition-common3-graphics -- found version 3.14.0
[1.386s] -- Searching for dependencies of ignition-common3-graphics
[1.386s] -- Looking for ignition-math6 -- found version 6.15.1
[1.388s] -- Looking for ignition-fuel_tools4 -- found version 4.4.0
[1.388s] -- Searching for dependencies of ignition-fuel_tools4
[1.453s] -- Found CURL: /usr/lib/x86_64-linux-gnu/libcurl.so (found version "7.81.0")  
[1.459s] -- Checking for module 'jsoncpp'
[1.469s] --   Found jsoncpp, version 1.9.5
[1.501s] -- Found JSONCPP: TRUE  
[1.505s] -- Checking for module 'libzip'
[1.515s] --   Found libzip, version 1.7.3
[1.547s] -- Found ZIP: TRUE  
[1.547s] -- Looking for ignition-common3 -- found version 3.14.0
[1.548s] -- Looking for ignition-math6 -- found version 6.15.1
[1.548s] -- Looking for ignition-msgs5 -- found version 5.8.1
[1.552s] -- Found gazebo_ros_pkgs: 3.9.0 (/opt/ros/humble/share/gazebo_ros_pkgs/cmake)
[1.552s] -- Found geometry_msgs: 4.8.0 (/opt/ros/humble/share/geometry_msgs/cmake)
[1.561s] -- Found nav_msgs: 4.8.0 (/opt/ros/humble/share/nav_msgs/cmake)
[1.572s] -- Found sensor_msgs: 4.8.0 (/opt/ros/humble/share/sensor_msgs/cmake)
[1.583s] -- Found tf2: 0.25.12 (/opt/ros/humble/share/tf2/cmake)
[1.645s] -- Configuring done
[1.648s] -- Generating done
[1.650s] -- Build files have been written to: /home/jannen/Documents/git/Robotics-Simulators/build/webots_sim
[1.660s] Invoked command in '/home/jannen/Documents/git/Robotics-Simulators/build/webots_sim' returned '0': CMAKE_PREFIX_PATH=${CMAKE_PREFIX_PATH}:/opt/ros/humble /usr/bin/cmake /home/jannen/Documents/git/Robotics-Simulators/src/webots_sim -DCMAKE_INSTALL_PREFIX=/home/jannen/Documents/git/Robotics-Simulators/install/webots_sim
[1.662s] Invoking command in '/home/jannen/Documents/git/Robotics-Simulators/build/webots_sim': CMAKE_PREFIX_PATH=${CMAKE_PREFIX_PATH}:/opt/ros/humble /usr/bin/cmake --build /home/jannen/Documents/git/Robotics-Simulators/build/webots_sim -- -j22 -l22
[1.696s] Invoked command in '/home/jannen/Documents/git/Robotics-Simulators/build/webots_sim' returned '0': CMAKE_PREFIX_PATH=${CMAKE_PREFIX_PATH}:/opt/ros/humble /usr/bin/cmake --build /home/jannen/Documents/git/Robotics-Simulators/build/webots_sim -- -j22 -l22
[1.703s] Invoking command in '/home/jannen/Documents/git/Robotics-Simulators/build/webots_sim': CMAKE_PREFIX_PATH=${CMAKE_PREFIX_PATH}:/opt/ros/humble /usr/bin/cmake --install /home/jannen/Documents/git/Robotics-Simulators/build/webots_sim
[1.709s] -- Install configuration: ""
[1.709s] -- Installing: /home/jannen/Documents/git/Robotics-Simulators/install/webots_sim/lib/webots_sim/robile_controller.py
[1.709s] -- Installing: /home/jannen/Documents/git/Robotics-Simulators/install/webots_sim/share/webots_sim//config
[1.709s] -- Installing: /home/jannen/Documents/git/Robotics-Simulators/install/webots_sim/share/webots_sim//config/rviz
[1.709s] -- Installing: /home/jannen/Documents/git/Robotics-Simulators/install/webots_sim/share/webots_sim//config/rviz/robile_rolling.rviz
[1.709s] -- Installing: /home/jannen/Documents/git/Robotics-Simulators/install/webots_sim/share/webots_sim//config/rviz/robile.rviz
[1.709s] -- Installing: /home/jannen/Documents/git/Robotics-Simulators/install/webots_sim/share/webots_sim//config/rviz/robile_foxy_nav.rviz
[1.709s] -- Installing: /home/jannen/Documents/git/Robotics-Simulators/install/webots_sim/share/webots_sim//config/doxygen
[1.709s] -- Installing: /home/jannen/Documents/git/Robotics-Simulators/install/webots_sim/share/webots_sim//config/doxygen/Doxyfile.in
[1.710s] -- Installing: /home/jannen/Documents/git/Robotics-Simulators/install/webots_sim/share/webots_sim//launch
[1.710s] -- Installing: /home/jannen/Documents/git/Robotics-Simulators/install/webots_sim/share/webots_sim//launch/robile.launch.py
[1.710s] -- Installing: /home/jannen/Documents/git/Robotics-Simulators/install/webots_sim/share/webots_sim//launch/gazebo_4_wheel.launch.py
[1.710s] -- Installing: /home/jannen/Documents/git/Robotics-Simulators/install/webots_sim/share/webots_sim//launch/webots_robile_launch.py
[1.710s] -- Installing: /home/jannen/Documents/git/Robotics-Simulators/install/webots_sim/share/webots_sim//worlds
[1.710s] -- Installing: /home/jannen/Documents/git/Robotics-Simulators/install/webots_sim/share/webots_sim//worlds/potential_field_gazebo.world
[1.710s] -- Installing: /home/jannen/Documents/git/Robotics-Simulators/install/webots_sim/share/webots_sim//worlds/closed_walls.world
[1.710s] -- Installing: /home/jannen/Documents/git/Robotics-Simulators/install/webots_sim/share/webots_sim//worlds/meshes
[1.710s] -- Installing: /home/jannen/Documents/git/Robotics-Simulators/install/webots_sim/share/webots_sim//worlds/meshes/robile_brick_housing
[1.710s] -- Installing: /home/jannen/Documents/git/Robotics-Simulators/install/webots_sim/share/webots_sim//worlds/meshes/robile_brick_housing/lid_cover_green.dae
[1.710s] -- Installing: /home/jannen/Documents/git/Robotics-Simulators/install/webots_sim/share/webots_sim//worlds/meshes/robile_brick_housing/wheeled_brick_housing.dae
[1.710s] -- Installing: /home/jannen/Documents/git/Robotics-Simulators/install/webots_sim/share/webots_sim//worlds/meshes/robile_brick_housing/lid_cover_red.dae
[1.710s] -- Installing: /home/jannen/Documents/git/Robotics-Simulators/install/webots_sim/share/webots_sim//worlds/meshes/robile_brick_housing/lid.dae
[1.710s] -- Installing: /home/jannen/Documents/git/Robotics-Simulators/install/webots_sim/share/webots_sim//worlds/meshes/robile_brick_housing/lid_cover_yellow.dae
[1.710s] -- Installing: /home/jannen/Documents/git/Robotics-Simulators/install/webots_sim/share/webots_sim//worlds/meshes/robile_brick_housing/lid_cover_blue.dae
[1.710s] -- Installing: /home/jannen/Documents/git/Robotics-Simulators/install/webots_sim/share/webots_sim//worlds/meshes/robile_brick_housing/general_brick_housing.dae
[1.711s] -- Installing: /home/jannen/Documents/git/Robotics-Simulators/install/webots_sim/share/webots_sim//worlds/meshes/passive_caster_wheel
[1.711s] -- Installing: /home/jannen/Documents/git/Robotics-Simulators/install/webots_sim/share/webots_sim//worlds/meshes/passive_caster_wheel/pivot.dae
[1.711s] -- Installing: /home/jannen/Documents/git/Robotics-Simulators/install/webots_sim/share/webots_sim//worlds/meshes/passive_caster_wheel/wheel.dae
[1.711s] -- Installing: /home/jannen/Documents/git/Robotics-Simulators/install/webots_sim/share/webots_sim//worlds/meshes/sensors
[1.712s] -- Installing: /home/jannen/Documents/git/Robotics-Simulators/install/webots_sim/share/webots_sim//worlds/meshes/sensors/sick-lms1xx.dae
[1.712s] -- Installing: /home/jannen/Documents/git/Robotics-Simulators/install/webots_sim/share/webots_sim//worlds/meshes/sensors/hokuyo_convex.dae
[1.712s] -- Installing: /home/jannen/Documents/git/Robotics-Simulators/install/webots_sim/share/webots_sim//worlds/meshes/sensors/hokuyo.dae
[1.712s] -- Installing: /home/jannen/Documents/git/Robotics-Simulators/install/webots_sim/share/webots_sim//worlds/meshes/kelo_drive
[1.712s] -- Installing: /home/jannen/Documents/git/Robotics-Simulators/install/webots_sim/share/webots_sim//worlds/meshes/kelo_drive/kelo_drive_base.dae
[1.712s] -- Installing: /home/jannen/Documents/git/Robotics-Simulators/install/webots_sim/share/webots_sim//worlds/meshes/kelo_drive/kelo_drive_wheel.dae
[1.712s] -- Installing: /home/jannen/Documents/git/Robotics-Simulators/install/webots_sim/share/webots_sim//worlds/.robile_world.jpg
[1.712s] -- Installing: /home/jannen/Documents/git/Robotics-Simulators/install/webots_sim/share/webots_sim//worlds/robile_world.wbt
[1.712s] -- Installing: /home/jannen/Documents/git/Robotics-Simulators/install/webots_sim/share/webots_sim//worlds/null_world.wbt
[1.712s] -- Installing: /home/jannen/Documents/git/Robotics-Simulators/install/webots_sim/share/webots_sim//worlds/.null_world.jpg
[1.712s] -- Installing: /home/jannen/Documents/git/Robotics-Simulators/install/webots_sim/share/webots_sim//worlds/.null_world.wbproj
[1.712s] -- Installing: /home/jannen/Documents/git/Robotics-Simulators/install/webots_sim/share/webots_sim//protos
[1.712s] -- Installing: /home/jannen/Documents/git/Robotics-Simulators/install/webots_sim/share/webots_sim//protos/Robile.proto
[1.712s] -- Installing: /home/jannen/Documents/git/Robotics-Simulators/install/webots_sim/share/webots_sim//protos/meshes
[1.712s] -- Installing: /home/jannen/Documents/git/Robotics-Simulators/install/webots_sim/share/webots_sim//protos/meshes/cover.obj
[1.712s] -- Installing: /home/jannen/Documents/git/Robotics-Simulators/install/webots_sim/share/webots_sim//protos/meshes/black_ports.obj
[1.712s] -- Installing: /home/jannen/Documents/git/Robotics-Simulators/install/webots_sim/share/webots_sim//protos/meshes/proximity_sensors.obj
[1.713s] -- Installing: /home/jannen/Documents/git/Robotics-Simulators/install/webots_sim/share/webots_sim//protos/meshes/metallic_connections.obj
[1.713s] -- Installing: /home/jannen/Documents/git/Robotics-Simulators/install/webots_sim/share/webots_sim//protos/meshes/wheel_tire.obj
[1.713s] -- Installing: /home/jannen/Documents/git/Robotics-Simulators/install/webots_sim/share/webots_sim//protos/meshes/screw.obj
[1.713s] -- Installing: /home/jannen/Documents/git/Robotics-Simulators/install/webots_sim/share/webots_sim//protos/meshes/wheel_rim.obj
[1.713s] -- Installing: /home/jannen/Documents/git/Robotics-Simulators/install/webots_sim/share/webots_sim//protos/meshes/body.obj
[1.713s] -- Installing: /home/jannen/Documents/git/Robotics-Simulators/install/webots_sim/share/webots_sim//protos/Rosbot.proto
[1.714s] -- Installing: /home/jannen/Documents/git/Robotics-Simulators/install/webots_sim/share/ament_index/resource_index/package_run_dependencies/webots_sim
[1.714s] -- Installing: /home/jannen/Documents/git/Robotics-Simulators/install/webots_sim/share/ament_index/resource_index/parent_prefix_path/webots_sim
[1.714s] -- Installing: /home/jannen/Documents/git/Robotics-Simulators/install/webots_sim/share/webots_sim/environment/ament_prefix_path.sh
[1.714s] -- Installing: /home/jannen/Documents/git/Robotics-Simulators/install/webots_sim/share/webots_sim/environment/ament_prefix_path.dsv
[1.714s] -- Installing: /home/jannen/Documents/git/Robotics-Simulators/install/webots_sim/share/webots_sim/environment/path.sh
[1.714s] -- Installing: /home/jannen/Documents/git/Robotics-Simulators/install/webots_sim/share/webots_sim/environment/path.dsv
[1.714s] -- Installing: /home/jannen/Documents/git/Robotics-Simulators/install/webots_sim/share/webots_sim/local_setup.bash
[1.714s] -- Installing: /home/jannen/Documents/git/Robotics-Simulators/install/webots_sim/share/webots_sim/local_setup.sh
[1.714s] -- Installing: /home/jannen/Documents/git/Robotics-Simulators/install/webots_sim/share/webots_sim/local_setup.zsh
[1.714s] -- Installing: /home/jannen/Documents/git/Robotics-Simulators/install/webots_sim/share/webots_sim/local_setup.dsv
[1.714s] -- Installing: /home/jannen/Documents/git/Robotics-Simulators/install/webots_sim/share/webots_sim/package.dsv
[1.714s] -- Installing: /home/jannen/Documents/git/Robotics-Simulators/install/webots_sim/share/ament_index/resource_index/packages/webots_sim
[1.714s] -- Installing: /home/jannen/Documents/git/Robotics-Simulators/install/webots_sim/share/webots_sim/cmake/ament_cmake_export_include_directories-extras.cmake
[1.714s] -- Installing: /home/jannen/Documents/git/Robotics-Simulators/install/webots_sim/share/webots_sim/cmake/webots_simConfig.cmake
[1.714s] -- Installing: /home/jannen/Documents/git/Robotics-Simulators/install/webots_sim/share/webots_sim/cmake/webots_simConfig-version.cmake
[1.714s] -- Installing: /home/jannen/Documents/git/Robotics-Simulators/install/webots_sim/share/webots_sim/package.xml
[1.716s] Invoked command in '/home/jannen/Documents/git/Robotics-Simulators/build/webots_sim' returned '0': CMAKE_PREFIX_PATH=${CMAKE_PREFIX_PATH}:/opt/ros/humble /usr/bin/cmake --install /home/jannen/Documents/git/Robotics-Simulators/build/webots_sim
